__main__: None -> <PyScript '__main__' C:\Panda3D-1.9.0\python\lib\site-packages\PyInstaller\loader\_pyi_bootstrap.py imports=[('sys', 0, 0, -1), ('os', 0, 0, -1), ('pyi_archive', 0, 0, -1), ('pyi_os_path', 0, 0, -1), ('site', 0, 0, -1), ('pyi_importers', 0, 0, -1), ('warnings', 0, 1, -1), ('encodings', 0, 0, -1)] binaries=[] datas=[]>
sys: None -> <BuiltinModule 'sys' None imports=[] binaries=[] datas=[]>
os: None -> <PyModule 'os' C:\Panda3D-1.9.0\python\lib\os.pyc imports=[('subprocess', 1, 0, -1), ('os.path.pardir', 0, 0, -1), ('copy_reg', 0, 0, -1), ('os.path.altsep', 0, 0, -1), ('os.path.devnull', 0, 0, -1), ('posix._exit', 0, 1, -1), ('nt._exit', 0, 1, -1), ('posix', 0, 1, -1), ('os.path.extsep', 0, 0, -1), ('posix.*', 0, 1, -1), ('os.path.pathsep', 0, 0, -1), ('os.path', 0, 0, -1), ('warnings', 1, 0, -1), ('errno', 0, 0, -1), ('posixpath', 0, 1, -1), ('sys', 0, 0, -1), ('UserDict', 0, 1, -1), ('os.path.sep', 0, 0, -1), ('_emx_link', 0, 1, -1), ('ntpath', 0, 1, -1), ('os.path.defpath', 0, 0, -1), ('os2emxpath', 0, 1, -1), ('_emx_link.link', 0, 1, -1), ('nt.*', 0, 1, -1), ('nt', 0, 1, -1), ('os.path.curdir', 0, 0, -1)] binaries=[] datas=[]>
pyi_archive: None -> <PyModule 'pyi_archive' C:\Panda3D-1.9.0\python\lib\site-packages\PyInstaller\loader\pyi_archive.pyc imports=[('imp', 0, 0, -1), ('sys', 0, 0, -1), ('marshal', 0, 0, -1), ('os', 1, 1, -1), ('struct', 0, 0, -1), ('imp', 1, 0, -1)] binaries=[] datas=[]>
pyi_os_path: None -> <PyModule 'pyi_os_path' C:\Panda3D-1.9.0\python\lib\site-packages\PyInstaller\loader\pyi_os_path.pyc imports=[('sys', 0, 0, -1), ('posix.environ', 0, 1, -1), ('nt.listdir', 0, 1, -1), ('nt.environ', 0, 1, -1), ('posix', 0, 1, -1), ('posix.listdir', 0, 1, -1), ('nt', 0, 1, -1)] binaries=[] datas=[]>
site: None -> <PyModule 'site' C:\Panda3D-1.9.0\python\lib\site-packages\PyInstaller\fake\fake-site.pyc imports=[('pydoc', 1, 0, -1)] binaries=[] datas=[]>
pyi_importers: None -> <PyModule 'pyi_importers' C:\Panda3D-1.9.0\python\lib\site-packages\PyInstaller\loader\pyi_importers.pyc imports=[('pyi_archive.ZlibArchive', 0, 0, -1), ('imp', 0, 0, -1), ('sys', 0, 0, -1), ('pyi_archive.ArchiveReadError', 0, 0, -1), ('pyi_archive', 0, 0, -1), ('pyi_os_path', 0, 0, -1)] binaries=[] datas=[]>
warnings: None -> <PyModule 'warnings' C:\Panda3D-1.9.0\python\lib\warnings.pyc imports=[('linecache', 0, 0, -1), ('_warnings.default_action', 0, 0, -1), ('sys', 0, 0, -1), ('_warnings', 0, 0, -1), ('types', 0, 0, -1), ('_warnings.warn', 0, 0, -1), ('_warnings.once_registry', 0, 0, -1), ('_warnings.filters', 0, 0, -1), ('_warnings.warn_explicit', 0, 0, -1), ('re', 1, 0, -1)] binaries=[] datas=[]>
encodings: None -> <PkgModule 'encodings' C:\Panda3D-1.9.0\python\lib\encodings\__init__.pyc imports=[('encodings', 0, 0, -1), ('codecs', 0, 0, -1), ('encodings.aliases', 0, 0, -1), ('__builtin__', 0, 0, -1), ('encodings.aliases', 0, 0, -1), ('encodings.ascii', 0, 0, -1), ('encodings.base64_codec', 0, 0, -1), ('encodings.big5', 0, 0, -1), ('encodings.big5hkscs', 0, 0, -1), ('encodings.bz2_codec', 0, 0, -1), ('encodings.charmap', 0, 0, -1), ('encodings.cp037', 0, 0, -1), ('encodings.cp1006', 0, 0, -1), ('encodings.cp1026', 0, 0, -1), ('encodings.cp1140', 0, 0, -1), ('encodings.cp1250', 0, 0, -1), ('encodings.cp1251', 0, 0, -1), ('encodings.cp1252', 0, 0, -1), ('encodings.cp1253', 0, 0, -1), ('encodings.cp1254', 0, 0, -1), ('encodings.cp1255', 0, 0, -1), ('encodings.cp1256', 0, 0, -1), ('encodings.cp1257', 0, 0, -1), ('encodings.cp1258', 0, 0, -1), ('encodings.cp424', 0, 0, -1), ('encodings.cp437', 0, 0, -1), ('encodings.cp500', 0, 0, -1), ('encodings.cp720', 0, 0, -1), ('encodings.cp737', 0, 0, -1), ('encodings.cp775', 0, 0, -1), ('encodings.cp850', 0, 0, -1), ('encodings.cp852', 0, 0, -1), ('encodings.cp855', 0, 0, -1), ('encodings.cp856', 0, 0, -1), ('encodings.cp857', 0, 0, -1), ('encodings.cp858', 0, 0, -1), ('encodings.cp860', 0, 0, -1), ('encodings.cp861', 0, 0, -1), ('encodings.cp862', 0, 0, -1), ('encodings.cp863', 0, 0, -1), ('encodings.cp864', 0, 0, -1), ('encodings.cp865', 0, 0, -1), ('encodings.cp866', 0, 0, -1), ('encodings.cp869', 0, 0, -1), ('encodings.cp874', 0, 0, -1), ('encodings.cp875', 0, 0, -1), ('encodings.cp932', 0, 0, -1), ('encodings.cp949', 0, 0, -1), ('encodings.cp950', 0, 0, -1), ('encodings.euc_jisx0213', 0, 0, -1), ('encodings.euc_jis_2004', 0, 0, -1), ('encodings.euc_jp', 0, 0, -1), ('encodings.euc_kr', 0, 0, -1), ('encodings.gb18030', 0, 0, -1), ('encodings.gb2312', 0, 0, -1), ('encodings.gbk', 0, 0, -1), ('encodings.hex_codec', 0, 0, -1), ('encodings.hp_roman8', 0, 0, -1), ('encodings.hz', 0, 0, -1), ('encodings.idna', 0, 0, -1), ('encodings.iso2022_jp', 0, 0, -1), ('encodings.iso2022_jp_1', 0, 0, -1), ('encodings.iso2022_jp_2', 0, 0, -1), ('encodings.iso2022_jp_2004', 0, 0, -1), ('encodings.iso2022_jp_3', 0, 0, -1), ('encodings.iso2022_jp_ext', 0, 0, -1), ('encodings.iso2022_kr', 0, 0, -1), ('encodings.iso8859_1', 0, 0, -1), ('encodings.iso8859_10', 0, 0, -1), ('encodings.iso8859_11', 0, 0, -1), ('encodings.iso8859_13', 0, 0, -1), ('encodings.iso8859_14', 0, 0, -1), ('encodings.iso8859_15', 0, 0, -1), ('encodings.iso8859_16', 0, 0, -1), ('encodings.iso8859_2', 0, 0, -1), ('encodings.iso8859_3', 0, 0, -1), ('encodings.iso8859_4', 0, 0, -1), ('encodings.iso8859_5', 0, 0, -1), ('encodings.iso8859_6', 0, 0, -1), ('encodings.iso8859_7', 0, 0, -1), ('encodings.iso8859_8', 0, 0, -1), ('encodings.iso8859_9', 0, 0, -1), ('encodings.johab', 0, 0, -1), ('encodings.koi8_r', 0, 0, -1), ('encodings.koi8_u', 0, 0, -1), ('encodings.latin_1', 0, 0, -1), ('encodings.mac_arabic', 0, 0, -1), ('encodings.mac_centeuro', 0, 0, -1), ('encodings.mac_croatian', 0, 0, -1), ('encodings.mac_cyrillic', 0, 0, -1), ('encodings.mac_farsi', 0, 0, -1), ('encodings.mac_greek', 0, 0, -1), ('encodings.mac_iceland', 0, 0, -1), ('encodings.mac_latin2', 0, 0, -1), ('encodings.mac_roman', 0, 0, -1), ('encodings.mac_romanian', 0, 0, -1), ('encodings.mac_turkish', 0, 0, -1), ('encodings.mbcs', 0, 0, -1), ('encodings.palmos', 0, 0, -1), ('encodings.ptcp154', 0, 0, -1), ('encodings.punycode', 0, 0, -1), ('encodings.quopri_codec', 0, 0, -1), ('encodings.raw_unicode_escape', 0, 0, -1), ('encodings.rot_13', 0, 0, -1), ('encodings.shift_jis', 0, 0, -1), ('encodings.shift_jisx0213', 0, 0, -1), ('encodings.shift_jis_2004', 0, 0, -1), ('encodings.string_escape', 0, 0, -1), ('encodings.tis_620', 0, 0, -1), ('encodings.undefined', 0, 0, -1), ('encodings.unicode_escape', 0, 0, -1), ('encodings.unicode_internal', 0, 0, -1), ('encodings.utf_16', 0, 0, -1), ('encodings.utf_16_be', 0, 0, -1), ('encodings.utf_16_le', 0, 0, -1), ('encodings.utf_32', 0, 0, -1), ('encodings.utf_32_be', 0, 0, -1), ('encodings.utf_32_le', 0, 0, -1), ('encodings.utf_7', 0, 0, -1), ('encodings.utf_8', 0, 0, -1), ('encodings.utf_8_sig', 0, 0, -1), ('encodings.uu_codec', 0, 0, -1), ('encodings.zlib_codec', 0, 0, -1)] binaries=[] datas=[]>
subprocess: None -> <PyModule 'subprocess' C:\Panda3D-1.9.0\python\lib\subprocess.pyc imports=[('_subprocess.SW_HIDE', 0, 1, -1), ('gc', 0, 0, -1), ('_subprocess.STARTF_USESHOWWINDOW', 0, 1, -1), ('_subprocess', 0, 1, -1), ('sys', 0, 0, -1), ('_subprocess.STARTF_USESTDHANDLES', 0, 1, -1), ('types', 0, 0, -1), ('fcntl', 0, 1, -1), ('os', 0, 0, -1), ('threading', 0, 1, -1), ('_subprocess.STD_INPUT_HANDLE', 0, 1, -1), ('msvcrt', 0, 1, -1), ('_subprocess.CREATE_NEW_PROCESS_GROUP', 0, 1, -1), ('_subprocess.STD_OUTPUT_HANDLE', 0, 1, -1), ('traceback', 0, 0, -1), ('_subprocess.CREATE_NEW_CONSOLE', 0, 1, -1), ('errno', 0, 0, -1), ('signal', 0, 0, -1), ('pickle', 0, 1, -1), ('select', 0, 1, -1), ('_subprocess.STD_ERROR_HANDLE', 0, 1, -1)] binaries=[] datas=[]>
copy_reg: None -> <PyModule 'copy_reg' C:\Panda3D-1.9.0\python\lib\copy_reg.pyc imports=[('types.ClassType', 0, 0, -1), ('types', 0, 0, -1)] binaries=[] datas=[]>
posix: None -> None
  DEL posix
nt: None -> <BuiltinModule 'nt' None imports=[] binaries=[] datas=[]>
posix: None -> None
  DEL posix
posix: None -> None
  DEL posix
errno: None -> <BuiltinModule 'errno' None imports=[] binaries=[] datas=[]>
posixpath: None -> <PyModule 'posixpath' C:\Panda3D-1.9.0\python\lib\posixpath.pyc imports=[('re', 1, 1, -1), ('pwd', 1, 1, -1), ('sys', 0, 0, -1), ('os', 0, 0, -1), ('warnings', 0, 0, -1), ('genericpath', 0, 0, -1), ('stat', 0, 0, -1), ('genericpath.*', 0, 0, -1)] binaries=[] datas=[]>
UserDict: None -> <PyModule 'UserDict' C:\Panda3D-1.9.0\python\lib\UserDict.pyc imports=[('_abcoll', 0, 0, -1), ('copy', 1, 0, -1)] binaries=[] datas=[]>
_emx_link: None -> None
  DEL _emx_link
ntpath: None -> <PyModule 'ntpath' C:\Panda3D-1.9.0\python\lib\ntpath.pyc imports=[('sys', 0, 0, -1), ('os', 0, 0, -1), ('nt._getfullpathname', 0, 0, -1), ('warnings', 0, 0, -1), ('nt._isdir', 0, 0, -1), ('genericpath', 0, 0, -1), ('stat', 0, 0, -1), ('nt', 0, 0, -1), ('string', 1, 0, -1), ('genericpath.*', 0, 0, -1)] binaries=[] datas=[]>
os2emxpath: None -> <PyModule 'os2emxpath' C:\Panda3D-1.9.0\python\lib\os2emxpath.pyc imports=[('ntpath.splitdrive', 0, 0, -1), ('ntpath.walk', 0, 0, -1), ('os', 0, 0, -1), ('ntpath.splitext', 0, 0, -1), ('genericpath', 0, 0, -1), ('stat', 0, 0, -1), ('ntpath.isabs', 0, 0, -1), ('ntpath.split', 0, 0, -1), ('ntpath.islink', 0, 0, -1), ('ntpath.expanduser', 0, 0, -1), ('genericpath.*', 0, 0, -1), ('ntpath.expandvars', 0, 0, -1), ('ntpath', 0, 0, -1)] binaries=[] datas=[]>
_emx_link: None -> None
  DEL _emx_link
_subprocess: None -> <BuiltinModule '_subprocess' None imports=[] binaries=[] datas=[]>
gc: None -> <BuiltinModule 'gc' None imports=[] binaries=[] datas=[]>
types: None -> <PyModule 'types' C:\Panda3D-1.9.0\python\lib\types.pyc imports=[('sys', 0, 0, -1)] binaries=[] datas=[]>
fcntl: None -> None
  DEL fcntl
threading: None -> <PyModule 'threading' C:\Panda3D-1.9.0\python\lib\threading.pyc imports=[('collections.deque', 0, 0, -1), ('random.random', 1, 0, -1), ('_threading_local.local', 0, 1, -1), ('sys', 0, 0, -1), ('collections', 0, 0, -1), ('thread._local', 0, 0, -1), ('traceback.format_exc', 0, 0, -1), ('warnings', 0, 0, -1), ('time.time', 0, 0, -1), ('thread', 0, 0, -1), ('thread.stack_size', 0, 0, -1), ('time.sleep', 0, 0, -1), ('traceback', 0, 0, -1), ('random', 1, 0, -1), ('time', 0, 0, -1), ('_threading_local', 0, 1, -1)] binaries=[] datas=[]>
msvcrt: None -> <BuiltinModule 'msvcrt' None imports=[] binaries=[] datas=[]>
traceback: None -> <PyModule 'traceback' C:\Panda3D-1.9.0\python\lib\traceback.pyc imports=[('linecache', 0, 0, -1), ('sys', 0, 0, -1), ('types', 0, 0, -1)] binaries=[] datas=[]>
signal: None -> <BuiltinModule 'signal' None imports=[] binaries=[] datas=[]>
pickle: None -> <PyModule 'pickle' C:\Panda3D-1.9.0\python\lib\pickle.pyc imports=[('re', 0, 0, -1), ('copy_reg.dispatch_table', 0, 0, -1), ('types.*', 0, 0, -1), ('marshal', 0, 0, -1), ('types', 0, 0, -1), ('StringIO.StringIO', 0, 1, -1), ('cStringIO.StringIO', 0, 0, -1), ('struct', 0, 0, -1), ('org.python.core', 0, 0, -1), ('copy_reg', 0, 0, -1), ('cStringIO', 0, 0, -1), ('copy_reg._extension_cache', 0, 0, -1), ('doctest', 1, 0, -1), ('StringIO', 0, 1, -1), ('copy_reg._inverted_registry', 0, 0, -1), ('binascii', 0, 0, -1), ('copy_reg._extension_registry', 0, 0, -1), ('org.python.core.PyStringMap', 0, 0, -1), ('sys', 0, 0, -1)] binaries=[] datas=[]>
select: None -> <ExtensionModule 'select' C:\Panda3D-1.9.0\python\DLLs\select.pyd imports=[] binaries=[] datas=[]>
collections: None -> <PyModule 'collections' C:\Panda3D-1.9.0\python\lib\collections.pyc imports=[('keyword.iskeyword', 0, 0, -1), ('cPickle.loads', 0, 1, -1), ('itertools.repeat', 0, 0, -1), ('cPickle.dumps', 0, 1, -1), ('_collections', 0, 0, -1), ('_abcoll.*', 0, 0, -1), ('itertools', 0, 0, -1), ('itertools.starmap', 0, 0, -1), ('sys', 0, 0, -1), ('cPickle', 0, 1, -1), ('doctest', 0, 1, -1), ('_collections.defaultdict', 0, 0, -1), ('heapq', 0, 0, -1), ('dummy_thread', 0, 1, -1), ('itertools.imap', 0, 0, -1), ('_abcoll', 0, 0, -1), ('operator.eq', 0, 0, -1), ('itertools.chain', 0, 0, -1), ('keyword', 0, 0, -1), ('thread', 0, 0, -1), ('operator.itemgetter', 0, 0, -1), ('dummy_thread.get_ident', 0, 1, -1), ('operator', 0, 0, -1), ('_collections.deque', 0, 0, -1), ('thread.get_ident', 0, 0, -1)] binaries=[] datas=[]>
random: None -> <PyModule 'random' C:\Panda3D-1.9.0\python\lib\random.pyc imports=[('os', 0, 0, -1), ('warnings', 0, 0, -1), ('__future__', 0, 0, -1), ('hashlib', 0, 0, -1), ('math.log', 0, 0, -1), ('math.cos', 0, 0, -1), ('time', 1, 1, -1), ('math.sin', 0, 0, -1), ('math.sqrt', 0, 0, -1), ('math', 0, 0, -1), ('__future__.division', 0, 0, -1), ('os.urandom', 0, 0, -1), ('binascii', 0, 0, -1), ('_random', 0, 0, -1), ('math.acos', 0, 0, -1), ('types', 0, 0, -1), ('types.BuiltinMethodType', 0, 0, -1), ('binascii.hexlify', 0, 0, -1), ('types.MethodType', 0, 0, -1), ('math.exp', 0, 0, -1), ('time', 1, 0, -1), ('math.pi', 0, 0, -1), ('math.e', 0, 0, -1), ('math.ceil', 0, 0, -1), ('warnings.warn', 0, 0, -1)] binaries=[] datas=[]>
_threading_local: None -> <PyModule '_threading_local' C:\Panda3D-1.9.0\python\lib\_threading_local.pyc imports=[('threading.current_thread', 0, 0, -1), ('threading', 0, 0, -1), ('threading.RLock', 0, 0, -1), ('threading', 1, 0, -1)] binaries=[] datas=[]>
thread: None -> <BuiltinModule 'thread' None imports=[] binaries=[] datas=[]>
time: None -> <BuiltinModule 'time' None imports=[('_strptime', 0, 0, -1)] binaries=[] datas=[]>
keyword: None -> <PyModule 'keyword' C:\Panda3D-1.9.0\python\lib\keyword.pyc imports=[('sys', 1, 0, -1), ('re', 1, 0, -1)] binaries=[] datas=[]>
cPickle: None -> <BuiltinModule 'cPickle' None imports=[('copy_reg', 0, 0, -1), ('types', 0, 0, -1), ('string', 0, 0, -1)] binaries=[] datas=[]>
itertools: None -> <BuiltinModule 'itertools' None imports=[] binaries=[] datas=[]>
_collections: None -> <BuiltinModule '_collections' None imports=[] binaries=[] datas=[]>
_abcoll: None -> <PyModule '_abcoll' C:\Panda3D-1.9.0\python\lib\_abcoll.pyc imports=[('abc', 0, 0, -1), ('abc.abstractmethod', 0, 0, -1), ('abc.ABCMeta', 0, 0, -1), ('sys', 0, 0, -1)] binaries=[] datas=[]>
doctest: None -> <PyModule 'doctest' C:\Panda3D-1.9.0\python\lib\doctest.pyc imports=[('collections', 0, 0, -1), ('linecache', 0, 0, -1), ('StringIO', 0, 0, -1), ('sys', 0, 0, -1), ('pdb', 0, 0, -1), ('os', 0, 0, -1), ('StringIO.StringIO', 0, 0, -1), ('warnings', 0, 0, -1), ('re', 0, 0, -1), ('__future__', 0, 0, -1), ('inspect', 0, 0, -1), ('collections.namedtuple', 0, 0, -1), ('pdb', 1, 0, -1), ('difflib', 0, 0, -1), ('traceback', 0, 0, -1), ('types', 1, 0, -1), ('unittest', 0, 0, -1), ('tempfile', 0, 0, -1)] binaries=[] datas=[]>
heapq: None -> <PyModule 'heapq' C:\Panda3D-1.9.0\python\lib\heapq.pyc imports=[('operator.itemgetter', 0, 0, -1), ('itertools', 0, 0, -1), ('doctest', 0, 1, -1), ('operator', 0, 0, -1), ('itertools.chain', 0, 0, -1), ('itertools.tee', 0, 0, -1), ('itertools.islice', 0, 0, -1), ('itertools.izip', 0, 0, -1), ('_heapq', 0, 0, -1), ('itertools.count', 0, 0, -1), ('itertools.imap', 0, 0, -1), ('_heapq.*', 0, 0, -1)] binaries=[] datas=[]>
dummy_thread: None -> <PyModule 'dummy_thread' C:\Panda3D-1.9.0\python\lib\dummy_thread.pyc imports=[('traceback', 0, 0, -1)] binaries=[] datas=[]>
operator: None -> <BuiltinModule 'operator' None imports=[] binaries=[] datas=[]>
re: None -> <PyModule 're' C:\Panda3D-1.9.0\python\lib\re.pyc imports=[('sre_constants', 1, 0, -1), ('sys', 0, 0, -1), ('sre_parse', 0, 0, -1), ('sre_constants.BRANCH', 1, 0, -1), ('sre_compile', 0, 0, -1), ('sre_constants.SUBPATTERN', 1, 0, -1), ('copy_reg', 0, 0, -1)] binaries=[] datas=[]>
sre_constants: None -> <PyModule 'sre_constants' C:\Panda3D-1.9.0\python\lib\sre_constants.pyc imports=[('_sre', 0, 0, -1), ('_sre.MAXREPEAT', 0, 0, -1)] binaries=[] datas=[]>
sre_parse: None -> <PyModule 'sre_parse' C:\Panda3D-1.9.0\python\lib\sre_parse.pyc imports=[('_sre', 0, 0, -1), ('_sre.MAXREPEAT', 0, 0, -1), ('sre_constants', 0, 0, -1), ('sys', 0, 0, -1), ('sre_constants.*', 0, 0, -1)] binaries=[] datas=[]>
sre_compile: None -> <PyModule 'sre_compile' C:\Panda3D-1.9.0\python\lib\sre_compile.pyc imports=[('sys', 0, 0, -1), ('sre_constants.*', 0, 0, -1), ('sre_parse', 0, 0, -1), ('_sre.MAXREPEAT', 0, 0, -1), ('sre_constants', 0, 0, -1), ('_sre', 0, 0, -1), ('array', 1, 0, -1)] binaries=[] datas=[]>
_sre: None -> <BuiltinModule '_sre' None imports=[('copy_reg', 0, 0, -1)] binaries=[] datas=[]>
array: None -> <BuiltinModule 'array' None imports=[] binaries=[] datas=[]>
string: None -> <PyModule 'string' C:\Panda3D-1.9.0\python\lib\string.pyc imports=[('strop.uppercase', 0, 0, -1), ('re', 0, 0, -1), ('strop', 0, 0, -1), ('strop.lowercase', 0, 0, -1), ('strop.whitespace', 0, 0, -1), ('strop.maketrans', 0, 0, -1)] binaries=[] datas=[]>
strop: None -> <BuiltinModule 'strop' None imports=[] binaries=[] datas=[]>
abc: None -> <PyModule 'abc' C:\Panda3D-1.9.0\python\lib\abc.pyc imports=[('_weakrefset.WeakSet', 0, 0, -1), ('_weakrefset', 0, 0, -1), ('types', 0, 0, -1)] binaries=[] datas=[]>
_weakrefset: None -> <PyModule '_weakrefset' C:\Panda3D-1.9.0\python\lib\_weakrefset.pyc imports=[('_weakref.ref', 0, 0, -1), ('_weakref', 0, 0, -1)] binaries=[] datas=[]>
_weakref: None -> <BuiltinModule '_weakref' None imports=[] binaries=[] datas=[]>
linecache: None -> <PyModule 'linecache' C:\Panda3D-1.9.0\python\lib\linecache.pyc imports=[('os', 0, 0, -1), ('sys', 0, 0, -1)] binaries=[] datas=[]>
StringIO: None -> <PyModule 'StringIO' C:\Panda3D-1.9.0\python\lib\StringIO.pyc imports=[('sys', 1, 0, -1), ('errno', 0, 0, -1), ('errno.EINVAL', 0, 0, -1)] binaries=[] datas=[]>
pdb: None -> <PyModule 'pdb' C:\Panda3D-1.9.0\python\lib\pdb.pyc imports=[('linecache', 0, 0, -1), ('sys', 0, 0, -1), ('os', 0, 0, -1), ('repr.Repr', 0, 0, -1), ('bdb', 0, 0, -1), ('re', 0, 0, -1), ('pprint', 0, 0, -1), ('pdb', 0, 1, -1), ('shlex', 1, 1, -1), ('repr', 0, 0, -1), ('__main__', 1, 0, -1), ('cmd', 0, 0, -1), ('traceback', 0, 0, -1), ('readline', 1, 0, -1)] binaries=[] datas=[]>
__future__: None -> <PyModule '__future__' C:\Panda3D-1.9.0\python\lib\__future__.pyc imports=[] binaries=[] datas=[]>
inspect: None -> <PyModule 'inspect' C:\Panda3D-1.9.0\python\lib\inspect.pyc imports=[('collections', 0, 0, -1), ('re', 0, 0, -1), ('dis', 0, 0, -1), ('sys', 0, 0, -1), ('types', 0, 0, -1), ('os', 0, 0, -1), ('imp', 0, 0, -1), ('string', 0, 0, -1), ('operator', 0, 0, -1), ('linecache', 0, 0, -1), ('operator.attrgetter', 0, 0, -1), ('collections.namedtuple', 0, 0, -1), ('tokenize', 0, 0, -1)] binaries=[] datas=[]>
difflib: None -> <PyModule 'difflib' C:\Panda3D-1.9.0\python\lib\difflib.pyc imports=[('difflib', 1, 0, -1), ('collections', 0, 0, -1), ('re', 0, 0, -1), ('functools', 0, 0, -1), ('functools.reduce', 0, 0, -1), ('doctest', 1, 0, -1), ('re', 1, 0, -1), ('heapq', 0, 0, -1), ('collections.namedtuple', 0, 0, -1)] binaries=[] datas=[]>
unittest: None -> <PkgModule 'unittest' C:\Panda3D-1.9.0\python\lib\unittest\__init__.pyc imports=[('loader.findTestCases', 0, 0, 1), ('result.TestResult', 0, 0, 1), ('case.skipIf', 0, 0, 1), ('case.skip', 0, 0, 1), ('case.TestCase', 0, 0, 1), ('main.main', 0, 0, 1), ('signals', 0, 0, 1), ('result', 0, 0, 1), ('loader.TestLoader', 0, 0, 1), ('main.TestProgram', 0, 0, 1), ('suite', 0, 0, 1), ('signals.installHandler', 0, 0, 1), ('case.SkipTest', 0, 0, 1), ('suite.TestSuite', 0, 0, 1), ('runner', 0, 0, 1), ('runner.TextTestResult', 0, 0, 1), ('loader.defaultTestLoader', 0, 0, 1), ('suite.BaseTestSuite', 0, 0, 1), ('loader', 0, 0, 1), ('runner.TextTestRunner', 0, 0, 1), ('case.expectedFailure', 0, 0, 1), ('signals.removeResult', 0, 0, 1), ('main', 0, 0, 1), ('signals.registerResult', 0, 0, 1), ('case.skipUnless', 0, 0, 1), ('signals.removeHandler', 0, 0, 1), ('case.FunctionTestCase', 0, 0, 1), ('case', 0, 0, 1), ('loader.getTestCaseNames', 0, 0, 1), ('loader.makeSuite', 0, 0, 1)] binaries=[] datas=[]>
tempfile: None -> <PyModule 'tempfile' C:\Panda3D-1.9.0\python\lib\tempfile.pyc imports=[('os', 0, 0, -1), ('dummy_thread', 0, 1, -1), ('thread', 0, 0, -1), ('cStringIO.StringIO', 0, 0, -1), ('cStringIO', 0, 0, -1), ('fcntl', 0, 0, -1), ('StringIO.StringIO', 0, 1, -1), ('random', 0, 0, -1), ('StringIO', 0, 1, -1), ('errno', 0, 0, -1), ('random.Random', 0, 0, -1), ('io', 0, 0, -1)] binaries=[] datas=[]>
repr: None -> <PyModule 'repr' C:\Panda3D-1.9.0\python\lib\repr.pyc imports=[('itertools.islice', 0, 0, -1), ('itertools', 0, 0, -1), ('__builtin__', 0, 0, -1)] binaries=[] datas=[]>
bdb: None -> <PyModule 'bdb' C:\Panda3D-1.9.0\python\lib\bdb.pyc imports=[('repr', 1, 0, -1), ('sys', 0, 0, -1), ('types', 0, 0, -1), ('os', 0, 0, -1), ('fnmatch', 0, 0, -1), ('linecache', 1, 0, -1), ('__main__', 1, 1, -1)] binaries=[] datas=[]>
pprint: None -> <PyModule 'pprint' C:\Panda3D-1.9.0\python\lib\pprint.pyc imports=[('sys', 0, 0, -1), ('time', 1, 0, -1), ('warnings', 0, 0, -1), ('cStringIO', 0, 0, -1), ('StringIO.StringIO', 0, 1, -1), ('cStringIO.StringIO', 0, 0, -1), ('StringIO', 0, 1, -1)] binaries=[] datas=[]>
shlex: None -> <PyModule 'shlex' C:\Panda3D-1.9.0\python\lib\shlex.pyc imports=[('collections.deque', 0, 0, -1), ('sys', 0, 0, -1), ('collections', 0, 0, -1), ('os.path', 0, 0, -1), ('cStringIO', 0, 0, -1), ('StringIO.StringIO', 0, 1, -1), ('cStringIO.StringIO', 0, 0, -1), ('StringIO', 0, 1, -1)] binaries=[] datas=[]>
cmd: None -> <PyModule 'cmd' C:\Panda3D-1.9.0\python\lib\cmd.pyc imports=[('sys', 1, 0, -1), ('readline', 1, 1, -1), ('string', 0, 0, -1)] binaries=[] datas=[]>
readline: None -> None
  DEL readline
__builtin__: None -> <BuiltinModule '__builtin__' None imports=[] binaries=[] datas=[]>
fnmatch: None -> <PyModule 'fnmatch' C:\Panda3D-1.9.0\python\lib\fnmatch.pyc imports=[('re', 0, 0, -1), ('posixpath', 1, 0, -1), ('os', 1, 0, -1)] binaries=[] datas=[]>
pwd: None -> None
  DEL pwd
genericpath: None -> <PyModule 'genericpath' C:\Panda3D-1.9.0\python\lib\genericpath.pyc imports=[('os', 0, 0, -1), ('stat', 0, 0, -1)] binaries=[] datas=[]>
stat: None -> <PyModule 'stat' C:\Panda3D-1.9.0\python\lib\stat.pyc imports=[] binaries=[] datas=[]>
_warnings: None -> <BuiltinModule '_warnings' None imports=[] binaries=[] datas=[]>
cStringIO: None -> <BuiltinModule 'cStringIO' None imports=[('copy_reg', 0, 0, -1)] binaries=[] datas=[]>
_strptime: None -> <PyModule '_strptime' C:\Panda3D-1.9.0\python\lib\_strptime.pyc imports=[('thread.allocate_lock', 0, 0, -1), ('dummy_thread', 0, 0, -1), ('re', 0, 0, -1), ('re.compile', 0, 0, -1), ('re.escape', 0, 0, -1), ('calendar', 0, 0, -1), ('locale', 0, 0, -1), ('datetime.date', 0, 0, -1), ('datetime', 0, 0, -1), ('dummy_thread.allocate_lock', 0, 0, -1), ('thread', 0, 0, -1), ('time', 0, 0, -1), ('re.IGNORECASE', 0, 0, -1)] binaries=[] datas=[]>
calendar: None -> <PyModule 'calendar' C:\Panda3D-1.9.0\python\lib\calendar.pyc imports=[('optparse', 1, 0, -1), ('datetime', 0, 0, -1), ('sys', 0, 0, -1), ('locale', 0, 0, -1)] binaries=[] datas=[]>
locale: None -> <PyModule 'locale' C:\Panda3D-1.9.0\python\lib\locale.pyc imports=[('re', 0, 0, -1), ('sys', 0, 0, -1), ('_locale', 1, 0, -1), ('os', 1, 0, -1), ('operator', 0, 0, -1), ('_locale', 0, 0, -1), ('_locale.*', 0, 0, -1), ('functools', 0, 0, -1), ('encodings', 0, 0, -1), ('encodings.aliases', 0, 0, -1)] binaries=[] datas=[]>
datetime: None -> <BuiltinModule 'datetime' None imports=[] binaries=[] datas=[]>
optparse: None -> <PyModule 'optparse' C:\Panda3D-1.9.0\python\lib\optparse.pyc imports=[('sys', 0, 0, -1), ('types', 0, 0, -1), ('os', 0, 0, -1), ('__builtin__', 1, 1, -1), ('gettext.gettext', 0, 0, -1), ('textwrap', 0, 0, -1), ('gettext', 0, 0, -1)] binaries=[] datas=[]>
gettext: None -> <PyModule 'gettext' C:\Panda3D-1.9.0\python\lib\gettext.pyc imports=[('re', 0, 0, -1), ('locale.normalize', 1, 0, -1), ('sys', 0, 0, -1), ('errno.ENOENT', 0, 0, -1), ('copy', 0, 0, -1), ('os', 0, 0, -1), ('StringIO', 1, 1, -1), ('StringIO.StringIO', 1, 1, -1), ('cStringIO.StringIO', 1, 0, -1), ('struct', 0, 0, -1), ('locale', 1, 0, -1), ('token', 1, 0, -1), ('tokenize', 1, 0, -1), ('__builtin__', 1, 0, -1), ('errno', 0, 0, -1), ('locale', 0, 0, -1), ('cStringIO', 1, 0, -1)] binaries=[] datas=[]>
textwrap: None -> <PyModule 'textwrap' C:\Panda3D-1.9.0\python\lib\textwrap.pyc imports=[('re', 0, 0, -1), ('string', 0, 0, -1)] binaries=[] datas=[]>
copy: None -> <PyModule 'copy' C:\Panda3D-1.9.0\python\lib\copy.pyc imports=[('copy_reg.dispatch_table', 0, 0, -1), ('weakref', 0, 0, -1), ('sys', 1, 1, -1), ('types', 0, 0, -1), ('copy_reg', 0, 0, -1), ('repr', 1, 0, -1), ('org.python.core.PyStringMap', 0, 0, -1), ('org.python.core', 0, 0, -1)] binaries=[] datas=[]>
struct: None -> <PyModule 'struct' C:\Panda3D-1.9.0\python\lib\struct.pyc imports=[('_struct.__doc__', 0, 0, -1), ('_struct.*', 0, 0, -1), ('_struct', 0, 0, -1), ('_struct._clearcache', 0, 0, -1)] binaries=[] datas=[]>
token: None -> <PyModule 'token' C:\Panda3D-1.9.0\python\lib\token.pyc imports=[('sys', 1, 0, -1), ('re', 1, 0, -1)] binaries=[] datas=[]>
tokenize: None -> <PyModule 'tokenize' C:\Panda3D-1.9.0\python\lib\tokenize.pyc imports=[('sys', 0, 1, -1), ('token.*', 0, 0, -1), ('re', 0, 0, -1), ('token', 0, 0, -1), ('string', 0, 0, -1)] binaries=[] datas=[]>
_locale: None -> <BuiltinModule '_locale' None imports=[] binaries=[] datas=[]>
functools: None -> <PyModule 'functools' C:\Panda3D-1.9.0\python\lib\functools.pyc imports=[('_functools.reduce', 0, 0, -1), ('_functools.partial', 0, 0, -1), ('_functools', 0, 0, -1)] binaries=[] datas=[]>
encodings.aliases: None -> <PyModule 'encodings.aliases' C:\Panda3D-1.9.0\python\lib\encodings\aliases.pyc imports=[] binaries=[] datas=[]>
_functools: None -> <BuiltinModule '_functools' None imports=[] binaries=[] datas=[]>
encodings.encodings: None -> None
encodings.codecs: None -> None
codecs: None -> <PyModule 'codecs' C:\Panda3D-1.9.0\python\lib\codecs.pyc imports=[('encodings', 0, 1, -1), ('_codecs', 0, 0, -1), ('_codecs.*', 0, 0, -1), ('sys', 0, 0, -1), ('__builtin__', 0, 0, -1), ('encodings', 0, 0, -1)] binaries=[] datas=[]>
encodings.__builtin__: None -> None
encodings.ascii: None -> <PyModule 'encodings.ascii' C:\Panda3D-1.9.0\python\lib\encodings\ascii.pyc imports=[('codecs', 0, 0, -1)] binaries=[] datas=[]>
encodings.base64_codec: None -> <PyModule 'encodings.base64_codec' C:\Panda3D-1.9.0\python\lib\encodings\base64_codec.pyc imports=[('base64', 0, 0, -1), ('codecs', 0, 0, -1)] binaries=[] datas=[]>
encodings.big5: None -> <PyModule 'encodings.big5' C:\Panda3D-1.9.0\python\lib\encodings\big5.pyc imports=[('_codecs_tw', 0, 0, -1), ('_multibytecodec', 0, 0, -1), ('codecs', 0, 0, -1)] binaries=[] datas=[]>
encodings.big5hkscs: None -> <PyModule 'encodings.big5hkscs' C:\Panda3D-1.9.0\python\lib\encodings\big5hkscs.pyc imports=[('_codecs_hk', 0, 0, -1), ('_multibytecodec', 0, 0, -1), ('codecs', 0, 0, -1)] binaries=[] datas=[]>
encodings.bz2_codec: None -> <PyModule 'encodings.bz2_codec' C:\Panda3D-1.9.0\python\lib\encodings\bz2_codec.pyc imports=[('codecs', 0, 0, -1), ('bz2', 0, 0, -1)] binaries=[] datas=[]>
encodings.charmap: None -> <PyModule 'encodings.charmap' C:\Panda3D-1.9.0\python\lib\encodings\charmap.pyc imports=[('codecs', 0, 0, -1)] binaries=[] datas=[]>
encodings.cp037: None -> <PyModule 'encodings.cp037' C:\Panda3D-1.9.0\python\lib\encodings\cp037.pyc imports=[('codecs', 0, 0, -1)] binaries=[] datas=[]>
encodings.cp1006: None -> <PyModule 'encodings.cp1006' C:\Panda3D-1.9.0\python\lib\encodings\cp1006.pyc imports=[('codecs', 0, 0, -1)] binaries=[] datas=[]>
encodings.cp1026: None -> <PyModule 'encodings.cp1026' C:\Panda3D-1.9.0\python\lib\encodings\cp1026.pyc imports=[('codecs', 0, 0, -1)] binaries=[] datas=[]>
encodings.cp1140: None -> <PyModule 'encodings.cp1140' C:\Panda3D-1.9.0\python\lib\encodings\cp1140.pyc imports=[('codecs', 0, 0, -1)] binaries=[] datas=[]>
encodings.cp1250: None -> <PyModule 'encodings.cp1250' C:\Panda3D-1.9.0\python\lib\encodings\cp1250.pyc imports=[('codecs', 0, 0, -1)] binaries=[] datas=[]>
encodings.cp1251: None -> <PyModule 'encodings.cp1251' C:\Panda3D-1.9.0\python\lib\encodings\cp1251.pyc imports=[('codecs', 0, 0, -1)] binaries=[] datas=[]>
encodings.cp1252: None -> <PyModule 'encodings.cp1252' C:\Panda3D-1.9.0\python\lib\encodings\cp1252.pyc imports=[('codecs', 0, 0, -1)] binaries=[] datas=[]>
encodings.cp1253: None -> <PyModule 'encodings.cp1253' C:\Panda3D-1.9.0\python\lib\encodings\cp1253.pyc imports=[('codecs', 0, 0, -1)] binaries=[] datas=[]>
encodings.cp1254: None -> <PyModule 'encodings.cp1254' C:\Panda3D-1.9.0\python\lib\encodings\cp1254.pyc imports=[('codecs', 0, 0, -1)] binaries=[] datas=[]>
encodings.cp1255: None -> <PyModule 'encodings.cp1255' C:\Panda3D-1.9.0\python\lib\encodings\cp1255.pyc imports=[('codecs', 0, 0, -1)] binaries=[] datas=[]>
encodings.cp1256: None -> <PyModule 'encodings.cp1256' C:\Panda3D-1.9.0\python\lib\encodings\cp1256.pyc imports=[('codecs', 0, 0, -1)] binaries=[] datas=[]>
encodings.cp1257: None -> <PyModule 'encodings.cp1257' C:\Panda3D-1.9.0\python\lib\encodings\cp1257.pyc imports=[('codecs', 0, 0, -1)] binaries=[] datas=[]>
encodings.cp1258: None -> <PyModule 'encodings.cp1258' C:\Panda3D-1.9.0\python\lib\encodings\cp1258.pyc imports=[('codecs', 0, 0, -1)] binaries=[] datas=[]>
encodings.cp424: None -> <PyModule 'encodings.cp424' C:\Panda3D-1.9.0\python\lib\encodings\cp424.pyc imports=[('codecs', 0, 0, -1)] binaries=[] datas=[]>
encodings.cp437: None -> <PyModule 'encodings.cp437' C:\Panda3D-1.9.0\python\lib\encodings\cp437.pyc imports=[('codecs', 0, 0, -1)] binaries=[] datas=[]>
encodings.cp500: None -> <PyModule 'encodings.cp500' C:\Panda3D-1.9.0\python\lib\encodings\cp500.pyc imports=[('codecs', 0, 0, -1)] binaries=[] datas=[]>
encodings.cp720: None -> <PyModule 'encodings.cp720' C:\Panda3D-1.9.0\python\lib\encodings\cp720.pyc imports=[('codecs', 0, 0, -1)] binaries=[] datas=[]>
encodings.cp737: None -> <PyModule 'encodings.cp737' C:\Panda3D-1.9.0\python\lib\encodings\cp737.pyc imports=[('codecs', 0, 0, -1)] binaries=[] datas=[]>
encodings.cp775: None -> <PyModule 'encodings.cp775' C:\Panda3D-1.9.0\python\lib\encodings\cp775.pyc imports=[('codecs', 0, 0, -1)] binaries=[] datas=[]>
encodings.cp850: None -> <PyModule 'encodings.cp850' C:\Panda3D-1.9.0\python\lib\encodings\cp850.pyc imports=[('codecs', 0, 0, -1)] binaries=[] datas=[]>
encodings.cp852: None -> <PyModule 'encodings.cp852' C:\Panda3D-1.9.0\python\lib\encodings\cp852.pyc imports=[('codecs', 0, 0, -1)] binaries=[] datas=[]>
encodings.cp855: None -> <PyModule 'encodings.cp855' C:\Panda3D-1.9.0\python\lib\encodings\cp855.pyc imports=[('codecs', 0, 0, -1)] binaries=[] datas=[]>
encodings.cp856: None -> <PyModule 'encodings.cp856' C:\Panda3D-1.9.0\python\lib\encodings\cp856.pyc imports=[('codecs', 0, 0, -1)] binaries=[] datas=[]>
encodings.cp857: None -> <PyModule 'encodings.cp857' C:\Panda3D-1.9.0\python\lib\encodings\cp857.pyc imports=[('codecs', 0, 0, -1)] binaries=[] datas=[]>
encodings.cp858: None -> <PyModule 'encodings.cp858' C:\Panda3D-1.9.0\python\lib\encodings\cp858.pyc imports=[('codecs', 0, 0, -1)] binaries=[] datas=[]>
encodings.cp860: None -> <PyModule 'encodings.cp860' C:\Panda3D-1.9.0\python\lib\encodings\cp860.pyc imports=[('codecs', 0, 0, -1)] binaries=[] datas=[]>
encodings.cp861: None -> <PyModule 'encodings.cp861' C:\Panda3D-1.9.0\python\lib\encodings\cp861.pyc imports=[('codecs', 0, 0, -1)] binaries=[] datas=[]>
encodings.cp862: None -> <PyModule 'encodings.cp862' C:\Panda3D-1.9.0\python\lib\encodings\cp862.pyc imports=[('codecs', 0, 0, -1)] binaries=[] datas=[]>
encodings.cp863: None -> <PyModule 'encodings.cp863' C:\Panda3D-1.9.0\python\lib\encodings\cp863.pyc imports=[('codecs', 0, 0, -1)] binaries=[] datas=[]>
encodings.cp864: None -> <PyModule 'encodings.cp864' C:\Panda3D-1.9.0\python\lib\encodings\cp864.pyc imports=[('codecs', 0, 0, -1)] binaries=[] datas=[]>
encodings.cp865: None -> <PyModule 'encodings.cp865' C:\Panda3D-1.9.0\python\lib\encodings\cp865.pyc imports=[('codecs', 0, 0, -1)] binaries=[] datas=[]>
encodings.cp866: None -> <PyModule 'encodings.cp866' C:\Panda3D-1.9.0\python\lib\encodings\cp866.pyc imports=[('codecs', 0, 0, -1)] binaries=[] datas=[]>
encodings.cp869: None -> <PyModule 'encodings.cp869' C:\Panda3D-1.9.0\python\lib\encodings\cp869.pyc imports=[('codecs', 0, 0, -1)] binaries=[] datas=[]>
encodings.cp874: None -> <PyModule 'encodings.cp874' C:\Panda3D-1.9.0\python\lib\encodings\cp874.pyc imports=[('codecs', 0, 0, -1)] binaries=[] datas=[]>
encodings.cp875: None -> <PyModule 'encodings.cp875' C:\Panda3D-1.9.0\python\lib\encodings\cp875.pyc imports=[('codecs', 0, 0, -1)] binaries=[] datas=[]>
encodings.cp932: None -> <PyModule 'encodings.cp932' C:\Panda3D-1.9.0\python\lib\encodings\cp932.pyc imports=[('_multibytecodec', 0, 0, -1), ('codecs', 0, 0, -1), ('_codecs_jp', 0, 0, -1)] binaries=[] datas=[]>
encodings.cp949: None -> <PyModule 'encodings.cp949' C:\Panda3D-1.9.0\python\lib\encodings\cp949.pyc imports=[('_codecs_kr', 0, 0, -1), ('_multibytecodec', 0, 0, -1), ('codecs', 0, 0, -1)] binaries=[] datas=[]>
encodings.cp950: None -> <PyModule 'encodings.cp950' C:\Panda3D-1.9.0\python\lib\encodings\cp950.pyc imports=[('_codecs_tw', 0, 0, -1), ('_multibytecodec', 0, 0, -1), ('codecs', 0, 0, -1)] binaries=[] datas=[]>
encodings.euc_jisx0213: None -> <PyModule 'encodings.euc_jisx0213' C:\Panda3D-1.9.0\python\lib\encodings\euc_jisx0213.pyc imports=[('_multibytecodec', 0, 0, -1), ('codecs', 0, 0, -1), ('_codecs_jp', 0, 0, -1)] binaries=[] datas=[]>
encodings.euc_jis_2004: None -> <PyModule 'encodings.euc_jis_2004' C:\Panda3D-1.9.0\python\lib\encodings\euc_jis_2004.pyc imports=[('_multibytecodec', 0, 0, -1), ('codecs', 0, 0, -1), ('_codecs_jp', 0, 0, -1)] binaries=[] datas=[]>
encodings.euc_jp: None -> <PyModule 'encodings.euc_jp' C:\Panda3D-1.9.0\python\lib\encodings\euc_jp.pyc imports=[('_multibytecodec', 0, 0, -1), ('codecs', 0, 0, -1), ('_codecs_jp', 0, 0, -1)] binaries=[] datas=[]>
encodings.euc_kr: None -> <PyModule 'encodings.euc_kr' C:\Panda3D-1.9.0\python\lib\encodings\euc_kr.pyc imports=[('_codecs_kr', 0, 0, -1), ('_multibytecodec', 0, 0, -1), ('codecs', 0, 0, -1)] binaries=[] datas=[]>
encodings.gb18030: None -> <PyModule 'encodings.gb18030' C:\Panda3D-1.9.0\python\lib\encodings\gb18030.pyc imports=[('_multibytecodec', 0, 0, -1), ('codecs', 0, 0, -1), ('_codecs_cn', 0, 0, -1)] binaries=[] datas=[]>
encodings.gb2312: None -> <PyModule 'encodings.gb2312' C:\Panda3D-1.9.0\python\lib\encodings\gb2312.pyc imports=[('_multibytecodec', 0, 0, -1), ('codecs', 0, 0, -1), ('_codecs_cn', 0, 0, -1)] binaries=[] datas=[]>
encodings.gbk: None -> <PyModule 'encodings.gbk' C:\Panda3D-1.9.0\python\lib\encodings\gbk.pyc imports=[('_multibytecodec', 0, 0, -1), ('codecs', 0, 0, -1), ('_codecs_cn', 0, 0, -1)] binaries=[] datas=[]>
encodings.hex_codec: None -> <PyModule 'encodings.hex_codec' C:\Panda3D-1.9.0\python\lib\encodings\hex_codec.pyc imports=[('binascii', 0, 0, -1), ('codecs', 0, 0, -1)] binaries=[] datas=[]>
encodings.hp_roman8: None -> <PyModule 'encodings.hp_roman8' C:\Panda3D-1.9.0\python\lib\encodings\hp_roman8.pyc imports=[('codecs', 0, 0, -1)] binaries=[] datas=[]>
encodings.hz: None -> <PyModule 'encodings.hz' C:\Panda3D-1.9.0\python\lib\encodings\hz.pyc imports=[('_multibytecodec', 0, 0, -1), ('codecs', 0, 0, -1), ('_codecs_cn', 0, 0, -1)] binaries=[] datas=[]>
encodings.idna: None -> <PyModule 'encodings.idna' C:\Panda3D-1.9.0\python\lib\encodings\idna.pyc imports=[('unicodedata.ucd_3_2_0', 0, 0, -1), ('re', 0, 0, -1), ('unicodedata', 0, 0, -1), ('codecs', 0, 0, -1), ('stringprep', 0, 0, -1)] binaries=[] datas=[]>
encodings.iso2022_jp: None -> <PyModule 'encodings.iso2022_jp' C:\Panda3D-1.9.0\python\lib\encodings\iso2022_jp.pyc imports=[('_codecs_iso2022', 0, 0, -1), ('codecs', 0, 0, -1), ('_multibytecodec', 0, 0, -1)] binaries=[] datas=[]>
encodings.iso2022_jp_1: None -> <PyModule 'encodings.iso2022_jp_1' C:\Panda3D-1.9.0\python\lib\encodings\iso2022_jp_1.pyc imports=[('_codecs_iso2022', 0, 0, -1), ('codecs', 0, 0, -1), ('_multibytecodec', 0, 0, -1)] binaries=[] datas=[]>
encodings.iso2022_jp_2: None -> <PyModule 'encodings.iso2022_jp_2' C:\Panda3D-1.9.0\python\lib\encodings\iso2022_jp_2.pyc imports=[('_codecs_iso2022', 0, 0, -1), ('codecs', 0, 0, -1), ('_multibytecodec', 0, 0, -1)] binaries=[] datas=[]>
encodings.iso2022_jp_2004: None -> <PyModule 'encodings.iso2022_jp_2004' C:\Panda3D-1.9.0\python\lib\encodings\iso2022_jp_2004.pyc imports=[('_codecs_iso2022', 0, 0, -1), ('codecs', 0, 0, -1), ('_multibytecodec', 0, 0, -1)] binaries=[] datas=[]>
encodings.iso2022_jp_3: None -> <PyModule 'encodings.iso2022_jp_3' C:\Panda3D-1.9.0\python\lib\encodings\iso2022_jp_3.pyc imports=[('_codecs_iso2022', 0, 0, -1), ('codecs', 0, 0, -1), ('_multibytecodec', 0, 0, -1)] binaries=[] datas=[]>
encodings.iso2022_jp_ext: None -> <PyModule 'encodings.iso2022_jp_ext' C:\Panda3D-1.9.0\python\lib\encodings\iso2022_jp_ext.pyc imports=[('_codecs_iso2022', 0, 0, -1), ('codecs', 0, 0, -1), ('_multibytecodec', 0, 0, -1)] binaries=[] datas=[]>
encodings.iso2022_kr: None -> <PyModule 'encodings.iso2022_kr' C:\Panda3D-1.9.0\python\lib\encodings\iso2022_kr.pyc imports=[('_codecs_iso2022', 0, 0, -1), ('codecs', 0, 0, -1), ('_multibytecodec', 0, 0, -1)] binaries=[] datas=[]>
encodings.iso8859_1: None -> <PyModule 'encodings.iso8859_1' C:\Panda3D-1.9.0\python\lib\encodings\iso8859_1.pyc imports=[('codecs', 0, 0, -1)] binaries=[] datas=[]>
encodings.iso8859_10: None -> <PyModule 'encodings.iso8859_10' C:\Panda3D-1.9.0\python\lib\encodings\iso8859_10.pyc imports=[('codecs', 0, 0, -1)] binaries=[] datas=[]>
encodings.iso8859_11: None -> <PyModule 'encodings.iso8859_11' C:\Panda3D-1.9.0\python\lib\encodings\iso8859_11.pyc imports=[('codecs', 0, 0, -1)] binaries=[] datas=[]>
encodings.iso8859_13: None -> <PyModule 'encodings.iso8859_13' C:\Panda3D-1.9.0\python\lib\encodings\iso8859_13.pyc imports=[('codecs', 0, 0, -1)] binaries=[] datas=[]>
encodings.iso8859_14: None -> <PyModule 'encodings.iso8859_14' C:\Panda3D-1.9.0\python\lib\encodings\iso8859_14.pyc imports=[('codecs', 0, 0, -1)] binaries=[] datas=[]>
encodings.iso8859_15: None -> <PyModule 'encodings.iso8859_15' C:\Panda3D-1.9.0\python\lib\encodings\iso8859_15.pyc imports=[('codecs', 0, 0, -1)] binaries=[] datas=[]>
encodings.iso8859_16: None -> <PyModule 'encodings.iso8859_16' C:\Panda3D-1.9.0\python\lib\encodings\iso8859_16.pyc imports=[('codecs', 0, 0, -1)] binaries=[] datas=[]>
encodings.iso8859_2: None -> <PyModule 'encodings.iso8859_2' C:\Panda3D-1.9.0\python\lib\encodings\iso8859_2.pyc imports=[('codecs', 0, 0, -1)] binaries=[] datas=[]>
encodings.iso8859_3: None -> <PyModule 'encodings.iso8859_3' C:\Panda3D-1.9.0\python\lib\encodings\iso8859_3.pyc imports=[('codecs', 0, 0, -1)] binaries=[] datas=[]>
encodings.iso8859_4: None -> <PyModule 'encodings.iso8859_4' C:\Panda3D-1.9.0\python\lib\encodings\iso8859_4.pyc imports=[('codecs', 0, 0, -1)] binaries=[] datas=[]>
encodings.iso8859_5: None -> <PyModule 'encodings.iso8859_5' C:\Panda3D-1.9.0\python\lib\encodings\iso8859_5.pyc imports=[('codecs', 0, 0, -1)] binaries=[] datas=[]>
encodings.iso8859_6: None -> <PyModule 'encodings.iso8859_6' C:\Panda3D-1.9.0\python\lib\encodings\iso8859_6.pyc imports=[('codecs', 0, 0, -1)] binaries=[] datas=[]>
encodings.iso8859_7: None -> <PyModule 'encodings.iso8859_7' C:\Panda3D-1.9.0\python\lib\encodings\iso8859_7.pyc imports=[('codecs', 0, 0, -1)] binaries=[] datas=[]>
encodings.iso8859_8: None -> <PyModule 'encodings.iso8859_8' C:\Panda3D-1.9.0\python\lib\encodings\iso8859_8.pyc imports=[('codecs', 0, 0, -1)] binaries=[] datas=[]>
encodings.iso8859_9: None -> <PyModule 'encodings.iso8859_9' C:\Panda3D-1.9.0\python\lib\encodings\iso8859_9.pyc imports=[('codecs', 0, 0, -1)] binaries=[] datas=[]>
encodings.johab: None -> <PyModule 'encodings.johab' C:\Panda3D-1.9.0\python\lib\encodings\johab.pyc imports=[('_codecs_kr', 0, 0, -1), ('_multibytecodec', 0, 0, -1), ('codecs', 0, 0, -1)] binaries=[] datas=[]>
encodings.koi8_r: None -> <PyModule 'encodings.koi8_r' C:\Panda3D-1.9.0\python\lib\encodings\koi8_r.pyc imports=[('codecs', 0, 0, -1)] binaries=[] datas=[]>
encodings.koi8_u: None -> <PyModule 'encodings.koi8_u' C:\Panda3D-1.9.0\python\lib\encodings\koi8_u.pyc imports=[('codecs', 0, 0, -1)] binaries=[] datas=[]>
encodings.latin_1: None -> <PyModule 'encodings.latin_1' C:\Panda3D-1.9.0\python\lib\encodings\latin_1.pyc imports=[('codecs', 0, 0, -1)] binaries=[] datas=[]>
encodings.mac_arabic: None -> <PyModule 'encodings.mac_arabic' C:\Panda3D-1.9.0\python\lib\encodings\mac_arabic.pyc imports=[('codecs', 0, 0, -1)] binaries=[] datas=[]>
encodings.mac_centeuro: None -> <PyModule 'encodings.mac_centeuro' C:\Panda3D-1.9.0\python\lib\encodings\mac_centeuro.pyc imports=[('codecs', 0, 0, -1)] binaries=[] datas=[]>
encodings.mac_croatian: None -> <PyModule 'encodings.mac_croatian' C:\Panda3D-1.9.0\python\lib\encodings\mac_croatian.pyc imports=[('codecs', 0, 0, -1)] binaries=[] datas=[]>
encodings.mac_cyrillic: None -> <PyModule 'encodings.mac_cyrillic' C:\Panda3D-1.9.0\python\lib\encodings\mac_cyrillic.pyc imports=[('codecs', 0, 0, -1)] binaries=[] datas=[]>
encodings.mac_farsi: None -> <PyModule 'encodings.mac_farsi' C:\Panda3D-1.9.0\python\lib\encodings\mac_farsi.pyc imports=[('codecs', 0, 0, -1)] binaries=[] datas=[]>
encodings.mac_greek: None -> <PyModule 'encodings.mac_greek' C:\Panda3D-1.9.0\python\lib\encodings\mac_greek.pyc imports=[('codecs', 0, 0, -1)] binaries=[] datas=[]>
encodings.mac_iceland: None -> <PyModule 'encodings.mac_iceland' C:\Panda3D-1.9.0\python\lib\encodings\mac_iceland.pyc imports=[('codecs', 0, 0, -1)] binaries=[] datas=[]>
encodings.mac_latin2: None -> <PyModule 'encodings.mac_latin2' C:\Panda3D-1.9.0\python\lib\encodings\mac_latin2.pyc imports=[('codecs', 0, 0, -1)] binaries=[] datas=[]>
encodings.mac_roman: None -> <PyModule 'encodings.mac_roman' C:\Panda3D-1.9.0\python\lib\encodings\mac_roman.pyc imports=[('codecs', 0, 0, -1)] binaries=[] datas=[]>
encodings.mac_romanian: None -> <PyModule 'encodings.mac_romanian' C:\Panda3D-1.9.0\python\lib\encodings\mac_romanian.pyc imports=[('codecs', 0, 0, -1)] binaries=[] datas=[]>
encodings.mac_turkish: None -> <PyModule 'encodings.mac_turkish' C:\Panda3D-1.9.0\python\lib\encodings\mac_turkish.pyc imports=[('codecs', 0, 0, -1)] binaries=[] datas=[]>
encodings.mbcs: None -> <PyModule 'encodings.mbcs' C:\Panda3D-1.9.0\python\lib\encodings\mbcs.pyc imports=[('codecs.mbcs_decode', 0, 0, -1), ('codecs', 0, 0, -1), ('codecs.mbcs_encode', 0, 0, -1)] binaries=[] datas=[]>
encodings.palmos: None -> <PyModule 'encodings.palmos' C:\Panda3D-1.9.0\python\lib\encodings\palmos.pyc imports=[('codecs', 0, 0, -1)] binaries=[] datas=[]>
encodings.ptcp154: None -> <PyModule 'encodings.ptcp154' C:\Panda3D-1.9.0\python\lib\encodings\ptcp154.pyc imports=[('codecs', 0, 0, -1)] binaries=[] datas=[]>
encodings.punycode: None -> <PyModule 'encodings.punycode' C:\Panda3D-1.9.0\python\lib\encodings\punycode.pyc imports=[('codecs', 0, 0, -1)] binaries=[] datas=[]>
encodings.quopri_codec: None -> <PyModule 'encodings.quopri_codec' C:\Panda3D-1.9.0\python\lib\encodings\quopri_codec.pyc imports=[('quopri', 0, 0, -1), ('cStringIO', 0, 0, -1), ('StringIO.StringIO', 0, 1, -1), ('cStringIO.StringIO', 0, 0, -1), ('StringIO', 0, 1, -1), ('codecs', 0, 0, -1)] binaries=[] datas=[]>
encodings.raw_unicode_escape: None -> <PyModule 'encodings.raw_unicode_escape' C:\Panda3D-1.9.0\python\lib\encodings\raw_unicode_escape.pyc imports=[('codecs', 0, 0, -1)] binaries=[] datas=[]>
encodings.rot_13: None -> <PyModule 'encodings.rot_13' C:\Panda3D-1.9.0\python\lib\encodings\rot_13.pyc imports=[('sys', 0, 1, -1), ('codecs', 0, 0, -1)] binaries=[] datas=[]>
encodings.shift_jis: None -> <PyModule 'encodings.shift_jis' C:\Panda3D-1.9.0\python\lib\encodings\shift_jis.pyc imports=[('_multibytecodec', 0, 0, -1), ('codecs', 0, 0, -1), ('_codecs_jp', 0, 0, -1)] binaries=[] datas=[]>
encodings.shift_jisx0213: None -> <PyModule 'encodings.shift_jisx0213' C:\Panda3D-1.9.0\python\lib\encodings\shift_jisx0213.pyc imports=[('_multibytecodec', 0, 0, -1), ('codecs', 0, 0, -1), ('_codecs_jp', 0, 0, -1)] binaries=[] datas=[]>
encodings.shift_jis_2004: None -> <PyModule 'encodings.shift_jis_2004' C:\Panda3D-1.9.0\python\lib\encodings\shift_jis_2004.pyc imports=[('_multibytecodec', 0, 0, -1), ('codecs', 0, 0, -1), ('_codecs_jp', 0, 0, -1)] binaries=[] datas=[]>
encodings.string_escape: None -> <PyModule 'encodings.string_escape' C:\Panda3D-1.9.0\python\lib\encodings\string_escape.pyc imports=[('codecs', 0, 0, -1)] binaries=[] datas=[]>
encodings.tis_620: None -> <PyModule 'encodings.tis_620' C:\Panda3D-1.9.0\python\lib\encodings\tis_620.pyc imports=[('codecs', 0, 0, -1)] binaries=[] datas=[]>
encodings.undefined: None -> <PyModule 'encodings.undefined' C:\Panda3D-1.9.0\python\lib\encodings\undefined.pyc imports=[('codecs', 0, 0, -1)] binaries=[] datas=[]>
encodings.unicode_escape: None -> <PyModule 'encodings.unicode_escape' C:\Panda3D-1.9.0\python\lib\encodings\unicode_escape.pyc imports=[('codecs', 0, 0, -1)] binaries=[] datas=[]>
encodings.unicode_internal: None -> <PyModule 'encodings.unicode_internal' C:\Panda3D-1.9.0\python\lib\encodings\unicode_internal.pyc imports=[('codecs', 0, 0, -1)] binaries=[] datas=[]>
encodings.utf_16: None -> <PyModule 'encodings.utf_16' C:\Panda3D-1.9.0\python\lib\encodings\utf_16.pyc imports=[('codecs', 0, 0, -1), ('sys', 0, 0, -1)] binaries=[] datas=[]>
encodings.utf_16_be: None -> <PyModule 'encodings.utf_16_be' C:\Panda3D-1.9.0\python\lib\encodings\utf_16_be.pyc imports=[('codecs', 0, 0, -1)] binaries=[] datas=[]>
encodings.utf_16_le: None -> <PyModule 'encodings.utf_16_le' C:\Panda3D-1.9.0\python\lib\encodings\utf_16_le.pyc imports=[('codecs', 0, 0, -1)] binaries=[] datas=[]>
encodings.utf_32: None -> <PyModule 'encodings.utf_32' C:\Panda3D-1.9.0\python\lib\encodings\utf_32.pyc imports=[('codecs', 0, 0, -1), ('sys', 0, 0, -1)] binaries=[] datas=[]>
encodings.utf_32_be: None -> <PyModule 'encodings.utf_32_be' C:\Panda3D-1.9.0\python\lib\encodings\utf_32_be.pyc imports=[('codecs', 0, 0, -1)] binaries=[] datas=[]>
encodings.utf_32_le: None -> <PyModule 'encodings.utf_32_le' C:\Panda3D-1.9.0\python\lib\encodings\utf_32_le.pyc imports=[('codecs', 0, 0, -1)] binaries=[] datas=[]>
encodings.utf_7: None -> <PyModule 'encodings.utf_7' C:\Panda3D-1.9.0\python\lib\encodings\utf_7.pyc imports=[('codecs', 0, 0, -1)] binaries=[] datas=[]>
encodings.utf_8: None -> <PyModule 'encodings.utf_8' C:\Panda3D-1.9.0\python\lib\encodings\utf_8.pyc imports=[('codecs', 0, 0, -1)] binaries=[] datas=[]>
encodings.utf_8_sig: None -> <PyModule 'encodings.utf_8_sig' C:\Panda3D-1.9.0\python\lib\encodings\utf_8_sig.pyc imports=[('codecs', 0, 0, -1)] binaries=[] datas=[]>
encodings.uu_codec: None -> <PyModule 'encodings.uu_codec' C:\Panda3D-1.9.0\python\lib\encodings\uu_codec.pyc imports=[('cStringIO.StringIO', 1, 0, -1), ('binascii.a2b_uu', 1, 0, -1), ('binascii', 1, 0, -1), ('binascii.b2a_uu', 1, 0, -1), ('binascii', 0, 0, -1), ('codecs', 0, 0, -1), ('cStringIO', 1, 0, -1)] binaries=[] datas=[]>
encodings.zlib_codec: None -> <PyModule 'encodings.zlib_codec' C:\Panda3D-1.9.0\python\lib\encodings\zlib_codec.pyc imports=[('zlib', 0, 0, -1), ('codecs', 0, 0, -1)] binaries=[] datas=[]>
_codecs: None -> <BuiltinModule '_codecs' None imports=[] binaries=[] datas=[]>
encodings.base64: None -> None
base64: None -> <PyModule 'base64' C:\Panda3D-1.9.0\python\lib\base64.pyc imports=[('sys', 1, 0, -1), ('binascii', 0, 0, -1), ('re', 0, 0, -1), ('struct', 0, 0, -1), ('getopt', 1, 0, -1)] binaries=[] datas=[]>
binascii: None -> <BuiltinModule 'binascii' None imports=[] binaries=[] datas=[]>
getopt: None -> <PyModule 'getopt' C:\Panda3D-1.9.0\python\lib\getopt.pyc imports=[('sys', 0, 1, -1), ('os', 0, 0, -1)] binaries=[] datas=[]>
_struct: None -> <BuiltinModule '_struct' None imports=[] binaries=[] datas=[]>
encodings._codecs_tw: None -> None
_codecs_tw: None -> <BuiltinModule '_codecs_tw' None imports=[] binaries=[] datas=[]>
encodings._multibytecodec: None -> None
_multibytecodec: None -> <BuiltinModule '_multibytecodec' None imports=[] binaries=[] datas=[]>
encodings._codecs_hk: None -> None
_codecs_hk: None -> <BuiltinModule '_codecs_hk' None imports=[] binaries=[] datas=[]>
encodings.bz2: None -> None
bz2: None -> <ExtensionModule 'bz2' C:\Panda3D-1.9.0\python\DLLs\bz2.pyd imports=[] binaries=[] datas=[]>
encodings._codecs_jp: None -> None
_codecs_jp: None -> <BuiltinModule '_codecs_jp' None imports=[] binaries=[] datas=[]>
encodings._codecs_kr: None -> None
_codecs_kr: None -> <BuiltinModule '_codecs_kr' None imports=[] binaries=[] datas=[]>
encodings._codecs_cn: None -> None
_codecs_cn: None -> <BuiltinModule '_codecs_cn' None imports=[] binaries=[] datas=[]>
encodings.binascii: None -> None
encodings.unicodedata: None -> None
unicodedata: None -> <ExtensionModule 'unicodedata' C:\Panda3D-1.9.0\python\DLLs\unicodedata.pyd imports=[] binaries=[] datas=[]>
encodings.re: None -> None
encodings.stringprep: None -> None
stringprep: None -> <PyModule 'stringprep' C:\Panda3D-1.9.0\python\lib\stringprep.pyc imports=[('unicodedata', 0, 0, -1), ('unicodedata.ucd_3_2_0', 0, 0, -1)] binaries=[] datas=[]>
encodings._codecs_iso2022: None -> None
_codecs_iso2022: None -> <BuiltinModule '_codecs_iso2022' None imports=[] binaries=[] datas=[]>
encodings.quopri: None -> None
quopri: None -> <PyModule 'quopri' C:\Panda3D-1.9.0\python\lib\quopri.pyc imports=[('cStringIO.StringIO', 1, 0, -1), ('getopt', 1, 0, -1), ('binascii.a2b_qp', 0, 0, -1), ('binascii.b2a_qp', 0, 0, -1), ('sys', 1, 0, -1), ('binascii', 0, 0, -1), ('cStringIO', 1, 0, -1)] binaries=[] datas=[]>
encodings.cStringIO: None -> None
encodings.StringIO: None -> None
encodings.sys: None -> None
encodings.zlib: None -> None
zlib: None -> <BuiltinModule 'zlib' None imports=[] binaries=[] datas=[]>
weakref: None -> <PyModule 'weakref' C:\Panda3D-1.9.0\python\lib\weakref.pyc imports=[('_weakrefset', 0, 0, -1), ('_weakref.ProxyType', 0, 0, -1), ('exceptions.ReferenceError', 0, 0, -1), ('_weakref.getweakrefcount', 0, 0, -1), ('copy.deepcopy', 1, 0, -1), ('_weakref.ref', 0, 0, -1), ('_weakref.ReferenceType', 0, 0, -1), ('exceptions', 0, 0, -1), ('_weakref.getweakrefs', 0, 0, -1), ('_weakref.CallableProxyType', 0, 0, -1), ('copy', 1, 0, -1), ('_weakrefset.WeakSet', 0, 0, -1), ('UserDict', 0, 0, -1), ('_weakref', 0, 0, -1), ('_weakref.proxy', 0, 0, -1)] binaries=[] datas=[]>
org: None -> None
  DEL org
org: None -> None
  DEL org
exceptions: None -> <BuiltinModule 'exceptions' None imports=[] binaries=[] datas=[]>
readline: None -> None
  DEL readline
dis: None -> <PyModule 'dis' C:\Panda3D-1.9.0\python\lib\dis.pyc imports=[('opcode', 0, 0, -1), ('opcode.*', 0, 0, -1), ('opcode.__all__', 0, 0, -1), ('sys', 0, 0, -1), ('types', 0, 0, -1)] binaries=[] datas=[]>
imp: None -> <BuiltinModule 'imp' None imports=[] binaries=[] datas=[]>
opcode: None -> <PyModule 'opcode' C:\Panda3D-1.9.0\python\lib\opcode.pyc imports=[] binaries=[] datas=[]>
_heapq: None -> <BuiltinModule '_heapq' None imports=[] binaries=[] datas=[]>
unittest.loader: None -> <PyModule 'unittest.loader' C:\Panda3D-1.9.0\python\lib\unittest\loader.pyc imports=[('re', 0, 0, -1), ('sys', 0, 0, -1), ('types', 0, 0, -1), ('os', 0, 0, -1), ('fnmatch.fnmatch', 0, 0, -1), ('fnmatch', 0, 0, -1), ('functools.cmp_to_key', 0, 0, -1), ('suite', 0, 0, 1), ('traceback', 0, 0, -1), ('case', 0, 0, 1), ('functools', 0, 0, -1), ('', 0, 0, 1)] binaries=[] datas=[]>
unittest.result: None -> <PyModule 'unittest.result' C:\Panda3D-1.9.0\python\lib\unittest\result.pyc imports=[('functools.wraps', 0, 0, -1), ('sys', 0, 0, -1), ('os', 0, 0, -1), ('StringIO.StringIO', 0, 0, -1), ('StringIO', 0, 0, -1), ('traceback', 0, 0, -1), ('util', 0, 0, 1), ('functools', 0, 0, -1), ('', 0, 0, 1)] binaries=[] datas=[]>
unittest.case: None -> <PyModule 'unittest.case' C:\Panda3D-1.9.0\python\lib\unittest\case.pyc imports=[('util._count_diff_hashable', 0, 0, 1), ('collections', 0, 0, -1), ('re', 0, 0, -1), ('util._count_diff_all_purpose', 0, 0, 1), ('sys', 0, 0, -1), ('types', 0, 0, -1), ('', 0, 0, 1), ('warnings', 0, 0, -1), ('util.safe_repr', 0, 0, 1), ('util.unorderable_list_difference', 0, 0, 1), ('difflib', 0, 0, -1), ('util.strclass', 0, 0, 1), ('pprint', 0, 0, -1), ('result', 0, 0, 1), ('util', 0, 0, 1), ('functools', 0, 0, -1)] binaries=[] datas=[]>
unittest.main: None -> <PyModule 'unittest.main' C:\Panda3D-1.9.0\python\lib\unittest\main.pyc imports=[('runner', 0, 0, 1), ('sys', 0, 0, -1), ('types', 0, 0, -1), ('os', 0, 0, -1), ('', 0, 0, 1), ('loader', 0, 0, 1), ('optparse', 1, 0, -1), ('getopt', 1, 0, -1), ('signals.installHandler', 0, 0, 1), ('signals', 0, 0, 1)] binaries=[] datas=[]>
unittest.signals: None -> <PyModule 'unittest.signals' C:\Panda3D-1.9.0\python\lib\unittest\signals.pyc imports=[('functools', 0, 0, -1), ('functools.wraps', 0, 0, -1), ('signal', 0, 0, -1), ('weakref', 0, 0, -1)] binaries=[] datas=[]>
unittest.suite: None -> <PyModule 'unittest.suite' C:\Panda3D-1.9.0\python\lib\unittest\suite.pyc imports=[('util', 0, 0, 1), ('case', 0, 0, 1), ('', 0, 0, 1), ('sys', 0, 0, -1)] binaries=[] datas=[]>
unittest.runner: None -> <PyModule 'unittest.runner' C:\Panda3D-1.9.0\python\lib\unittest\runner.pyc imports=[('result', 0, 0, 1), ('sys', 0, 0, -1), ('', 0, 0, 1), ('signals', 0, 0, 1), ('time', 0, 0, -1), ('signals.registerResult', 0, 0, 1)] binaries=[] datas=[]>
unittest.re: None -> None
unittest.sys: None -> None
unittest.types: None -> None
unittest.os: None -> None
unittest.fnmatch: None -> None
unittest.functools: None -> None
unittest.traceback: None -> None
unittest.util: None -> <PyModule 'unittest.util' C:\Panda3D-1.9.0\python\lib\unittest\util.pyc imports=[('collections', 0, 0, -1), ('collections.namedtuple', 0, 0, -1), ('collections.OrderedDict', 0, 0, -1)] binaries=[] datas=[]>
unittest.collections: None -> None
unittest.warnings: None -> None
unittest.difflib: None -> None
unittest.pprint: None -> None
unittest.StringIO: None -> None
unittest.optparse: None -> None
unittest.getopt: None -> None
unittest.time: None -> None
unittest.signal: None -> None
unittest.weakref: None -> None
fcntl: None -> None
  DEL fcntl
io: None -> <PyModule 'io' C:\Panda3D-1.9.0\python\lib\io.pyc imports=[('_io.BytesIO', 0, 0, -1), ('_io.BufferedRWPair', 0, 0, -1), ('_io.FileIO', 0, 0, -1), ('_io', 0, 0, -1), ('_io.IncrementalNewlineDecoder', 0, 0, -1), ('_io.UnsupportedOperation', 0, 0, -1), ('_io.BufferedWriter', 0, 0, -1), ('abc', 0, 0, -1), ('_io.open', 0, 0, -1), ('_io.TextIOWrapper', 0, 0, -1), ('_io.BufferedRandom', 0, 0, -1), ('_io.DEFAULT_BUFFER_SIZE', 0, 0, -1), ('_io.BlockingIOError', 0, 0, -1), ('_io.BufferedReader', 0, 0, -1), ('_io.StringIO', 0, 0, -1)] binaries=[] datas=[]>
hashlib: None -> <PyModule 'hashlib' C:\Panda3D-1.9.0\python\lib\hashlib.pyc imports=[('_sha256', 1, 1, -1), ('logging', 0, 1, -1), ('_sha512', 1, 1, -1), ('_sha', 1, 1, -1), ('_md5', 1, 1, -1), ('_hashlib', 0, 0, -1)] binaries=[] datas=[]>
math: None -> <BuiltinModule 'math' None imports=[] binaries=[] datas=[]>
_random: None -> <BuiltinModule '_random' None imports=[] binaries=[] datas=[]>
_sha256: None -> <BuiltinModule '_sha256' None imports=[] binaries=[] datas=[]>
logging: None -> <PkgModule 'logging' C:\Panda3D-1.9.0\python\lib\logging\__init__.pyc imports=[('threading', 0, 0, -1), ('sys', 0, 0, -1), ('os', 0, 0, -1), ('warnings', 0, 0, -1), ('atexit', 0, 0, -1), ('thread', 0, 0, -1), ('cStringIO', 0, 0, -1), ('traceback', 0, 0, -1), ('codecs', 0, 0, -1), ('time', 0, 0, -1), ('weakref', 0, 0, -1)] binaries=[] datas=[]>
_sha512: None -> <BuiltinModule '_sha512' None imports=[] binaries=[] datas=[]>
_sha: None -> <BuiltinModule '_sha' None imports=[] binaries=[] datas=[]>
_md5: None -> <BuiltinModule '_md5' None imports=[] binaries=[] datas=[]>
_hashlib: None -> <ExtensionModule '_hashlib' C:\Panda3D-1.9.0\python\DLLs\_hashlib.pyd imports=[] binaries=[] datas=[]>
logging.threading: None -> None
logging.sys: None -> None
logging.os: None -> None
logging.warnings: None -> None
logging.atexit: None -> None
atexit: None -> <PyModule 'atexit' C:\Panda3D-1.9.0\python\lib\atexit.pyc imports=[('traceback', 1, 1, -1), ('sys', 0, 0, -1)] binaries=[] datas=[]>
logging.thread: None -> None
logging.cStringIO: None -> None
logging.traceback: None -> None
logging.codecs: None -> None
logging.time: None -> None
logging.weakref: None -> None
_io: None -> <BuiltinModule '_io' None imports=[] binaries=[] datas=[]>
marshal: None -> <BuiltinModule 'marshal' None imports=[] binaries=[] datas=[]>
org: None -> None
  DEL org
org: None -> None
  DEL org
posix: None -> None
  DEL posix
posix: None -> None
  DEL posix
posix: None -> None
  DEL posix
pydoc: None -> <PyModule 'pydoc' C:\Panda3D-1.9.0\python\lib\pydoc.pyc imports=[('collections.deque', 0, 0, -1), ('string.rfind', 0, 0, -1), ('tty', 1, 0, -1), ('os', 0, 0, -1), ('warnings', 0, 0, -1), ('pkgutil', 0, 0, -1), ('string.rstrip', 0, 0, -1), ('getopt', 1, 0, -1), ('pydoc_data.topics', 1, 0, -1), ('string.find', 0, 0, -1), ('traceback.extract_tb', 0, 0, -1), ('sys', 0, 0, -1), ('formatter', 1, 1, -1), ('string.join', 0, 0, -1), ('string', 0, 0, -1), ('webbrowser', 1, 0, -1), ('repr', 0, 0, -1), ('string.expandtabs', 0, 0, -1), ('BaseHTTPServer', 1, 0, -1), ('collections', 0, 0, -1), ('string.split', 0, 0, -1), ('types', 0, 0, -1), ('StringIO', 1, 1, -1), ('repr.Repr', 0, 0, -1), ('string.strip', 0, 0, -1), ('re', 0, 0, -1), ('threading', 1, 0, -1), ('tempfile', 1, 0, -1), ('string.lower', 0, 0, -1), ('inspect', 0, 0, -1), ('select', 1, 0, -1), ('nturl2path', 1, 1, -1), ('imp', 0, 0, -1), ('mimetools', 1, 0, -1), ('__builtin__', 0, 0, -1), ('traceback', 0, 0, -1)] binaries=[] datas=[]>
tty: None -> <PyModule 'tty' C:\Panda3D-1.9.0\python\lib\tty.pyc imports=[('termios.*', 0, 0, -1), ('termios', 0, 0, -1)] binaries=[] datas=[]>
pkgutil: None -> <PyModule 'pkgutil' C:\Panda3D-1.9.0\python\lib\pkgutil.pyc imports=[('imp', 0, 0, -1), ('sys', 0, 0, -1), ('types', 0, 0, -1), ('os', 0, 0, -1), ('os.path', 0, 0, -1), ('zipimport.zipimporter', 0, 0, -1), ('zipimport', 0, 0, -1), ('marshal', 1, 0, -1), ('types.ModuleType', 0, 0, -1), ('inspect', 1, 0, -1)] binaries=[] datas=[]>
pydoc_data: None -> <PkgModule 'pydoc_data' C:\Panda3D-1.9.0\python\lib\pydoc_data\__init__.pyc imports=[] binaries=[] datas=[]>
pydoc_data.topics: None -> <PyModule 'pydoc_data.topics' C:\Panda3D-1.9.0\python\lib\pydoc_data\topics.pyc imports=[] binaries=[] datas=[]>
formatter: None -> <PyModule 'formatter' C:\Panda3D-1.9.0\python\lib\formatter.pyc imports=[('sys', 0, 0, -1)] binaries=[] datas=[]>
webbrowser: None -> <PyModule 'webbrowser' C:\Panda3D-1.9.0\python\lib\webbrowser.pyc imports=[('sys', 0, 0, -1), ('copy', 1, 1, -1), ('os', 0, 0, -1), ('glob', 1, 0, -1), ('tempfile', 1, 0, -1), ('stat', 0, 0, -1), ('subprocess', 0, 0, -1), ('pwd', 1, 0, -1), ('getopt', 1, 0, -1), ('socket', 1, 0, -1), ('time', 0, 0, -1), ('shlex', 0, 0, -1)] binaries=[] datas=[]>
BaseHTTPServer: None -> <PyModule 'BaseHTTPServer' C:\Panda3D-1.9.0\python\lib\BaseHTTPServer.pyc imports=[('sys', 0, 0, -1), ('warnings', 0, 0, -1), ('socket', 0, 0, -1), ('SocketServer', 0, 0, -1), ('warnings.catch_warnings', 0, 0, -1), ('mimetools', 0, 0, -1), ('warnings.filterwarnings', 0, 0, -1), ('time', 0, 0, -1)] binaries=[] datas=[]>
nturl2path: None -> <PyModule 'nturl2path' C:\Panda3D-1.9.0\python\lib\nturl2path.pyc imports=[('urllib', 1, 0, -1), ('string', 1, 0, -1)] binaries=[] datas=[]>
mimetools: None -> <PyModule 'mimetools' C:\Panda3D-1.9.0\python\lib\mimetools.pyc imports=[('warnings.warnpy3k', 0, 0, -1), ('sys', 0, 0, -1), ('uu', 1, 1, -1), ('os', 0, 0, -1), ('rfc822', 0, 0, -1), ('quopri', 1, 1, -1), ('warnings', 0, 0, -1), ('dummy_thread', 0, 1, -1), ('socket', 1, 1, -1), ('thread', 0, 0, -1), ('warnings.catch_warnings', 0, 0, -1), ('time', 1, 0, -1), ('base64', 1, 1, -1), ('warnings.filterwarnings', 0, 0, -1), ('tempfile', 0, 0, -1)] binaries=[] datas=[]>
termios: None -> None
  DEL termios
termios: None -> None
  DEL termios
zipimport: None -> <BuiltinModule 'zipimport' None imports=[] binaries=[] datas=[]>
glob: None -> <PyModule 'glob' C:\Panda3D-1.9.0\python\lib\glob.pyc imports=[('os', 0, 0, -1), ('re', 0, 0, -1), ('sys', 0, 0, -1), ('fnmatch', 0, 0, -1)] binaries=[] datas=[]>
pwd: None -> None
  DEL pwd
socket: None -> <PyModule 'socket' C:\Panda3D-1.9.0\python\lib\socket.pyc imports=[('_ssl.SSL_ERROR_EOF', 0, 1, -1), ('functools.partial', 0, 0, -1), ('_ssl.RAND_add', 0, 1, -1), ('os', 0, 0, -1), ('warnings', 0, 0, -1), ('_ssl.RAND_egd', 0, 1, -1), ('_ssl', 0, 1, -1), ('sys', 0, 0, -1), ('ssl', 1, 0, -1), ('cStringIO', 0, 0, -1), ('_ssl.SSL_ERROR_INVALID_ERROR_CODE', 0, 1, -1), ('_ssl.SSL_ERROR_WANT_X509_LOOKUP', 0, 1, -1), ('_ssl.SSL_ERROR_WANT_CONNECT', 0, 1, -1), ('_ssl.SSL_ERROR_SYSCALL', 0, 1, -1), ('_ssl.SSL_ERROR_WANT_WRITE', 0, 1, -1), ('_socket.*', 0, 0, -1), ('types', 0, 0, -1), ('_ssl.SSL_ERROR_WANT_READ', 0, 1, -1), ('_ssl', 0, 0, -1), ('_socket', 0, 0, -1), ('_ssl.RAND_status', 0, 1, -1), ('StringIO.StringIO', 0, 1, -1), ('cStringIO.StringIO', 0, 0, -1), ('errno', 0, 0, -1), ('_ssl.SSL_ERROR_SSL', 0, 1, -1), ('_ssl.SSL_ERROR_ZERO_RETURN', 0, 1, -1), ('functools', 0, 0, -1), ('types.MethodType', 0, 0, -1), ('_ssl.SSLError', 0, 1, -1), ('StringIO', 0, 1, -1)] binaries=[] datas=[]>
_ssl: None -> <ExtensionModule '_ssl' C:\Panda3D-1.9.0\python\DLLs\_ssl.pyd imports=[] binaries=[] datas=[]>
ssl: None -> <PyModule 'ssl' C:\Panda3D-1.9.0\python\lib\ssl.pyc imports=[('_ssl.OPENSSL_VERSION', 0, 0, -1), ('_ssl.SSL_ERROR_INVALID_ERROR_CODE', 0, 0, -1), ('_ssl.SSL_ERROR_WANT_X509_LOOKUP', 0, 0, -1), ('_ssl.RAND_status', 0, 0, -1), ('_ssl.SSL_ERROR_SYSCALL', 0, 0, -1), ('socket._fileobject', 0, 0, -1), ('_ssl.SSL_ERROR_WANT_WRITE', 0, 0, -1), ('_ssl.SSL_ERROR_SSL', 0, 0, -1), ('_ssl.SSL_ERROR_WANT_READ', 0, 0, -1), ('_ssl.OPENSSL_VERSION_INFO', 0, 0, -1), ('_ssl.PROTOCOL_TLSv1', 0, 0, -1), ('_ssl.PROTOCOL_SSLv3', 0, 0, -1), ('_ssl.SSL_ERROR_ZERO_RETURN', 0, 0, -1), ('_ssl.SSL_ERROR_EOF', 0, 0, -1), ('_ssl.RAND_add', 0, 0, -1), ('_ssl.OPENSSL_VERSION_NUMBER', 0, 0, -1), ('_ssl.CERT_REQUIRED', 0, 0, -1), ('_ssl.SSLError', 0, 0, -1), ('textwrap', 0, 0, -1), ('socket.error', 0, 0, -1), ('socket', 0, 0, -1), ('_ssl', 0, 0, -1), ('base64', 0, 0, -1), ('_ssl.PROTOCOL_SSLv23', 0, 0, -1), ('errno', 0, 0, -1), ('_ssl.RAND_egd', 0, 0, -1), ('_ssl.CERT_OPTIONAL', 0, 0, -1), ('_ssl.CERT_NONE', 0, 0, -1), ('socket._delegate_methods', 0, 0, -1), ('time', 1, 0, -1), ('socket.socket', 0, 0, -1), ('_ssl.SSL_ERROR_WANT_CONNECT', 0, 0, -1), ('socket.getnameinfo', 0, 0, -1), ('_ssl.PROTOCOL_SSLv2', 0, 0, -1)] binaries=[] datas=[]>
_socket: None -> <ExtensionModule '_socket' C:\Panda3D-1.9.0\python\DLLs\_socket.pyd imports=[] binaries=[] datas=[]>
SocketServer: None -> <PyModule 'SocketServer' C:\Panda3D-1.9.0\python\lib\SocketServer.pyc imports=[('threading', 0, 0, -1), ('sys', 0, 0, -1), ('select', 0, 0, -1), ('os', 0, 0, -1), ('StringIO', 1, 1, -1), ('StringIO.StringIO', 1, 1, -1), ('cStringIO.StringIO', 1, 0, -1), ('socket', 0, 0, -1), ('errno', 0, 0, -1), ('cStringIO', 1, 0, -1), ('dummy_threading', 0, 1, -1), ('traceback', 1, 0, -1)] binaries=[] datas=[]>
dummy_threading: None -> <PyModule 'dummy_threading' C:\Panda3D-1.9.0\python\lib\dummy_threading.pyc imports=[('dummy_thread', 0, 0, -1), ('threading', 0, 0, -1), ('sys', 0, 0, -1), ('_dummy_threading', 0, 0, -1), ('_dummy_threading.__all__', 0, 0, -1), ('_dummy_threading.*', 0, 0, -1), ('sys.modules', 0, 0, -1)] binaries=[] datas=[]>
_dummy_threading: None -> None
  DEL _dummy_threading
_dummy_threading: None -> None
  DEL _dummy_threading
_dummy_threading: None -> None
  DEL _dummy_threading
uu: None -> <PyModule 'uu' C:\Panda3D-1.9.0\python\lib\uu.pyc imports=[('optparse', 1, 0, -1), ('binascii', 0, 0, -1), ('sys', 0, 0, -1), ('os', 0, 0, -1)] binaries=[] datas=[]>
rfc822: None -> <PyModule 'rfc822' C:\Panda3D-1.9.0\python\lib\rfc822.pyc imports=[('sys', 0, 1, -1), ('warnings', 0, 0, -1), ('warnings.warnpy3k', 0, 0, -1), ('time', 0, 0, -1), ('os', 0, 1, -1)] binaries=[] datas=[]>
urllib: None -> <PyModule 'urllib' C:\Panda3D-1.9.0\python\lib\urllib.pyc imports=[('ssl', 0, 0, -1), ('cStringIO.StringIO', 1, 0, -1), ('os', 0, 0, -1), ('email.utils', 1, 0, -1), ('StringIO', 1, 1, -1), ('nturl2path.url2pathname', 0, 1, -1), ('re', 1, 0, -1), ('cStringIO', 1, 1, -1), ('_scproxy._get_proxy_settings', 0, 1, -1), ('tempfile', 1, 1, -1), ('ftplib', 1, 0, -1), ('fnmatch', 1, 0, -1), ('re', 1, 1, -1), ('sys', 0, 0, -1), ('_scproxy', 0, 1, -1), ('mimetools', 1, 0, -1), ('warnings.warnpy3k', 1, 0, -1), ('string', 0, 0, -1), ('cStringIO.StringIO', 1, 1, -1), ('nturl2path.pathname2url', 0, 1, -1), ('warnings', 1, 0, -1), ('time', 0, 0, -1), ('_scproxy._get_proxies', 0, 1, -1), ('rourl2path.pathname2url', 0, 1, -1), ('urlparse', 0, 0, -1), ('mimetypes', 1, 0, -1), ('rourl2path', 0, 1, -1), ('socket', 0, 0, -1), ('base64', 0, 0, -1), ('ftplib', 1, 1, -1), ('getpass', 1, 0, -1), ('cStringIO', 1, 0, -1), ('re', 0, 0, -1), ('httplib', 1, 0, -1), ('urlparse.urljoin', 0, 0, -1), ('rourl2path.url2pathname', 0, 1, -1), ('nturl2path', 0, 1, -1), ('_winreg', 1, 0, -1), ('mimetools', 1, 1, -1), ('fnmatch.fnmatch', 1, 0, -1), ('socket', 1, 0, -1), ('StringIO.StringIO', 1, 1, -1)] binaries=[] datas=[]>
email: None -> <PkgModule 'email' C:\Panda3D-1.9.0\python\lib\email\__init__.pyc imports=[('email.mime', 0, 0, -1), ('email.parser.Parser', 1, 0, -1), ('sys', 0, 0, -1), ('email.parser', 1, 0, -1), ('email.charset', 0, 0, -1), ('email.encoders', 0, 0, -1), ('email.errors', 0, 0, -1), ('email.feedparser', 0, 0, -1), ('email.generator', 0, 0, -1), ('email.header', 0, 0, -1), ('email.iterators', 0, 0, -1), ('email.message', 0, 0, -1), ('email.parser', 0, 0, -1), ('email.utils', 0, 0, -1), ('email.base64mime', 0, 0, -1), ('email.quoprimime', 0, 0, -1), ('email.mime.audio', 0, 0, -1), ('email.mime.base', 0, 0, -1), ('email.mime.image', 0, 0, -1), ('email.mime.message', 0, 0, -1), ('email.mime.multipart', 0, 0, -1), ('email.mime.nonmultipart', 0, 0, -1), ('email.mime.text', 0, 0, -1)] binaries=[] datas=[]>
email.utils: None -> <PyModule 'email.utils' C:\Panda3D-1.9.0\python\lib\email\utils.pyc imports=[('email._parseaddr', 0, 0, -1), ('email.encoders', 0, 0, -1), ('re', 0, 0, -1), ('email._parseaddr.parsedate', 0, 0, -1), ('email._parseaddr.parsedate_tz', 0, 0, -1), ('email._parseaddr.quote', 0, 0, -1), ('os', 0, 0, -1), ('urllib', 1, 0, -1), ('email._parseaddr.mktime_tz', 0, 0, -1), ('warnings', 0, 0, -1), ('quopri.decodestring', 0, 0, -1), ('socket', 0, 0, -1), ('email.encoders._qencode', 0, 0, -1), ('random', 0, 0, -1), ('urllib', 0, 0, -1), ('base64', 0, 0, -1), ('email.encoders._bencode', 0, 0, -1), ('time', 0, 0, -1), ('quopri', 0, 0, -1), ('email._parseaddr.AddressList', 0, 0, -1)] binaries=[] datas=[]>
_scproxy: None -> None
  DEL _scproxy
ftplib: None -> <PyModule 'ftplib' C:\Panda3D-1.9.0\python\lib\ftplib.pyc imports=[('ssl', 0, 0, -1), ('sys', 0, 0, -1), ('os', 0, 0, -1), ('re', 1, 1, -1), ('socket', 0, 0, -1), ('socket._GLOBAL_DEFAULT_TIMEOUT', 0, 0, -1), ('SOCKS', 0, 0, -1), ('socket', 0, 1, -1), ('socket.getfqdn', 0, 0, -1)] binaries=[] datas=[]>
_scproxy: None -> None
  DEL _scproxy
_scproxy: None -> None
  DEL _scproxy
rourl2path: None -> None
  DEL rourl2path
urlparse: None -> <PyModule 'urlparse' C:\Panda3D-1.9.0\python\lib\urlparse.pyc imports=[('collections', 0, 0, -1), ('re', 0, 0, -1), ('collections.namedtuple', 0, 0, -1)] binaries=[] datas=[]>
mimetypes: None -> <PyModule 'mimetypes' C:\Panda3D-1.9.0\python\lib\mimetypes.pyc imports=[('_winreg', 0, 0, -1), ('sys', 0, 0, -1), ('os', 0, 0, -1), ('urllib', 0, 0, -1), ('posixpath', 0, 0, -1), ('getopt', 0, 1, -1)] binaries=[] datas=[]>
rourl2path: None -> None
  DEL rourl2path
getpass: None -> <PyModule 'getpass' C:\Panda3D-1.9.0\python\lib\getpass.pyc imports=[('sys', 0, 0, -1), ('os', 0, 0, -1), ('EasyDialogs', 0, 1, -1), ('warnings', 0, 0, -1), ('EasyDialogs.AskPassword', 0, 1, -1), ('msvcrt', 1, 0, -1), ('msvcrt', 0, 1, -1), ('pwd', 1, 0, -1), ('termios', 0, 0, -1), ('os', 1, 0, -1)] binaries=[] datas=[]>
httplib: None -> <PyModule 'httplib' C:\Panda3D-1.9.0\python\lib\httplib.pyc imports=[('sys.py3kwarning', 0, 0, -1), ('ssl', 0, 0, -1), ('sys', 0, 0, -1), ('os', 0, 0, -1), ('array', 0, 0, -1), ('warnings', 0, 0, -1), ('socket', 0, 0, -1), ('cStringIO', 0, 0, -1), ('mimetools', 0, 0, -1), ('array.array', 0, 0, -1), ('StringIO.StringIO', 0, 1, -1), ('cStringIO.StringIO', 0, 0, -1), ('StringIO', 0, 1, -1), ('urlparse.urlsplit', 0, 0, -1), ('urlparse', 0, 0, -1), ('_ssl', 0, 0, -1), ('ssl', 0, 0, -1)] binaries=[] datas=[]>
rourl2path: None -> None
  DEL rourl2path
_winreg: None -> <BuiltinModule '_winreg' None imports=[] binaries=[] datas=[]>
email.email: None -> None
email.mime: None -> <PkgModule 'email.mime' C:\Panda3D-1.9.0\python\lib\email\mime\__init__.pyc imports=[] binaries=[] datas=[]>
email.parser: None -> <PyModule 'email.parser' C:\Panda3D-1.9.0\python\lib\email\parser.pyc imports=[('email.message', 0, 0, -1), ('warnings', 0, 0, -1), ('cStringIO', 0, 0, -1), ('email.feedparser', 0, 0, -1), ('cStringIO.StringIO', 0, 0, -1), ('email.feedparser.FeedParser', 0, 0, -1), ('email.message.Message', 0, 0, -1)] binaries=[] datas=[]>
email.sys: None -> None
email.charset: None -> <PyModule 'email.charset' C:\Panda3D-1.9.0\python\lib\email\charset.pyc imports=[('email.encoders', 0, 0, -1), ('email.quoprimime', 0, 0, -1), ('email', 0, 0, -1), ('email.errors', 0, 0, -1), ('email.base64mime', 0, 0, -1), ('email.encoders.encode_7or8bit', 0, 0, -1), ('codecs', 0, 0, -1)] binaries=[] datas=[]>
email.encoders: None -> <PyModule 'email.encoders' C:\Panda3D-1.9.0\python\lib\email\encoders.pyc imports=[('base64', 0, 0, -1), ('quopri.encodestring', 0, 0, -1), ('quopri', 0, 0, -1)] binaries=[] datas=[]>
email.errors: None -> <PyModule 'email.errors' C:\Panda3D-1.9.0\python\lib\email\errors.pyc imports=[] binaries=[] datas=[]>
email.feedparser: None -> <PyModule 'email.feedparser' C:\Panda3D-1.9.0\python\lib\email\feedparser.pyc imports=[('email.errors', 0, 0, -1), ('re', 0, 0, -1), ('email', 0, 0, -1), ('email.message', 0, 0, -1)] binaries=[] datas=[]>
email.generator: None -> <PyModule 'email.generator' C:\Panda3D-1.9.0\python\lib\email\generator.pyc imports=[('re', 0, 0, -1), ('sys', 0, 0, -1), ('warnings', 0, 0, -1), ('email.header.Header', 0, 0, -1), ('email.header', 0, 0, -1), ('cStringIO.StringIO', 0, 0, -1), ('cStringIO', 0, 0, -1), ('random', 0, 0, -1), ('time', 0, 0, -1)] binaries=[] datas=[]>
email.header: None -> <PyModule 'email.header' C:\Panda3D-1.9.0\python\lib\email\header.pyc imports=[('re', 0, 0, -1), ('email.quoprimime', 0, 0, -1), ('email.errors', 0, 0, -1), ('email.charset.Charset', 0, 0, -1), ('email.base64mime', 0, 0, -1), ('email.errors.HeaderParseError', 0, 0, -1), ('binascii', 0, 0, -1), ('email.charset', 0, 0, -1)] binaries=[] datas=[]>
email.iterators: None -> <PyModule 'email.iterators' C:\Panda3D-1.9.0\python\lib\email\iterators.pyc imports=[('cStringIO.StringIO', 0, 0, -1), ('cStringIO', 0, 0, -1), ('sys', 0, 0, -1)] binaries=[] datas=[]>
email.message: None -> <PyModule 'email.message' C:\Panda3D-1.9.0\python\lib\email\message.pyc imports=[('re', 0, 0, -1), ('email.iterators', 1, 0, -1), ('email', 0, 0, -1), ('email.errors', 0, 0, -1), ('email.iterators.walk', 1, 0, -1), ('warnings', 0, 0, -1), ('email.generator.Generator', 1, 0, -1), ('cStringIO', 0, 0, -1), ('email.utils', 0, 0, -1), ('cStringIO.StringIO', 0, 0, -1), ('binascii', 0, 0, -1), ('email.charset', 0, 0, -1), ('uu', 0, 0, -1), ('email.generator', 1, 0, -1), ('email.iterators', 0, 0, -1), ('email.generator', 0, 0, -1)] binaries=[] datas=[]>
email.base64mime: None -> <PyModule 'email.base64mime' C:\Panda3D-1.9.0\python\lib\email\base64mime.pyc imports=[('email.utils.fix_eols', 0, 0, -1), ('binascii', 0, 0, -1), ('email.utils', 0, 0, -1), ('binascii.a2b_base64', 0, 0, -1), ('binascii.b2a_base64', 0, 0, -1)] binaries=[] datas=[]>
email.quoprimime: None -> <PyModule 'email.quoprimime' C:\Panda3D-1.9.0\python\lib\email\quoprimime.pyc imports=[('string.hexdigits', 0, 0, -1), ('re', 0, 0, -1), ('email.utils.fix_eols', 0, 0, -1), ('string', 0, 0, -1), ('email.utils', 0, 0, -1)] binaries=[] datas=[]>
email.mime.audio: None -> <PyModule 'email.mime.audio' C:\Panda3D-1.9.0\python\lib\email\mime\audio.pyc imports=[('email.encoders', 0, 0, -1), ('email', 0, 0, -1), ('sndhdr', 0, 0, -1), ('email.mime.nonmultipart.MIMENonMultipart', 0, 0, -1), ('cStringIO', 0, 0, -1), ('email.mime.nonmultipart', 0, 0, -1), ('cStringIO.StringIO', 0, 0, -1)] binaries=[] datas=[]>
email.mime.base: None -> <PyModule 'email.mime.base' C:\Panda3D-1.9.0\python\lib\email\mime\base.pyc imports=[('email', 0, 0, -1), ('email.message', 0, 0, -1)] binaries=[] datas=[]>
email.mime.image: None -> <PyModule 'email.mime.image' C:\Panda3D-1.9.0\python\lib\email\mime\image.pyc imports=[('email.encoders', 0, 0, -1), ('email.mime.nonmultipart.MIMENonMultipart', 0, 0, -1), ('imghdr', 0, 0, -1), ('email.mime.nonmultipart', 0, 0, -1), ('email', 0, 0, -1)] binaries=[] datas=[]>
email.mime.message: None -> <PyModule 'email.mime.message' C:\Panda3D-1.9.0\python\lib\email\mime\message.pyc imports=[('email.mime.nonmultipart.MIMENonMultipart', 0, 0, -1), ('email.mime.nonmultipart', 0, 0, -1), ('email', 0, 0, -1), ('email.message', 0, 0, -1)] binaries=[] datas=[]>
email.mime.multipart: None -> <PyModule 'email.mime.multipart' C:\Panda3D-1.9.0\python\lib\email\mime\multipart.pyc imports=[('email.mime.base', 0, 0, -1), ('email.mime.base.MIMEBase', 0, 0, -1)] binaries=[] datas=[]>
email.mime.nonmultipart: None -> <PyModule 'email.mime.nonmultipart' C:\Panda3D-1.9.0\python\lib\email\mime\nonmultipart.pyc imports=[('email.errors', 0, 0, -1), ('email.mime.base', 0, 0, -1), ('email.mime.base.MIMEBase', 0, 0, -1), ('email', 0, 0, -1)] binaries=[] datas=[]>
email.mime.text: None -> <PyModule 'email.mime.text' C:\Panda3D-1.9.0\python\lib\email\mime\text.pyc imports=[('email.encoders', 0, 0, -1), ('email.mime.nonmultipart.MIMENonMultipart', 0, 0, -1), ('email.encoders.encode_7or8bit', 0, 0, -1), ('email.mime.nonmultipart', 0, 0, -1)] binaries=[] datas=[]>
email.warnings: None -> None
email.cStringIO: None -> None
email.re: None -> None
email.binascii: None -> None
email.uu: None -> None
email.random: None -> None
email.time: None -> None
email.string: None -> None
email._parseaddr: None -> <PyModule 'email._parseaddr' C:\Panda3D-1.9.0\python\lib\email\_parseaddr.pyc imports=[('calendar', 0, 0, -1), ('time', 0, 0, -1)] binaries=[] datas=[]>
email.os: None -> None
email.urllib: None -> None
email.quopri: None -> None
email.socket: None -> None
email.base64: None -> None
email.calendar: None -> None
email.codecs: None -> None
email.mime.email: None -> None
email.mime.sndhdr: None -> None
sndhdr: None -> <PyModule 'sndhdr' C:\Panda3D-1.9.0\python\lib\sndhdr.pyc imports=[('sys', 1, 0, -1), ('aifc', 1, 0, -1), ('glob', 1, 1, -1), ('os', 1, 0, -1)] binaries=[] datas=[]>
email.mime.cStringIO: None -> None
aifc: None -> <PyModule 'aifc' C:\Panda3D-1.9.0\python\lib\aifc.pyc imports=[('cl', 1, 1, -1), ('struct', 0, 0, -1), ('audioop', 1, 0, -1), ('chunk.Chunk', 0, 0, -1), ('__builtin__', 0, 0, -1), ('sys', 0, 1, -1), ('cl', 1, 0, -1), ('math', 1, 0, -1), ('chunk', 0, 0, -1), ('audioop', 1, 1, -1)] binaries=[] datas=[]>
cl: None -> None
  DEL cl
audioop: None -> <BuiltinModule 'audioop' None imports=[] binaries=[] datas=[]>
chunk: None -> <PyModule 'chunk' C:\Panda3D-1.9.0\python\lib\chunk.pyc imports=[('struct', 1, 0, -1)] binaries=[] datas=[]>
cl: None -> None
  DEL cl
email.mime.imghdr: None -> None
imghdr: None -> <PyModule 'imghdr' C:\Panda3D-1.9.0\python\lib\imghdr.pyc imports=[('sys', 1, 0, -1), ('glob', 1, 1, -1), ('os', 1, 0, -1)] binaries=[] datas=[]>
SOCKS: None -> None
  DEL SOCKS
EasyDialogs: None -> None
  DEL EasyDialogs
EasyDialogs: None -> None
  DEL EasyDialogs
pwd: None -> None
  DEL pwd
termios: None -> None
  DEL termios
__main__: <PyScript '__main__' C:\Panda3D-1.9.0\python\lib\site-packages\PyInstaller\loader\_pyi_bootstrap.py imports=[('sys', 0, 0, -1), ('os', 0, 0, -1), ('pyi_archive', 0, 0, -1), ('pyi_os_path', 0, 0, -1), ('site', 0, 0, -1), ('pyi_importers', 0, 0, -1), ('warnings', 0, 1, -1), ('encodings', 0, 0, -1)] binaries=[] datas=[]> -> <PyScript '__main__' C:\Panda3D-1.9.0\python\lib\site-packages\PyInstaller\loader\pyi_importers.py imports=[('pyi_archive.ZlibArchive', 0, 0, -1), ('imp', 0, 0, -1), ('sys', 0, 0, -1), ('pyi_archive.ArchiveReadError', 0, 0, -1), ('pyi_archive', 0, 0, -1), ('pyi_os_path', 0, 0, -1)] binaries=[] datas=[]>
posix: None -> None
  DEL posix
posix: None -> None
  DEL posix
posix: None -> None
  DEL posix
_emx_link: None -> None
  DEL _emx_link
_emx_link: None -> None
  DEL _emx_link
fcntl: None -> None
  DEL fcntl
readline: None -> None
  DEL readline
pwd: None -> None
  DEL pwd
org: None -> None
  DEL org
org: None -> None
  DEL org
readline: None -> None
  DEL readline
fcntl: None -> None
  DEL fcntl
org: None -> None
  DEL org
org: None -> None
  DEL org
posix: None -> None
  DEL posix
posix: None -> None
  DEL posix
posix: None -> None
  DEL posix
__main__: <PyScript '__main__' C:\Panda3D-1.9.0\python\lib\site-packages\PyInstaller\loader\pyi_importers.py imports=[('pyi_archive.ZlibArchive', 0, 0, -1), ('imp', 0, 0, -1), ('sys', 0, 0, -1), ('pyi_archive.ArchiveReadError', 0, 0, -1), ('pyi_archive', 0, 0, -1), ('pyi_os_path', 0, 0, -1)] binaries=[] datas=[]> -> <PyScript '__main__' C:\Panda3D-1.9.0\python\lib\site-packages\PyInstaller\loader\pyi_archive.py imports=[('imp', 0, 0, -1), ('sys', 0, 0, -1), ('marshal', 0, 0, -1), ('os', 1, 1, -1), ('struct', 0, 0, -1), ('imp', 1, 0, -1)] binaries=[] datas=[]>
posix: None -> None
  DEL posix
posix: None -> None
  DEL posix
posix: None -> None
  DEL posix
_emx_link: None -> None
  DEL _emx_link
_emx_link: None -> None
  DEL _emx_link
fcntl: None -> None
  DEL fcntl
readline: None -> None
  DEL readline
pwd: None -> None
  DEL pwd
org: None -> None
  DEL org
org: None -> None
  DEL org
readline: None -> None
  DEL readline
fcntl: None -> None
  DEL fcntl
org: None -> None
  DEL org
org: None -> None
  DEL org
__main__: <PyScript '__main__' C:\Panda3D-1.9.0\python\lib\site-packages\PyInstaller\loader\pyi_archive.py imports=[('imp', 0, 0, -1), ('sys', 0, 0, -1), ('marshal', 0, 0, -1), ('os', 1, 1, -1), ('struct', 0, 0, -1), ('imp', 1, 0, -1)] binaries=[] datas=[]> -> <PyScript '__main__' C:\Panda3D-1.9.0\python\lib\site-packages\PyInstaller\loader\pyi_carchive.py imports=[('zlib', 0, 0, -1), ('os.path', 1, 0, -1), ('pyi_archive', 0, 0, -1), ('sys', 0, 0, -1), ('struct', 0, 0, -1)] binaries=[] datas=[]>
posix: None -> None
  DEL posix
posix: None -> None
  DEL posix
posix: None -> None
  DEL posix
_emx_link: None -> None
  DEL _emx_link
_emx_link: None -> None
  DEL _emx_link
fcntl: None -> None
  DEL fcntl
readline: None -> None
  DEL readline
pwd: None -> None
  DEL pwd
org: None -> None
  DEL org
org: None -> None
  DEL org
readline: None -> None
  DEL readline
fcntl: None -> None
  DEL fcntl
org: None -> None
  DEL org
org: None -> None
  DEL org
__main__: <PyScript '__main__' C:\Panda3D-1.9.0\python\lib\site-packages\PyInstaller\loader\pyi_carchive.py imports=[('zlib', 0, 0, -1), ('os.path', 1, 0, -1), ('pyi_archive', 0, 0, -1), ('sys', 0, 0, -1), ('struct', 0, 0, -1)] binaries=[] datas=[]> -> <PyScript '__main__' C:\Panda3D-1.9.0\python\lib\site-packages\PyInstaller\loader\pyi_os_path.py imports=[('sys', 0, 0, -1), ('posix.environ', 0, 1, -1), ('nt.listdir', 0, 1, -1), ('nt.environ', 0, 1, -1), ('posix', 0, 1, -1), ('posix.listdir', 0, 1, -1), ('nt', 0, 1, -1)] binaries=[] datas=[]>
posix: None -> None
  DEL posix
posix: None -> None
  DEL posix
posix: None -> None
  DEL posix
__main__: <PyScript '__main__' C:\Panda3D-1.9.0\python\lib\site-packages\PyInstaller\loader\pyi_os_path.py imports=[('sys', 0, 0, -1), ('posix.environ', 0, 1, -1), ('nt.listdir', 0, 1, -1), ('nt.environ', 0, 1, -1), ('posix', 0, 1, -1), ('posix.listdir', 0, 1, -1), ('nt', 0, 1, -1)] binaries=[] datas=[]> -> <PyScript '__main__' setup.py imports=[('distutils.core.setup', 0, 0, -1), ('distutils.core', 0, 0, -1), ('py2exe', 0, 0, -1)] binaries=[] datas=[]>
distutils: None -> <PkgModule 'distutils' C:\Panda3D-1.9.0\python\lib\distutils\__init__.pyc imports=[] binaries=[] datas=[('include\\pyconfig.h', 'C:\\Panda3D-1.9.0\\python\\include\\pyconfig.h', 'DATA')]>
distutils.core: None -> <PyModule 'distutils.core' C:\Panda3D-1.9.0\python\lib\distutils\core.pyc imports=[('distutils.errors.DistutilsArgError', 0, 0, -1), ('distutils.errors.CCompilerError', 0, 0, -1), ('distutils.extension.Extension', 0, 0, -1), ('distutils.errors.DistutilsSetupError', 0, 0, -1), ('os', 0, 0, -1), ('distutils.util', 0, 0, -1), ('distutils.dist.Distribution', 0, 0, -1), ('distutils.dist', 0, 0, -1), ('distutils.debug.DEBUG', 0, 0, -1), ('distutils.debug', 0, 0, -1), ('distutils.extension', 0, 0, -1), ('distutils.cmd.Command', 0, 0, -1), ('distutils.errors', 0, 0, -1), ('distutils.errors.DistutilsError', 0, 0, -1), ('distutils.config.PyPIRCCommand', 0, 0, -1), ('distutils.util.grok_environment_error', 0, 0, -1), ('distutils.config', 0, 0, -1), ('distutils.cmd', 0, 0, -1), ('sys', 0, 0, -1)] binaries=[] datas=[]>
py2exe: None -> None
  DEL py2exe
distutils.distutils: None -> None
distutils.errors: None -> <PyModule 'distutils.errors' C:\Panda3D-1.9.0\python\lib\distutils\errors.pyc imports=[] binaries=[] datas=[]>
distutils.extension: None -> <PyModule 'distutils.extension' C:\Panda3D-1.9.0\python\lib\distutils\extension.pyc imports=[('distutils.sysconfig.parse_makefile', 1, 0, -1), ('distutils.text_file', 1, 0, -1), ('types.*', 0, 0, -1), ('types', 0, 0, -1), ('os', 0, 0, -1), ('distutils.util', 1, 0, -1), ('warnings', 0, 0, -1), ('distutils.util.split_quoted', 1, 0, -1), ('string', 0, 0, -1), ('distutils.sysconfig._variable_rx', 1, 0, -1), ('distutils.sysconfig', 1, 0, -1), ('distutils.sysconfig.expand_makefile_vars', 1, 0, -1), ('distutils.text_file.TextFile', 1, 0, -1), ('sys', 0, 0, -1)] binaries=[] datas=[]>
distutils.os: None -> None
distutils.util: None -> <PyModule 'distutils.util' C:\Panda3D-1.9.0\python\lib\distutils\util.pyc imports=[('distutils.spawn', 0, 0, -1), ('_osx_support', 1, 1, -1), ('re', 0, 0, -1), ('pwd', 1, 1, -1), ('tempfile.mkstemp', 1, 1, -1), ('sys', 0, 0, -1), ('os', 0, 0, -1), ('distutils.spawn.spawn', 0, 0, -1), ('tempfile', 1, 1, -1), ('distutils.errors.DistutilsByteCompileError', 0, 0, -1), ('string', 0, 0, -1), ('distutils', 0, 0, -1), ('distutils.dep_util', 0, 0, -1), ('distutils.errors.DistutilsPlatformError', 0, 0, -1), ('py_compile.compile', 1, 1, -1), ('distutils.errors', 0, 0, -1), ('tempfile.mktemp', 1, 1, -1), ('py_compile', 1, 1, -1), ('distutils.log', 0, 0, -1), ('distutils.sysconfig', 1, 1, -1), ('distutils.dep_util.newer', 0, 0, -1)] binaries=[] datas=[]>
distutils.dist: None -> <PyModule 'distutils.dist' C:\Panda3D-1.9.0\python\lib\distutils\dist.pyc imports=[('distutils.cmd.Command', 1, 0, -1), ('pprint.pformat', 1, 0, -1), ('os', 0, 0, -1), ('warnings', 0, 0, -1), ('ConfigParser.ConfigParser', 1, 0, -1), ('distutils.debug', 0, 0, -1), ('distutils.fancy_getopt.translate_longopt', 0, 0, -1), ('distutils.core.gen_usage', 1, 0, -1), ('distutils.log', 0, 0, -1), ('distutils.fancy_getopt', 0, 0, -1), ('distutils.errors.DistutilsModuleError', 0, 0, -1), ('sys', 0, 0, -1), ('email', 0, 0, -1), ('distutils.util.rfc822_escape', 0, 0, -1), ('distutils.util.check_environ', 0, 0, -1), ('distutils.util', 0, 0, -1), ('distutils.command', 1, 0, -1), ('distutils.debug.DEBUG', 0, 0, -1), ('ConfigParser', 1, 0, -1), ('distutils.fancy_getopt.FancyGetopt', 0, 0, -1), ('distutils.errors', 0, 0, -1), ('distutils.errors.DistutilsArgError', 0, 0, -1), ('distutils.core', 1, 0, -1), ('re', 0, 0, -1), ('pprint', 1, 0, -1), ('distutils', 0, 0, -1), ('distutils.errors.DistutilsOptionError', 0, 0, -1), ('email.message_from_file', 0, 0, -1), ('distutils.errors.DistutilsClassError', 0, 0, -1), ('distutils.cmd', 1, 0, -1), ('distutils.util.strtobool', 0, 0, -1), ('distutils.versionpredicate', 1, 0, -1)] binaries=[] datas=[]>
distutils.debug: None -> <PyModule 'distutils.debug' C:\Panda3D-1.9.0\python\lib\distutils\debug.pyc imports=[('os', 0, 0, -1)] binaries=[] datas=[]>
distutils.cmd: None -> <PyModule 'distutils.cmd' C:\Panda3D-1.9.0\python\lib\distutils\cmd.pyc imports=[('distutils.fancy_getopt.longopt_xlate', 1, 0, -1), ('re', 0, 0, -1), ('sys', 0, 0, -1), ('distutils.spawn.spawn', 1, 0, -1), ('os', 0, 0, -1), ('distutils.util', 0, 0, -1), ('distutils.dist', 1, 0, -1), ('distutils.spawn', 1, 0, -1), ('distutils.dir_util', 0, 0, -1), ('distutils', 0, 0, -1), ('distutils.dep_util', 0, 0, -1), ('distutils.debug.DEBUG', 1, 0, -1), ('distutils.errors.DistutilsOptionError', 0, 0, -1), ('distutils.debug', 1, 0, -1), ('distutils.errors', 0, 0, -1), ('distutils.archive_util', 0, 0, -1), ('distutils.log', 0, 0, -1), ('distutils.file_util', 0, 0, -1), ('distutils.dist.Distribution', 1, 0, -1), ('distutils.fancy_getopt', 1, 0, -1)] binaries=[] datas=[]>
distutils.config: None -> <PyModule 'distutils.config' C:\Panda3D-1.9.0\python\lib\distutils\config.pyc imports=[('os', 0, 0, -1), ('ConfigParser.ConfigParser', 0, 0, -1), ('ConfigParser', 0, 0, -1), ('distutils.cmd', 0, 0, -1), ('distutils.cmd.Command', 0, 0, -1)] binaries=[] datas=[]>
distutils.sys: None -> None
distutils.sysconfig: None -> <PyModule 'distutils.sysconfig' C:\Panda3D-1.9.0\python\lib\distutils\sysconfig.pyc imports=[('_osx_support', 1, 1, -1), ('distutils.text_file', 1, 0, -1), ('re', 0, 0, -1), ('_sysconfigdata.build_time_vars', 1, 0, -1), ('sys', 0, 0, -1), ('os', 0, 0, -1), ('string', 0, 0, -1), ('distutils.errors.DistutilsPlatformError', 0, 0, -1), ('distutils.errors', 0, 0, -1), ('_sysconfigdata', 1, 0, -1), ('distutils.text_file.TextFile', 1, 0, -1)] binaries=[] datas=[]>
distutils.text_file: None -> <PyModule 'distutils.text_file' C:\Panda3D-1.9.0\python\lib\distutils\text_file.pyc imports=[('sys', 0, 0, -1)] binaries=[] datas=[]>
distutils.types: None -> None
distutils.warnings: None -> None
distutils.string: None -> None
distutils._osx_support: None -> None
_osx_support: None -> <PyModule '_osx_support' C:\Panda3D-1.9.0\python\lib\_osx_support.pyc imports=[('re', 0, 0, -1), ('sys', 0, 0, -1), ('os', 0, 0, -1), ('distutils', 1, 1, -1), ('tempfile', 1, 0, -1), ('contextlib', 1, 0, -1), ('distutils.log', 1, 1, -1)] binaries=[] datas=[]>
distutils.re: None -> None
distutils._sysconfigdata: None -> None
_sysconfigdata: None -> None
  DEL _sysconfigdata
_sysconfigdata: None -> None
  DEL _sysconfigdata
contextlib: None -> <PyModule 'contextlib' C:\Panda3D-1.9.0\python\lib\contextlib.pyc imports=[('functools.wraps', 0, 0, -1), ('functools', 0, 0, -1), ('warnings', 0, 0, -1), ('sys', 0, 0, -1), ('warnings.warn', 0, 0, -1)] binaries=[] datas=[]>
distutils.log: None -> <PyModule 'distutils.log' C:\Panda3D-1.9.0\python\lib\distutils\log.pyc imports=[('sys', 0, 0, -1)] binaries=[] datas=[]>
posix: None -> None
  DEL posix
posix: None -> None
  DEL posix
posix: None -> None
  DEL posix
_emx_link: None -> None
  DEL _emx_link
_emx_link: None -> None
  DEL _emx_link
fcntl: None -> None
  DEL fcntl
readline: None -> None
  DEL readline
pwd: None -> None
  DEL pwd
org: None -> None
  DEL org
org: None -> None
  DEL org
readline: None -> None
  DEL readline
fcntl: None -> None
  DEL fcntl
org: None -> None
  DEL org
org: None -> None
  DEL org
distutils.spawn: None -> <PyModule 'distutils.spawn' C:\Panda3D-1.9.0\python\lib\distutils\spawn.pyc imports=[('distutils', 0, 1, -1), ('sys', 0, 0, -1), ('os', 0, 0, -1), ('distutils', 0, 0, -1), ('distutils.errors.DistutilsExecError', 0, 0, -1), ('distutils.errors.DistutilsPlatformError', 0, 0, -1), ('distutils.sysconfig', 0, 1, -1), ('distutils.errors', 0, 0, -1), ('errno', 1, 1, -1), ('distutils.log', 0, 0, -1)] binaries=[] datas=[]>
distutils.pwd: None -> None
pwd: None -> None
  DEL pwd
distutils.tempfile: None -> None
distutils.dep_util: None -> <PyModule 'distutils.dep_util' C:\Panda3D-1.9.0\python\lib\distutils\dep_util.pyc imports=[('stat.ST_MTIME', 0, 0, -1), ('os', 0, 0, -1), ('stat', 0, 0, -1), ('distutils.errors.DistutilsFileError', 0, 0, -1), ('distutils.errors', 0, 0, -1)] binaries=[] datas=[]>
distutils.py_compile: None -> None
py_compile: None -> <PyModule 'py_compile' C:\Panda3D-1.9.0\python\lib\py_compile.pyc imports=[('imp', 0, 0, -1), ('sys', 0, 0, -1), ('marshal', 0, 0, -1), ('os', 0, 0, -1), ('__builtin__', 0, 0, -1), ('traceback', 0, 0, -1)] binaries=[] datas=[]>
distutils.errno: None -> None
distutils.stat: None -> None
distutils.pprint: None -> None
distutils.ConfigParser: None -> None
ConfigParser: None -> <PyModule 'ConfigParser' C:\Panda3D-1.9.0\python\lib\ConfigParser.pyc imports=[('collections', 0, 0, -1), ('re', 0, 0, -1), ('UserDict', 0, 0, -1), ('collections.OrderedDict', 0, 0, -1)] binaries=[] datas=[]>
distutils.fancy_getopt: None -> <PyModule 'distutils.fancy_getopt' C:\Panda3D-1.9.0\python\lib\distutils\fancy_getopt.pyc imports=[('distutils.errors.DistutilsArgError', 0, 0, -1), ('re', 0, 0, -1), ('sys', 0, 0, -1), ('getopt', 0, 0, -1), ('string', 0, 0, -1), ('distutils.errors', 0, 0, -1), ('distutils.errors.DistutilsGetoptError', 0, 0, -1)] binaries=[] datas=[]>
distutils.email: None -> None
distutils.command: None -> <PkgModule 'distutils.command' C:\Panda3D-1.9.0\python\lib\distutils\command\__init__.pyc imports=[] binaries=[] datas=[]>
email.message_from_file: None -> None
  DEL email.message_from_file
distutils.versionpredicate: None -> <PyModule 'distutils.versionpredicate' C:\Panda3D-1.9.0\python\lib\distutils\versionpredicate.pyc imports=[('re', 0, 0, -1), ('distutils.version', 0, 0, -1), ('operator', 0, 0, -1)] binaries=[] datas=[]>
distutils.dir_util: None -> <PyModule 'distutils.dir_util' C:\Panda3D-1.9.0\python\lib\distutils\dir_util.pyc imports=[('distutils.file_util', 1, 0, -1), ('os', 0, 0, -1), ('distutils.errors.DistutilsInternalError', 0, 0, -1), ('distutils.util', 1, 0, -1), ('distutils', 0, 0, -1), ('distutils.util.grok_environment_error', 1, 0, -1), ('distutils.errors', 0, 0, -1), ('errno', 0, 0, -1), ('distutils.log', 0, 0, -1), ('distutils.file_util.copy_file', 1, 0, -1), ('distutils.errors.DistutilsFileError', 0, 0, -1)] binaries=[] datas=[]>
distutils.archive_util: None -> <PyModule 'distutils.archive_util' C:\Panda3D-1.9.0\python\lib\distutils\archive_util.pyc imports=[('distutils.spawn', 0, 0, -1), ('pwd.getpwnam', 0, 0, -1), ('distutils.dir_util', 0, 0, -1), ('distutils.log', 0, 0, -1), ('sys', 0, 0, -1), ('grp', 0, 0, -1), ('os', 0, 0, -1), ('distutils.spawn.spawn', 0, 0, -1), ('warnings', 0, 0, -1), ('distutils', 0, 0, -1), ('distutils.errors.DistutilsExecError', 0, 0, -1), ('pwd', 0, 0, -1), ('distutils.dir_util.mkpath', 0, 0, -1), ('grp.getgrnam', 0, 0, -1), ('distutils.errors', 0, 0, -1), ('zipfile', 1, 0, -1), ('warnings.warn', 0, 0, -1), ('tarfile', 1, 0, -1)] binaries=[] datas=[]>
distutils.file_util: None -> <PyModule 'distutils.file_util' C:\Panda3D-1.9.0\python\lib\distutils\file_util.pyc imports=[('os.path.exists', 1, 0, -1), ('stat', 1, 0, -1), ('errno', 1, 0, -1), ('os', 0, 0, -1), ('os.path.isdir', 1, 0, -1), ('stat.S_IMODE', 1, 0, -1), ('distutils', 0, 0, -1), ('os.path.basename', 1, 0, -1), ('os.path.dirname', 1, 0, -1), ('stat.ST_ATIME', 1, 0, -1), ('stat.ST_MTIME', 1, 0, -1), ('distutils.errors', 0, 0, -1), ('os.path.isfile', 1, 0, -1), ('stat.ST_MODE', 1, 0, -1), ('os.path', 1, 0, -1), ('distutils.log', 0, 0, -1), ('distutils.dep_util.newer', 1, 0, -1), ('distutils.dep_util', 1, 0, -1), ('distutils.errors.DistutilsFileError', 0, 0, -1)] binaries=[] datas=[]>
distutils.getopt: None -> None
pwd: None -> None
  DEL pwd
distutils.grp: None -> None
grp: None -> None
  DEL grp
pwd: None -> None
  DEL pwd
grp: None -> None
  DEL grp
distutils.zipfile: None -> None
zipfile: None -> <PyModule 'zipfile' C:\Panda3D-1.9.0\python\lib\zipfile.pyc imports=[('re', 0, 0, -1), ('textwrap', 1, 0, -1), ('sys', 0, 0, -1), ('shutil', 0, 0, -1), ('os', 0, 0, -1), ('struct', 0, 0, -1), ('cStringIO', 0, 0, -1), ('stat', 0, 0, -1), ('string', 0, 0, -1), ('zlib', 0, 0, -1), ('binascii', 0, 0, -1), ('py_compile', 1, 1, -1), ('time', 0, 0, -1), ('io', 0, 0, -1)] binaries=[] datas=[]>
distutils.tarfile: None -> None
tarfile: None -> <PyModule 'tarfile' C:\Panda3D-1.9.0\python\lib\tarfile.pyc imports=[('pwd', 0, 0, -1), ('cStringIO.StringIO', 1, 0, -1), ('os', 0, 0, -1), ('StringIO', 1, 1, -1), ('struct', 0, 0, -1), ('grp', 0, 0, -1), ('calendar', 1, 0, -1), ('gzip', 1, 0, -1), ('sys', 0, 0, -1), ('shutil', 0, 0, -1), ('warnings', 1, 0, -1), ('bz2', 1, 0, -1), ('time', 0, 0, -1), ('warnings.warnpy3k', 1, 0, -1), ('zlib', 1, 1, -1), ('errno', 0, 0, -1), ('cStringIO', 1, 0, -1), ('re', 0, 0, -1), ('copy', 0, 0, -1), ('StringIO.StringIO', 1, 1, -1), ('warnings', 1, 1, -1), ('operator', 0, 0, -1), ('bz2', 1, 1, -1), ('stat', 0, 0, -1)] binaries=[] datas=[]>
shutil: None -> <PyModule 'shutil' C:\Panda3D-1.9.0\python\lib\shutil.pyc imports=[('collections', 0, 0, -1), ('distutils.spawn', 1, 0, -1), ('pwd', 0, 0, -1), ('sys', 0, 0, -1), ('os.path', 0, 0, -1), ('os', 0, 0, -1), ('distutils.errors', 1, 0, -1), ('tarfile', 1, 0, -1), ('fnmatch', 0, 0, -1), ('grp', 0, 0, -1), ('os.path.abspath', 0, 0, -1), ('stat', 0, 0, -1), ('grp.getgrnam', 0, 0, -1), ('pwd.getpwnam', 0, 0, -1), ('errno', 0, 0, -1), ('zipfile', 1, 0, -1), ('distutils.spawn.spawn', 1, 0, -1), ('distutils.errors.DistutilsExecError', 1, 0, -1)] binaries=[] datas=[]>
pwd: None -> None
  DEL pwd
grp: None -> None
  DEL grp
grp: None -> None
  DEL grp
pwd: None -> None
  DEL pwd
pwd: None -> None
  DEL pwd
grp: None -> None
  DEL grp
gzip: None -> <PyModule 'gzip' C:\Panda3D-1.9.0\python\lib\gzip.pyc imports=[('sys', 0, 0, -1), ('os', 0, 0, -1), ('struct', 0, 0, -1), ('__builtin__', 0, 0, -1), ('zlib', 0, 0, -1), ('warnings', 1, 0, -1), ('errno', 1, 1, -1), ('time', 0, 0, -1), ('io', 0, 0, -1)] binaries=[] datas=[]>
_scproxy: None -> None
  DEL _scproxy
_scproxy: None -> None
  DEL _scproxy
_scproxy: None -> None
  DEL _scproxy
rourl2path: None -> None
  DEL rourl2path
rourl2path: None -> None
  DEL rourl2path
rourl2path: None -> None
  DEL rourl2path
SOCKS: None -> None
  DEL SOCKS
EasyDialogs: None -> None
  DEL EasyDialogs
EasyDialogs: None -> None
  DEL EasyDialogs
pwd: None -> None
  DEL pwd
termios: None -> None
  DEL termios
cl: None -> None
  DEL cl
cl: None -> None
  DEL cl
distutils.version: None -> <PyModule 'distutils.version' C:\Panda3D-1.9.0\python\lib\distutils\version.pyc imports=[('re', 0, 0, -1), ('types.StringType', 0, 0, -1), ('string', 0, 0, -1), ('types', 0, 0, -1)] binaries=[] datas=[]>
distutils.operator: None -> None
