ToontownStart: Polling for game2 to finish...
ToontownStart: Game2 is finished.
ToontownStart: Starting the game.
ToontownStart: setting default font
TTLocalizer: Running in language: english
from toontown.toonbase.TTLocalizerEnglish import *
OTPLocalizer: Running in language: english
from otp.otpbase.OTPLocalizerEnglish import *
Traceback (most recent call last):
  File "__main__", line 1547, in <module>
  File "toontown.toonbase.MiraiStart", line 184, in <module>
  File "toontown.toonbase.ToontownStart", line 66, in <module>
  File "toontown.toonbase.ToonBase", line 87, in __init__
  File "toontown.toonbase.ToontownLoader", line 15, in __init__
  File "toontown.toontowngui.ToontownLoadingScreen", line 12, in __init__
  File "direct.showbase.Loader", line 170, in loadModel
IOError: Could not load model file(s): ['phase_3/models/gui/progress-background']
ToontownStart: Polling for game2 to finish...
ToontownStart: Game2 is finished.
ToontownStart: Starting the game.
ToontownStart: setting default font
TTLocalizer: Running in language: english
from toontown.toonbase.TTLocalizerEnglish import *
OTPLocalizer: Running in language: english
from otp.otpbase.OTPLocalizerEnglish import *
Traceback (most recent call last):
  File "__main__", line 1547, in <module>
  File "toontown.toonbase.MiraiStart", line 184, in <module>
  File "toontown.toonbase.ToontownStart", line 66, in <module>
  File "toontown.toonbase.ToonBase", line 87, in __init__
  File "toontown.toonbase.ToontownLoader", line 15, in __init__
  File "toontown.toontowngui.ToontownLoadingScreen", line 12, in __init__
  File "direct.showbase.Loader", line 170, in loadModel
IOError: Could not load model file(s): ['phase_3/models/gui/progress-background']
