ToontownStart: Polling for game2 to finish...
ToontownStart: Game2 is finished.
ToontownStart: Starting the game.
ToontownStart: setting default font
TTLocalizer: Running in language: english
from toontown.toonbase.TTLocalizerEnglish import *
OTPLocalizer: Running in language: english
from otp.otpbase.OTPLocalizerEnglish import *
ToontownStart: Loading default gui sounds
ToontownStart: serverVersion:  ttw-alpha-2.0.0
{401000001: <toontown.distributed.ToontownDistrict.ToontownDistrict instance at 0x116a20b00>}
local
1
fisherman origin:  render/scene/toontownCentral/2000:safe_zone/fishing_pond_1/npc_fisherman_origin_0
OnscreenText.configure: mayChange == 0
OnscreenText.configure: mayChange == 0
OnscreenText.configure: mayChange == 0
OnscreenText.configure: mayChange == 0
frame rate: 32.1 fps|0.107d|3 avs||321|322||0x0000|0x0000|0.0MB|0.0MB|0.0MB|0|darwin.5.10.9|0.000,0.000|0,0 cpus|OpenGL
ignoring InputState-forward
{401000001: <toontown.distributed.ToontownDistrict.ToontownDistrict instance at 0x116a20b00>}
local
1
fisherman origin:  render/scene/toontownCentral/2000:safe_zone/fishing_pond_1/npc_fisherman_origin_0
Exception occurred while processing Sequence-2356:
Sequence-2356:
  0.000 Sequence-2356 {
  0.000   Sequence-2353 {
  0.000     *Func-setSystemMessage-109
  0.000     Parallel-2352 {
  0.000       LerpColorScaleInterval-3663: color_scale to 0 0 0 1 dur 2.5
  0.000       LerpColorScaleInterval-3664: color_scale to 0.25 0.25 0.35 1 dur 2.5
  0.000       LerpColorScaleInterval-3665: color_scale to 0.25 0.25 0.35 1 dur 2.5
  0.000       LerpColorScaleInterval-3666: color_scale to 0.55 0.55 0.65 1 dur 2.5
  0.000       LerpColorScaleInterval-3667: color_scale to 0.85 0.85 0.85 1 dur 2.5
  0.000       *Func-__lightDecorationOn__-110
  2.500     }
  2.500     *Func-setBackgroundColor-111
  2.500     *Func-__checkDDFog-112
  2.500     *Func-setFar-113
  2.500     *Func-hide-114
  2.500     *Func-setSystemMessage-115
  2.500     *Func-stop-116
  2.500     Wait dur 2
  4.500     *Func-playMusic-117
  4.500   }
  4.500   *Func-beginFireworkShow-125
  4.500   Wait dur 68.06
 72.560   Sequence-2355 {
 72.560     *Func-show-118
 72.560     Parallel-2354 {
 72.560       LerpColorScaleInterval-3668: color_scale to 1 1 1 1 dur 2.5
 72.560       LerpColorScaleInterval-3669: color_scale to 1 1 1 1 dur 2.5
 72.560       LerpColorScaleInterval-3670: color_scale to 1 1 1 1 dur 2.5
 72.560       LerpColorScaleInterval-3671: color_scale to 1 1 1 1 dur 2.5
 72.560       LerpColorScaleInterval-3672: color_scale to 1 1 1 1 dur 2.5
 75.060     }
 75.060     *Func-__restoreDDFog-119
 75.060     *Func-restoreCameraLens-120
 75.060     *Func-setBackgroundColor-121
 75.060     *Func-stop-122
 75.060     *Func-setSystemMessage-123
 75.060     Wait dur 2
 77.060     *Func-playMusic-124
 77.060   }
 77.060 }

Traceback (most recent call last):
  File "/Developer/Panda3D/direct/showbase/ShowBase.py", line 1803, in __ivalLoop
    IntervalManager.ivalMgr.step()
  File "/Developer/Panda3D/direct/interval/IntervalManager.py", line 96, in step
    self.__doPythonCallbacks()
  File "/Developer/Panda3D/direct/interval/IntervalManager.py", line 124, in __doPythonCallbacks
    self.ivals[index].privPostEvent()
  File "/Developer/Panda3D/direct/interval/MetaInterval.py", line 518, in privPostEvent
    self.__doPythonCallbacks()
  File "/Developer/Panda3D/direct/interval/MetaInterval.py", line 487, in __doPythonCallbacks
    while (self.isEventReady()):
AssertionError: !is_empty() at line 1022 of panda/src/pgraph/nodePath.cxx
Traceback (most recent call last):
  File "otp/otpbase/OTPBase.py", line 238, in run
    taskMgr.run()
  File "/Developer/Panda3D/direct/task/Task.py", line 503, in run
    self.step()
  File "/Developer/Panda3D/direct/task/Task.py", line 461, in step
    self.mgr.poll()
  File "/Developer/Panda3D/direct/showbase/ShowBase.py", line 1803, in __ivalLoop
    IntervalManager.ivalMgr.step()
  File "/Developer/Panda3D/direct/interval/IntervalManager.py", line 96, in step
    self.__doPythonCallbacks()
  File "/Developer/Panda3D/direct/interval/IntervalManager.py", line 124, in __doPythonCallbacks
    self.ivals[index].privPostEvent()
  File "/Developer/Panda3D/direct/interval/MetaInterval.py", line 518, in privPostEvent
    self.__doPythonCallbacks()
  File "/Developer/Panda3D/direct/interval/MetaInterval.py", line 487, in __doPythonCallbacks
    while (self.isEventReady()):
AssertionError: !is_empty() at line 1022 of panda/src/pgraph/nodePath.cxx
/usr/bin/python: No module named toontown.toonbase.ToontownStart.py
