ToontownStart: Polling for game2 to finish...
ToontownStart: Game2 is finished.
ToontownStart: Starting the game.
ToontownStart: setting default font
TTLocalizer: Running in language: english
from toontown.toonbase.TTLocalizerEnglish import *
OTPLocalizer: Running in language: english
from otp.otpbase.OTPLocalizerEnglish import *
ToontownStart: Loading default gui sounds
ToontownStart: serverVersion:  ttw-alpha-dev-build-2.0.0
{401000001: <toontown.distributed.ToontownDistrict.ToontownDistrict instance at 0x1258fe098>}
local
3
Traceback (most recent call last):
  File "/Developer/Panda3D/direct/distributed/ConnectionRepository.py", line 613, in readerPollUntilEmpty
    while self.readerPollOnce():
  File "/Developer/Panda3D/direct/distributed/ConnectionRepository.py", line 620, in readerPollOnce
    self.handleDatagram(self.private__di)
  File "otp/distributed/OTPClientRepository.py", line 1878, in handleDatagram
    self.handler(msgType, di)
  File "otp/distributed/OTPClientRepository.py", line 1485, in handlePlayGame
    self.handleGenerateWithRequired(di)
  File "otp/distributed/OTPClientRepository.py", line 1949, in handleGenerateWithRequired
    distObj = self.generateWithRequiredFields(dclass, doId, di, parentId, zoneId)
  File "/Developer/Panda3D/direct/distributed/ClientRepositoryBase.py", line 254, in generateWithRequiredFields
    distObj = classDef(self)
  File "toontown/election/DistributedElectionEvent.py", line 95, in __init__
    self.goopCollision = self.buddyStand.attachNewNode(CollisionNode('goop_collision'))
AttributeError: DistributedElectionEvent instance has no attribute 'buddyStand'
Traceback (most recent call last):
  File "otp/otpbase/OTPBase.py", line 238, in run
    taskMgr.run()
  File "/Developer/Panda3D/direct/task/Task.py", line 503, in run
    self.step()
  File "/Developer/Panda3D/direct/task/Task.py", line 461, in step
    self.mgr.poll()
  File "/Developer/Panda3D/direct/distributed/ConnectionRepository.py", line 613, in readerPollUntilEmpty
    while self.readerPollOnce():
  File "/Developer/Panda3D/direct/distributed/ConnectionRepository.py", line 620, in readerPollOnce
    self.handleDatagram(self.private__di)
  File "otp/distributed/OTPClientRepository.py", line 1878, in handleDatagram
    self.handler(msgType, di)
  File "otp/distributed/OTPClientRepository.py", line 1485, in handlePlayGame
    self.handleGenerateWithRequired(di)
  File "otp/distributed/OTPClientRepository.py", line 1949, in handleGenerateWithRequired
    distObj = self.generateWithRequiredFields(dclass, doId, di, parentId, zoneId)
  File "/Developer/Panda3D/direct/distributed/ClientRepositoryBase.py", line 254, in generateWithRequiredFields
    distObj = classDef(self)
  File "toontown/election/DistributedElectionEvent.py", line 95, in __init__
    self.goopCollision = self.buddyStand.attachNewNode(CollisionNode('goop_collision'))
AttributeError: DistributedElectionEvent instance has no attribute 'buddyStand'
/usr/bin/ppython: No module named toontown.toonbase.ToontownStart.py
