ToontownStart: Polling for game2 to finish...
ToontownStart: Game2 is finished.
ToontownStart: Starting the game.
ToontownStart: setting default font
TTLocalizer: Running in language: english
from toontown.toonbase.TTLocalizerEnglish import *
OTPLocalizer: Running in language: english
from otp.otpbase.OTPLocalizerEnglish import *
ToontownStart: Loading default gui sounds
ToontownStart: serverVersion:  ttw-alpha-dev-build-2.0.0
{401000001: <toontown.distributed.ToontownDistrict.ToontownDistrict instance at 0x129b27098>}
local
3
Warning: NodePath.remove() is deprecated.  Use remove_node() instead.
Warning: NodePath.remove() is deprecated.  Use remove_node() instead.
Warning: NodePath.remove() is deprecated.  Use remove_node() instead.
Warning: NodePath.remove() is deprecated.  Use remove_node() instead.
Warning: NodePath.remove() is deprecated.  Use remove_node() instead.
Warning: NodePath.remove() is deprecated.  Use remove_node() instead.
fisherman origin:  render/scene/toontownCentral/2000:safe_zone/fishing_pond_1/npc_fisherman_origin_0
Traceback (most recent call last):
  File "/Developer/Panda3D/direct/showbase/EventManager.py", line 61, in eventLoopTask
    self.doEvents()
  File "/Developer/Panda3D/direct/showbase/EventManager.py", line 55, in doEvents
    processFunc(self.eventQueue.dequeueEvent())
  File "/Developer/Panda3D/direct/showbase/EventManager.py", line 122, in processEvent
    messenger.send(eventName, paramList)
  File "/Developer/Panda3D/direct/showbase/Messenger.py", line 397, in send
    self.__dispatch(acceptorDict, event, sentArgs, foundWatch)
  File "/Developer/Panda3D/direct/showbase/Messenger.py", line 482, in __dispatch
    method (*(extraArgs + sentArgs))
  File "toontown/toonbase/ToonBase.py", line 166, in windowEvent
    OTPBase.OTPBase.windowEvent(self, win)
  File "/Developer/Panda3D/direct/showbase/ShowBase.py", line 2625, in windowEvent
    self.userExit()
  File "toontown/toonbase/ToonBase.py", line 493, in userExit
    self.cr.dumpAllSubShardObjects()
  File "toontown/distributed/ToontownClientRepository.py", line 679, in dumpAllSubShardObjects
    self.notify.error(s)
  File "/Developer/Panda3D/direct/directnotify/Notifier.py", line 136, in error
    raise exception(errorString)
StandardError: dumpAllSubShardObjects:
  could not delete Actor Short Change, parts = ['modelRoot'], LODs = ['lodRoot'], anims = ['pie-small-react', 'tray-walk', 'walk', 'flatten', 'sit-angry', 'slip-forward', 'sit', 'sit-hungry-right', 'watercooler', 'lured', 'sit-eat-in', 'throw-paper', 'run', 'squirt-small-react', 'sidestep-right', 'reach', 'sit-eat-out', 'landing', 'neutral', 'soak', 'throw-object', 'slip-backward', 'rake-react', 'flail', 'sidestep-left', 'sit-hungry-left', 'hypnotized', 'pickpocket', 'tug-o-war', 'sit-lose', 'sit-eat-loop', 'squirt-large-react', 'victory', 'tray-neutral', 'lose', 'drop-react'] (<type 'instance' of <class 'toontown.election.DistributedInvasionSuit.DistributedInvasionSuit'>>), delayDeletes=['cleanupExplode']
  could not delete Actor Bottom Feeder, parts = ['modelRoot'], LODs = ['lodRoot'], anims = ['pie-small-react', 'tray-walk', 'walk', 'flatten', 'sit-angry', 'slip-forward', 'sit', 'sit-hungry-right', 'watercooler', 'lured', 'rubber-stamp', 'rake-react', 'sit-eat-in', 'throw-paper', 'run', 'squirt-small-react', 'sidestep-right', 'reach', 'sit-eat-out', 'landing', 'neutral', 'soak', 'throw-object', 'slip-backward', 'shredder', 'flail', 'sidestep-left', 'sit-hungry-left', 'hypnotized', 'pickpocket', 'tug-o-war', 'sit-lose', 'sit-eat-loop', 'squirt-large-react', 'victory', 'tray-neutral', 'lose', 'drop-react'] (<type 'instance' of <class 'toontown.election.DistributedInvasionSuit.DistributedInvasionSuit'>>), delayDeletes=['cleanupExplode']
  could not delete Actor Bottom Feeder, parts = ['modelRoot'], LODs = ['lodRoot'], anims = ['pie-small-react', 'tray-walk', 'walk', 'flatten', 'sit-angry', 'slip-forward', 'sit', 'sit-hungry-right', 'watercooler', 'lured', 'rubber-stamp', 'rake-react', 'sit-eat-in', 'throw-paper', 'run', 'squirt-small-react', 'sidestep-right', 'reach', 'sit-eat-out', 'landing', 'neutral', 'soak', 'throw-object', 'slip-backward', 'shredder', 'flail', 'sidestep-left', 'sit-hungry-left', 'hypnotized', 'pickpocket', 'tug-o-war', 'sit-lose', 'sit-eat-loop', 'squirt-large-react', 'victory', 'tray-neutral', 'lose', 'drop-react'] (<type 'instance' of <class 'toontown.election.DistributedInvasionSuit.DistributedInvasionSuit'>>), delayDeletes=['cleanupExplode']
direct.distributed.DistributedObject:359, otp.ai.TimeManager:159, otp.otpbase.OTPBase:249, toontown.toonbase.ToontownStart:137, ValueError: Value out of range on field: setExceptionInfo["direct.directnotify.Notifier:136, toontown.distributed.ToontownClientRepository:679, toontown.toonbase.ToonBase:493, direct.showbase.ShowBase:2625, StandardError: dumpAllSubShardObjects:\n  could not delete Actor Short Change, parts = ['modelRoot'], LODs = ['lodRoot'], anims = ['pie-small-react', 'tray-walk', 'walk', 'flatten', 'sit-angry', 'slip-forward', 'sit', 'sit-hungry-right', 'watercooler', 'lured', 'sit-eat-in', 'throw-paper', 'run', 'squirt-small-react', 'sidestep-right', 'reach', 'sit-eat-out', 'landing', 'neutral', 'soak', 'throw-object', 'slip-backward', 'rake-react', 'flail', 'sidestep-left', 'sit-hungry-left', 'hypnotized', 'pickpocket', 'tug-o-war', 'sit-lose', 'sit-eat-loop', 'squirt-large-react', 'victory', 'tray-neutral', 'lose', 'drop-react'] (<type 'instance' of <class 'toontown.election.DistributedInvasionSuit.DistributedInvasionSuit'>>), delayDeletes=['cleanupExplode']\n  could not delete Actor Bottom Feeder, parts = ['modelRoot'], LODs = ['lodRoot'], anims = ['pie-small-react', 'tray-walk', 'walk', 'flatten', 'sit-angry', 'slip-forward', 'sit', 'sit-hungry-right', 'watercooler', 'lured', 'rubber-stamp', 'rake-react', 'sit-eat-in', 'throw-paper', 'run', 'squirt-small-react', 'sidestep-right', 'reach', 'sit-eat-out', 'landing', 'neutral', 'soak', 'throw-object', 'slip-backward', 'shredder', 'flail', 'sidestep-left', 'sit-hungry-left', 'hypnotized', 'pickpocket', 'tug-o-war', 'sit-lose', 'sit-eat-loop', 'squirt-large-react', 'victory', 'tray-neutral', 'lose', 'drop-react'] (<type 'instance' of <class 'toontown.election.DistributedInvasionSuit.DistributedInvasionSuit'>>), delayDeletes=['cleanupExplode']\n  could not delete Actor Bottom Feeder, parts = ['modelRoot'], LODs = ['lodRoot'], anims = ['pie-small-react', 'tray-walk', 'walk', 'flatten', 'sit-angry', 'slip-forward', 'sit', 'sit-hungry-right', 'watercooler', 'lured', 'rubber-stamp', 'rake-react', 'sit-eat-in', 'throw-paper', 'run', 'squirt-small-react', 'sidestep-right', 'reach', 'sit-eat-out', 'landing', 'neutral', 'soak', 'throw-object', 'slip-backward', 'shredder', 'flail', 'sidestep-left', 'sit-hungry-left', 'hypnotized', 'pickpocket', 'tug-o-war', 'sit-lose', 'sit-eat-loop', 'squirt-large-react', 'victory', 'tray-neutral', 'lose', 'drop-react'] (<type 'instance' of <class 'toontown.election.DistributedInvasionSuit.DistributedInvasionSuit'>>), delayDeletes=['cleanupExplode']"]
Traceback (most recent call last):
  File "/usr/lib/python2.7/runpy.py", line 151, in _run_module_as_main
    mod_name, loader, code, fname = _get_module_details(mod_name)
  File "/usr/lib/python2.7/runpy.py", line 101, in _get_module_details
    loader = get_loader(mod_name)
  File "/usr/lib/python2.7/pkgutil.py", line 464, in get_loader
    return find_loader(fullname)
  File "/usr/lib/python2.7/pkgutil.py", line 474, in find_loader
    for importer in iter_importers(fullname):
  File "/usr/lib/python2.7/pkgutil.py", line 430, in iter_importers
    __import__(pkg)
  File "toontown/toonbase/ToontownStart.py", line 132, in <module>
    run()
  File "otp/otpbase/OTPBase.py", line 249, in run
    self.cr.timeManager.setExceptionInfo()
  File "otp/ai/TimeManager.py", line 159, in setExceptionInfo
    self.sendUpdate('setExceptionInfo', [info])
  File "/Developer/Panda3D/direct/distributed/DistributedObject.py", line 359, in sendUpdate
    fieldName, sendToId or self.doId, args)
ValueError: Value out of range on field: setExceptionInfo["direct.directnotify.Notifier:136, toontown.distributed.ToontownClientRepository:679, toontown.toonbase.ToonBase:493, direct.showbase.ShowBase:2625, StandardError: dumpAllSubShardObjects:\n  could not delete Actor Short Change, parts = ['modelRoot'], LODs = ['lodRoot'], anims = ['pie-small-react', 'tray-walk', 'walk', 'flatten', 'sit-angry', 'slip-forward', 'sit', 'sit-hungry-right', 'watercooler', 'lured', 'sit-eat-in', 'throw-paper', 'run', 'squirt-small-react', 'sidestep-right', 'reach', 'sit-eat-out', 'landing', 'neutral', 'soak', 'throw-object', 'slip-backward', 'rake-react', 'flail', 'sidestep-left', 'sit-hungry-left', 'hypnotized', 'pickpocket', 'tug-o-war', 'sit-lose', 'sit-eat-loop', 'squirt-large-react', 'victory', 'tray-neutral', 'lose', 'drop-react'] (<type 'instance' of <class 'toontown.election.DistributedInvasionSuit.DistributedInvasionSuit'>>), delayDeletes=['cleanupExplode']\n  could not delete Actor Bottom Feeder, parts = ['modelRoot'], LODs = ['lodRoot'], anims = ['pie-small-react', 'tray-walk', 'walk', 'flatten', 'sit-angry', 'slip-forward', 'sit', 'sit-hungry-right', 'watercooler', 'lured', 'rubber-stamp', 'rake-react', 'sit-eat-in', 'throw-paper', 'run', 'squirt-small-react', 'sidestep-right', 'reach', 'sit-eat-out', 'landing', 'neutral', 'soak', 'throw-object', 'slip-backward', 'shredder', 'flail', 'sidestep-left', 'sit-hungry-left', 'hypnotized', 'pickpocket', 'tug-o-war', 'sit-lose', 'sit-eat-loop', 'squirt-large-react', 'victory', 'tray-neutral', 'lose', 'drop-react'] (<type 'instance' of <class 'toontown.election.DistributedInvasionSuit.DistributedInvasionSuit'>>), delayDeletes=['cleanupExplode']\n  could not delete Actor Bottom Feeder, parts = ['modelRoot'], LODs = ['lodRoot'], anims = ['pie-small-react', 'tray-walk', 'walk', 'flatten', 'sit-angry', 'slip-forward', 'sit', 'sit-hungry-right', 'watercooler', 'lured', 'rubber-stamp', 'rake-react', 'sit-eat-in', 'throw-paper', 'run', 'squirt-small-react', 'sidestep-right', 'reach', 'sit-eat-out', 'landing', 'neutral', 'soak', 'throw-object', 'slip-backward', 'shredder', 'flail', 'sidestep-left', 'sit-hungry-left', 'hypnotized', 'pickpocket', 'tug-o-war', 'sit-lose', 'sit-eat-loop', 'squirt-large-react', 'victory', 'tray-neutral', 'lose', 'drop-react'] (<type 'instance' of <class 'toontown.election.DistributedInvasionSuit.DistributedInvasionSuit'>>), delayDeletes=['cleanupExplode']"]
