ToontownStart: Polling for game2 to finish...
ToontownStart: Game2 is finished.
ToontownStart: Starting the game.
ToontownStart: setting default font
TTLocalizer: Running in language: english
from toontown.toonbase.TTLocalizerEnglish import *
OTPLocalizer: Running in language: english
from otp.otpbase.OTPLocalizerEnglish import *
ToontownStart: Loading default gui sounds
ToontownStart: serverVersion:  ttw-alpha-2.0.0
{401000001: <toontown.distributed.ToontownDistrict.ToontownDistrict instance at 0x124ca2830>}
local
fisherman origin:  render/scene/toontownCentral/2000:safe_zone/fishing_pond_1/npc_fisherman_origin_0
fisherman origin:  render/town_top_level/toontownCentral/2236/fishing_pond_1/npc_fisherman_origin_0
Battle Event localtoon-battle-event-3
chooseFireOpenShot <function avatarCloseUpThreeQuarterRightShot at 0x11d95dc80>
chooseFireOpenShot <function suitGroupThreeQuarterLeftBehindShot at 0x11d95da28>
Battle Event localtoon-battle-event-9
Warning: NodePath.remove() is deprecated.  Use remove_node() instead.
fisherman origin:  render/town_top_level/toontownCentral/@@2236/fishing_pond_1/npc_fisherman_origin_0
frame rate: 17.2 fps|0.019d|2 avs||432|459||0x0000|0x0000|0.0MB|0.0MB|0.0MB|0|darwin.5.10.9|0.000,0.000|0,0 cpus|OpenGL
frame rate: 12.9 fps|0.031d|6 avs||732|759||0x0000|0x0000|0.0MB|0.0MB|0.0MB|0|darwin.5.10.9|0.000,0.000|0,0 cpus|OpenGL
Battle Event localtoon-battle-event-15
Battle Event localtoon-battle-event-21
frame rate: 16.6 fps|0.021d|2 avs||1032|1060||0x0000|0x0000|0.0MB|0.0MB|0.0MB|0|darwin.5.10.9|0.000,0.000|0,0 cpus|OpenGL
frame rate: 21.7 fps|0.011d|5 avs||1332|1360||0x0000|0x0000|0.0MB|0.0MB|0.0MB|0|darwin.5.10.9|0.000,0.000|0,0 cpus|OpenGL
Battle Event localtoon-battle-event-27
Battle Event localtoon-battle-event-33
frame rate: 15.8 fps|0.030d|3 avs||1632|1660||0x0000|0x0000|0.0MB|0.0MB|0.0MB|0|darwin.5.10.9|0.000,0.000|0,0 cpus|OpenGL
frame rate: 19.1 fps|0.007d|1 avs||1932|1960||0x0000|0x0000|0.0MB|0.0MB|0.0MB|0|darwin.5.10.9|0.000,0.000|0,0 cpus|OpenGL
OnscreenText.configure: mayChange == 0
OnscreenText.configure: mayChange == 0
OnscreenText.configure: mayChange == 0
OnscreenText.configure: mayChange == 0
fisherman origin:  render/scene/toontownCentral/2000:safe_zone/fishing_pond_1/npc_fisherman_origin_0
OnscreenText.configure: mayChange == 0
OnscreenText.configure: mayChange == 0
OnscreenText.configure: mayChange == 0
OnscreenText.configure: mayChange == 0
Warning: NodePath.remove() is deprecated.  Use remove_node() instead.
Warning: NodePath.remove() is deprecated.  Use remove_node() instead.
Warning: NodePath.remove() is deprecated.  Use remove_node() instead.
Warning: NodePath.remove() is deprecated.  Use remove_node() instead.
frame rate: 39.6 fps|0.014d|2 avs||2232|2260||0x0000|0x0000|0.0MB|0.0MB|0.0MB|0|darwin.5.10.9|0.000,0.000|0,0 cpus|OpenGL
fisherman origin:  render/town_top_level/toontownCentral/2236/fishing_pond_1/npc_fisherman_origin_0
fisherman origin:  render/town_top_level/toontownCentral/2236/fishing_pond_1/npc_fisherman_origin_0
Battle Event localtoon-battle-event-45
Battle Event localtoon-battle-event-51
chooseFireOpenShot <function avatarCloseUpThreeQuarterRightShot at 0x11d95dc80>
chooseFireOpenShot <function avatarCloseUpFireShot at 0x11d95f758>
Warning: NodePath.remove() is deprecated.  Use remove_node() instead.
Warning: NodePath.remove() is deprecated.  Use remove_node() instead.
Warning: NodePath.remove() is deprecated.  Use remove_node() instead.
Warning: NodePath.remove() is deprecated.  Use remove_node() instead.
Warning: NodePath.remove() is deprecated.  Use remove_node() instead.
frame rate: 22.8 fps|0.014d|4 avs||2532|2560||0x0000|0x0000|0.0MB|0.0MB|0.0MB|0|darwin.5.10.9|0.000,0.000|0,0 cpus|OpenGL
ignoring InputState-forward
{401000001: <toontown.distributed.ToontownDistrict.ToontownDistrict instance at 0x124ca2830>}
local
1
fisherman origin:  render/scene/toontownCentral/2000:safe_zone/fishing_pond_1/npc_fisherman_origin_0
Battle Event localtoon-battle-event-57
fisherman origin:  render/town_top_level/toontownCentral/2236/fishing_pond_1/npc_fisherman_origin_0
Battle Event localtoon-battle-event-63
Warning: NodePath.remove() is deprecated.  Use remove_node() instead.
Warning: NodePath.remove() is deprecated.  Use remove_node() instead.
Warning: NodePath.remove() is deprecated.  Use remove_node() instead.
Warning: NodePath.remove() is deprecated.  Use remove_node() instead.
Warning: NodePath.remove() is deprecated.  Use remove_node() instead.
Warning: NodePath.remove() is deprecated.  Use remove_node() instead.
Warning: NodePath.remove() is deprecated.  Use remove_node() instead.
Warning: NodePath.remove() is deprecated.  Use remove_node() instead.
fisherman origin:  render/town_top_level/toontownCentral/2236/fishing_pond_1/npc_fisherman_origin_0
Battle Event localtoon-battle-event-69
frame rate: 26.0 fps|0.023d|6 avs||3159|3187||0x0000|0x0000|0.0MB|0.0MB|0.0MB|0|darwin.5.10.9|0.000,0.000|0,0 cpus|OpenGL
Battle Event localtoon-battle-event-75
Battle Event localtoon-battle-event-81
frame rate: 26.5 fps|0.020d|6 avs||3459|3487||0x0000|0x0000|0.0MB|0.0MB|0.0MB|0|darwin.5.10.9|0.000,0.000|0,0 cpus|OpenGL
Battle Event localtoon-battle-event-87
is uber
### newVec3 =  LVector3f(2, 7.3, 1.5)
### newVec3 =  LVector3f(2, 7.3, 0)
### newVec3 =  LVector3f(2, 7.3, 0.375)
### newVec3 =  LVector3f(2, 7.3, 0)
### newVec3 =  LVector3f(2, 7.3, 1.5)
### newVec3 =  LVector3f(2, 7.3, 0)
### newVec3 =  LVector3f(2, 7.3, 0.375)
### newVec3 =  LVector3f(2, 7.3, 0)
is uber
frame rate: 26.2 fps|0.015d|5 avs||3759|3787||0x0000|0x0000|0.0MB|0.0MB|0.0MB|0|darwin.5.10.9|0.000,0.000|0,0 cpus|OpenGL
is uber
is uber
is uber
is uber
frame rate: 21.0 fps|0.019d|5 avs||4059|4087||0x0000|0x0000|0.0MB|0.0MB|0.0MB|0|darwin.5.10.9|0.000,0.000|0,0 cpus|OpenGL
is uber
is uber
is uber
is uber
frame rate: 19.6 fps|0.029d|5 avs||4359|4387||0x0000|0x0000|0.0MB|0.0MB|0.0MB|0|darwin.5.10.9|0.000,0.000|0,0 cpus|OpenGL
is uber
is uber
Exception occurred while processing Sound-923 of movie-track-with-cam-401004503:
movie-track-with-cam-401004503:
  0.000 movie-track-with-cam-401004503 {
  0.000   movie-track-401004503 {
  0.000     Sequence-8068 {
  0.000       toon-attacks {
  0.000         Sequence-8118 {
  0.000           Sequence-8070 {
  0.000             Parallel-8072 {
  0.000             }
  0.000           }
  0.000           Parallel-8074 {
  0.000             Sequence-8075 {
  0.000               Parallel-8076 {
  0.000                 Sequence-8092 {
  0.000                   Wait
  0.000                   Parallel-8078 {
  0.000                     Sequence-8087 {
  0.000                       Wait
  0.000                       Sequence-8079 {
  0.000                         *Func-showProps-10846
  0.000                         *Func-showProps-10847
  0.000                         *Func-setInstrumentStats-10848
  0.000                       }
  0.000                       Wait dur 1
  1.000                       Parallel-8086 {
  1.000                         Sequence-8084 {
  1.000                           Parallel-8081 {
  1.000                             LerpScaleInterval-7268: scale from 0.001 0.001 0.001 to 0.85 0.85 0.85 dur 1
  1.000                             LerpScaleInterval-7269: scale from 0.001 0.001 0.001 to 0.85 0.85 0.85 dur 1
  2.000                           }
  2.000                           Parallel-8082 {
  2.000                             LerpScaleInterval-7270: scale from 0.85 0.85 0.85 to 1.1 1.1 1.1 dur 1.1
  2.000                             LerpScaleInterval-7271: scale from 0.85 0.85 0.85 to 1.1 1.1 1.1 dur 1.1
  3.100                           }
  3.100                           Wait dur 6
  9.100                           Parallel-8083 {
  9.100                             LerpScaleInterval-7272: scale from 1.1 1.1 1.1 to 0.001 0.001 0.001 dur 0.1
  9.100                             LerpScaleInterval-7273: scale from 1.1 1.1 1.1 to 0.001 0.001 0.001 dur 0.1
  9.200                           }
  9.200                         }
  1.000                         Sequence-8085 {
  1.000                           Wait
  1.000                           *Sound-911 dur 2.328
  3.328                         }
  9.200                       }
  9.200                       Wait dur 2
 11.200                       Sequence-8080 {
 11.200                         *Func-removeProps-10849
 11.200                         *Func-removeProps-10850
 11.200                       }
 11.200                     }
  0.000                     Sequence-8088 {
  0.000                       Wait
  0.000                       *Actor-sound-1761 dur 2.84167
  2.842                       *Func-setPosFromOther-10851
  2.842                       Sequence-8089 {
  2.842                         Wait
  2.842                         *Particle-148 dur 6
  8.842                       }
  8.842                       *Actor-sound-1762 dur 2.325
 11.167                       *Func-loop-10852
 11.167                     }
  0.000                     Sequence-8091 {
  0.000                       Wait
  0.000                     }
  0.000                     Sequence-8090 {
  0.000                       Wait dur 2.15
  2.150                       *Sound-912 dur 7.601
  9.751                     }
 11.200                   }
 11.200                 }
  0.000                 Parallel-8093 {
  0.000                   Sequence-8094 {
  0.000                     Wait dur 2.8
  2.800                     Wait dur 2.36027
  5.160                     *Func-setPosFromOther-10855
  5.160                     Parallel-8096 {
  5.160                       *Func-showHpText-10853 (!oe)
  5.160                       *Func-updateHealthBar-10854
  5.160                       *Sound-913 dur 1.671
  5.160                       Sequence-8095 {
  5.160                         Wait
  5.160                         *Particle-149 dur 1
  6.160                       }
  6.831                     }
  6.831                     Parallel-8098 {
  6.831                       *Actor-squirt-small-react-1763 dur 3.95833
  6.831                       Sequence-8097 {
  6.831                         Wait dur 0.5
  7.331                         *Func-reparentTo-10856
  7.331                         *Func-setZ-10857
  7.331                         *Func-loop-10858
  7.331                         Wait dur 1.8
  9.131                         *Func-removeNode-10859
  9.131                       }
 10.789                     }
 10.789                     *Func-loop-10860
 10.789                   }
  0.000                   Sequence-8099 {
  0.000                     Wait dur 2.8
  2.800                     Wait dur 2.52661
  5.327                     *Func-setPosFromOther-10863
  5.327                     Parallel-8101 {
  5.327                       *Func-showHpText-10861 (!oe)
  5.327                       *Func-updateHealthBar-10862
  5.327                       *Sound-914 dur 1.671
  5.327                       Sequence-8100 {
  5.327                         Wait
  5.327                         *Particle-150 dur 1
  6.327                       }
  6.998                     }
  6.998                     Parallel-8103 {
  6.998                       *Actor-squirt-small-react-1764 dur 3.95833
  6.998                       Sequence-8102 {
  6.998                         Wait dur 0.5
  7.498                         *Func-reparentTo-10864
  7.498                         *Func-setZ-10865
  7.498                         *Func-loop-10866
  7.498                         Wait dur 1.8
  9.298                         *Func-removeNode-10867
  9.298                       }
 10.956                     }
 10.956                     *Func-loop-10868
 10.956                   }
 10.956                 }
 11.200               }
 11.200               Parallel-8077 {
 11.200                 Parallel-8110 {
 11.200                   Sequence-8104 {
 11.200                     *Func-debug-10869
 11.200                     *Func-insertDeathSuit-10870
 11.200                     *Func-debug-10871
 11.200                     *Actor-lose-1765 dur 6
 17.200                     *Func-debug-10872
 17.200                     *remove-death-suit
 17.200                     *Func-debug-10873
 17.200                   }
 11.200                   Sequence-8105 {
 11.200                     Wait dur 0.8
 12.000                     *Sound-915 dur 1.2
 13.200                     *Sound-916 dur 3
 16.200                     *Sound-917 dur 1.854
 18.054                   }
 11.200                   gears1Track {
 11.200                     Wait dur 2.1
 13.300                     *Particle-151 dur 4.3
 17.600                   }
 11.200                   gears2MTrack {
 11.200                     Sequence-8106 {
 11.200                       Wait dur 5.4
 16.600                       Sequence-8107 {
 16.600                         *Func-reparentTo-10874
 16.600                         *Func-setPos-10875
 16.600                         *Func-setScale-10876
 16.600                         Wait dur 0.6
 17.200                         *Func-removeProp-10877
 17.200                       }
 17.200                     }
 11.900                     *Particle-152 dur 5.7
 16.400                     *Particle-153 dur 1.2
 16.600                     *Particle-154 dur 1
 17.600                   }
 11.200                   toonMTrack {
 11.200                     Sequence-8108 {
 11.200                       Wait dur 1
 12.200                       *Actor-duck-1766 dur 3.75
 15.950                       *Actor-duck-1767 dur 1.95
 17.900                       *Func-loop-10878
 17.900                     }
 11.200                     Sequence-8109 {
 11.200                       Wait dur 1
 12.200                       *Actor-duck-1768 dur 3.75
 15.950                       *Actor-duck-1769 dur 1.95
 17.900                       *Func-loop-10879
 17.900                     }
 17.900                   }
 18.054                 }
 11.200                 Parallel-8117 {
 11.200                   Sequence-8111 {
 11.200                     *Func-debug-10880
 11.200                     *Func-insertReviveSuit-10881
 11.200                     *Func-debug-10882
 11.200                     *Actor-lose-1770 dur 6
 17.200                     *Func-debug-10883
 17.200                     *remove-death-suit
 17.200                     *Func-debug-10884
 17.200                     *Func-loop-10885
 17.200                   }
 11.200                   Sequence-8112 {
 11.200                     Wait dur 0.8
 12.000                     *Sound-918 dur 1.2
 13.200                     *Sound-919 dur 3
 16.200                     *Sound-920 dur 1.854
 18.054                   }
 11.200                   gears1Track {
 11.200                     Wait dur 2.1
 13.300                     *Particle-155 dur 4.3
 17.600                   }
 11.200                   gears2MTrack {
 11.200                     Sequence-8113 {
 11.200                       Wait dur 5.4
 16.600                       Sequence-8114 {
 16.600                         *Func-reparentTo-10886
 16.600                         *Func-setPos-10887
 16.600                         *Func-setScale-10888
 16.600                         Wait dur 0.6
 17.200                         *Func-removeProp-10889
 17.200                       }
 17.200                     }
 11.900                     *Particle-156 dur 5.7
 16.400                     *Particle-157 dur 1.2
 16.600                     *Particle-158 dur 1
 17.600                   }
 11.200                   toonMTrack {
 11.200                     Sequence-8115 {
 11.200                       Wait dur 1
 12.200                       *Actor-duck-1771 dur 3.75
 15.950                       *Actor-duck-1772 dur 1.95
 17.900                       *Func-loop-10890
 17.900                     }
 11.200                     Sequence-8116 {
 11.200                       Wait dur 1
 12.200                       *Actor-duck-1773 dur 3.75
 15.950                       *Actor-duck-1774 dur 1.95
 17.900                       *Func-loop-10891
 17.900                     }
 17.900                   }
 18.054                 }
 18.054               }
 18.054             }
 18.054           }
 18.054           Parallel-8073 {
 18.054             Parallel-8071 {
 18.054             }
 18.054           }
 18.054         }
 18.054         Sequence-8121 {
 18.054           Parallel-8120 {
 18.054           }
 18.054           Parallel-8122 {
 18.054             Sequence-8123 {
 18.054               Wait
 18.054               *Func-headsUp-10896
 18.054               *Actor-throw-1775 dur 3.79167
 21.846               *Func-loop-10897
 21.846               *Func-setHpr-10898
 21.846             }
 18.054             Sequence-8125 {
 18.054               Wait
 18.054               *Func-showProps-10899
 18.054               *Func-__animProp-10900
 18.054               Parallel-8124 {
 18.054                 LerpScaleInterval-7274: scale from 0.01 0.01 0.01 to 1.5 1.5 1.5 dur 1
 18.054                 LerpScaleInterval-7275: scale from 0.01 0.01 0.01 to 1.5 1.5 1.5 dur 1
 19.054               }
 19.054               *Func-needRestoreRenderProp-10902
 19.054               Wait dur 1.7
 20.754               *Func-__propPreflightGroup-10901
 20.754               Parallel-8126 {
 20.754                 Sequence-8127 {
 20.754                   *Func-reparentCakePart-10903
 20.754                   *Func-__piePreMissGroup-10904
 20.754                   *LerpFunctionInterval-__pieMissGroupLerpCallback-51 dur 0.45
 21.204                   *Func-removeProps-10906
 21.204                   *Func-removeProps-10905
 21.204                   *Func-clearRenderProp-10907
 21.204                 }
 20.754                 Sequence-8128 {
 20.754                   *Func-reparentCakePart-10908
 20.754                   Parallel-8129 {
 20.754                     MovieThrow-pieFly: pos from 0.433533 -3.70425 1.61572 to -1.99997 5.29999 8.95 dur 0.3
 20.754                     MovieThrow-pieFly: pos from 0.433533 -3.70425 1.61572 to -1.99997 5.29999 8.95 dur 0.3
 21.054                   }
 21.054                   *Func-removeProps-10909
 21.054                   *Func-removeProps-10910
 21.054                   *Func-clearRenderProp-10914
 21.054                   *Func-__showProp-10911
 21.054                   *Func-__billboardProp-10912
 21.054                   *Actor-splat-birthday-cake-1776 dur 0.416667
 21.471                   *Func-removeProp-10913
 21.471                 }
 21.471               }
 21.471             }
 18.054             Sequence-8130 {
 18.054               Parallel-8133 {
 18.054                 Sequence-8131 {
 18.054                   Wait dur 1
 19.054                   *Sound-921 dur 2.063
 21.117                 }
 18.054                 Sequence-8132 {
 18.054                   Wait dur 3
 21.054                   *Sound-922 dur 0.783
 21.837                 }
 21.837               }
 21.837             }
 18.054             Parallel-8134 {
 18.054               Sequence-8135 {
 18.054                 Wait dur 2.9
 20.954                 *Func-indicateMissed-10915
 20.954               }
 18.054               Parallel-8147 {
 18.054                 Sequence-8136 {
 18.054                   Wait dur 3
 21.054                   *Func-showHpText-10916 (!oe)
 21.054                   *Func-updateHealthBar-10917
 21.054                   Parallel-8138 {
 21.054                     *Actor-pie-small-react-1777 dur 2.25
 21.054                     Sequence-8137 {
 21.054                       Wait dur 0.3
 21.354                       *Func-reparentTo-10918
 21.354                       *Func-setZ-10919
 21.354                       *Func-loop-10920
 21.354                       Wait dur 1.3
 22.654                       *Func-removeNode-10921
 22.654                     }
 23.304                   }
 23.304                   Parallel-8146 {
 23.304                     Sequence-8140 {
 23.304                       *Func-debug-10922
 23.304                       *Func-insertDeathSuit-10923
 23.304                       *Func-debug-10924
 23.304                       *Actor-lose-1778 dur 6
 29.304                       *Func-debug-10925
 29.304                       *remove-death-suit
 29.304                       *Func-debug-10926
 29.304                     }
 23.304                     Sequence-8141 {
 23.304                       Wait dur 0.8
 24.104                       *Sound-923 dur 1.2
 25.304                       *Sound-924 dur 3
 28.304                       *Sound-925 dur 1.854
 30.158                     }
 23.304                     gears1Track {
 23.304                       Wait dur 2.1
 25.404                       *Particle-159 dur 4.3
 29.704                     }
 23.304                     gears2MTrack {
 23.304                       Sequence-8142 {
 23.304                         Wait dur 5.4
 28.704                         Sequence-8143 {
 28.704                           *Func-reparentTo-10927
 28.704                           *Func-setPos-10928
 28.704                           *Func-setScale-10929
 28.704                           Wait dur 0.6
 29.304                           *Func-removeProp-10930
 29.304                         }
 29.304                       }
 24.004                       *Particle-160 dur 5.7
 28.504                       *Particle-161 dur 1.2
 28.704                       *Particle-162 dur 1
 29.704                     }
 23.304                     toonMTrack {
 23.304                       Sequence-8144 {
 23.304                         Wait dur 1
 24.304                         *Actor-duck-1779 dur 3.75
 28.054                         *Actor-duck-1780 dur 1.95
 30.004                         *Func-loop-10931
 30.004                       }
 23.304                       Sequence-8145 {
 23.304                         Wait dur 1
 24.304                         *Actor-duck-1781 dur 3.75
 28.054                         *Actor-duck-1782 dur 1.95
 30.004                         *Func-loop-10932
 30.004                       }
 30.004                     }
 30.158                   }
 30.158                 }
 18.054                 Sequence-8139 {
 18.054                   Wait dur 3
 21.054                 }
 30.158               }
 30.158             }
 30.158           }
 30.158         }
 30.158       }
 30.158       *Func-__handleMovieDone-10935
 30.158     }
 30.158   }
  0.000   Sequence-8149 {
  0.000     Sequence-8069 {
  0.000       toon-attacks-cam {
  0.000         Sequence-8119 {
  0.000           toonGroupShot {
  0.000             *Func-setPosHpr-10892
  0.000             Wait
  0.000           }
  0.000           suitGroupThreeQuarterLeftBehindShot {
  0.000             *Func-setPosHpr-10893
  0.000             Wait dur 5
  5.000           }
  5.000           suitGroupThreeQuarterLeftBehindShot {
  5.000             *Func-setPosHpr-10894
  5.000             Wait dur 13.054
 18.054           }
 18.054           toonGroupShot {
 18.054             *Func-setPosHpr-10895
 18.054             Wait
 18.054           }
 18.054         }
 18.054         Sequence-8148 {
 18.054           avatarCloseUpThreeQuarterRightShot {
 18.054             *Func-setPosHpr-10933
 18.054             Wait dur 3
 21.054           }
 21.054           suitGroupThreeQuarterLeftBehindShot {
 21.054             *Func-setPosHpr-10934
 21.054             Wait dur 9.104
 30.158           }
 30.158         }
 30.158       }
 30.158     }
 30.158   }
 30.158 }

Traceback (most recent call last):
  File "/Developer/Panda3D/direct/showbase/ShowBase.py", line 1803, in __ivalLoop
    IntervalManager.ivalMgr.step()
  File "/Developer/Panda3D/direct/interval/IntervalManager.py", line 96, in step
    self.__doPythonCallbacks()
  File "/Developer/Panda3D/direct/interval/IntervalManager.py", line 124, in __doPythonCallbacks
    self.ivals[index].privPostEvent()
  File "/Developer/Panda3D/direct/interval/MetaInterval.py", line 518, in privPostEvent
    self.__doPythonCallbacks()
  File "/Developer/Panda3D/direct/interval/MetaInterval.py", line 494, in __doPythonCallbacks
    ival.privDoEvent(t, eventType)
  File "/Developer/Panda3D/direct/interval/Interval.py", line 209, in privDoEvent
    self.privInitialize(t)
  File "/Developer/Panda3D/direct/interval/SoundInterval.py", line 98, in privInitialize
    listenerNode = self.listenerNode, cutoff = self.cutOff)
  File "/Developer/Panda3D/direct/showbase/SfxPlayer.py", line 76, in playSfx
    self.setFinalVolume(sfx, node, volume, listenerNode, cutoff)
  File "/Developer/Panda3D/direct/showbase/SfxPlayer.py", line 97, in setFinalVolume
    finalVolume *= node.getNetAudioVolume()
AssertionError: _error_type == ET_ok at line 515 of panda/src/pgraph/nodePath.I
Traceback (most recent call last):
  File "otp/otpbase/OTPBase.py", line 238, in run
    taskMgr.run()
  File "/Developer/Panda3D/direct/task/Task.py", line 503, in run
    self.step()
  File "/Developer/Panda3D/direct/task/Task.py", line 461, in step
    self.mgr.poll()
  File "/Developer/Panda3D/direct/showbase/ShowBase.py", line 1803, in __ivalLoop
    IntervalManager.ivalMgr.step()
  File "/Developer/Panda3D/direct/interval/IntervalManager.py", line 96, in step
    self.__doPythonCallbacks()
  File "/Developer/Panda3D/direct/interval/IntervalManager.py", line 124, in __doPythonCallbacks
    self.ivals[index].privPostEvent()
  File "/Developer/Panda3D/direct/interval/MetaInterval.py", line 518, in privPostEvent
    self.__doPythonCallbacks()
  File "/Developer/Panda3D/direct/interval/MetaInterval.py", line 494, in __doPythonCallbacks
    ival.privDoEvent(t, eventType)
  File "/Developer/Panda3D/direct/interval/Interval.py", line 209, in privDoEvent
    self.privInitialize(t)
  File "/Developer/Panda3D/direct/interval/SoundInterval.py", line 98, in privInitialize
    listenerNode = self.listenerNode, cutoff = self.cutOff)
  File "/Developer/Panda3D/direct/showbase/SfxPlayer.py", line 76, in playSfx
    self.setFinalVolume(sfx, node, volume, listenerNode, cutoff)
  File "/Developer/Panda3D/direct/showbase/SfxPlayer.py", line 97, in setFinalVolume
    finalVolume *= node.getNetAudioVolume()
AssertionError: _error_type == ET_ok at line 515 of panda/src/pgraph/nodePath.I
/usr/bin/python: No module named toontown.toonbase.ToontownStart.py
