ToontownStart: Polling for game2 to finish...
ToontownStart: Game2 is finished.
ToontownStart: Starting the game.
ToontownStart: setting default font
TTLocalizer: Running in language: english
from toontown.toonbase.TTLocalizerEnglish import *
OTPLocalizer: Running in language: english
from otp.otpbase.OTPLocalizerEnglish import *
ToontownStart: Loading default gui sounds
ToontownStart: serverVersion:  ttw-alpha-2.0.0
{401000001: <toontown.distributed.ToontownDistrict.ToontownDistrict instance at 0x1238907a0>}
local
1
fisherman origin:  render/scene/toontownCentral/2000:safe_zone/fishing_pond_1/npc_fisherman_origin_0
ToonAvatarDetailPanel None
OnscreenText.configure: mayChange == 0
OnscreenText.configure: mayChange == 0
OnscreenText.configure: mayChange == 0
OnscreenText.configure: mayChange == 0
ToonAvatarDetailPanel None
frame rate: 30.8 fps|0.010d|4 avs||330|336||0x0000|0x0000|0.0MB|0.0MB|0.0MB|0|darwin.5.10.9|0.000,0.000|0,0 cpus|OpenGL
