ToontownStart: Polling for game2 to finish...
ToontownStart: Game2 is finished.
ToontownStart: Starting the game.
ToontownStart: setting default font
TTLocalizer: Running in language: english
from toontown.toonbase.TTLocalizerEnglish import *
OTPLocalizer: Running in language: english
from otp.otpbase.OTPLocalizerEnglish import *
ToontownStart: Loading default gui sounds
ToontownStart: serverVersion:  ttw-alpha-2.0.0
{401000001: <toontown.distributed.ToontownDistrict.ToontownDistrict instance at 0x12956a830>}
local
3
fisherman origin:  render/scene/toontownCentral/2000:safe_zone/fishing_pond_1/npc_fisherman_origin_0
fisherman origin:  render/scene/toontownCentral/2000:safe_zone/fishing_pond_1/npc_fisherman_origin_0
Warning: NodePath.remove() is deprecated.  Use remove_node() instead.
Warning: NodePath.remove() is deprecated.  Use remove_node() instead.
Warning: NodePath.remove() is deprecated.  Use remove_node() instead.
Warning: NodePath.remove() is deprecated.  Use remove_node() instead.
frame rate: 24.2 fps|0.027d|2 avs||384|395||0x0000|0x0000|0.0MB|0.0MB|0.0MB|0|darwin.5.10.9|0.000,0.000|0,0 cpus|OpenGL
Battle Event localtoon-battle-event-3
fisherman origin:  render/town_top_level/toontownCentral/2236/fishing_pond_1/npc_fisherman_origin_0
Battle Event localtoon-battle-event-9
Battle Event localtoon-battle-event-15
frame rate: 25.3 fps|0.018d|4 avs||684|695||0x0000|0x0000|0.0MB|0.0MB|0.0MB|0|darwin.5.10.9|0.000,0.000|0,0 cpus|OpenGL
fisherman origin:  render/scene/toontownCentral/2000:safe_zone/fishing_pond_1/npc_fisherman_origin_0
fisherman origin:  render/scene/toontownCentral/2000:safe_zone/fishing_pond_1/npc_fisherman_origin_0
fisherman origin:  render/town_top_level/toontownCentral/2236/fishing_pond_1/npc_fisherman_origin_0
Battle Event localtoon-battle-event-21
frame rate: 23.6 fps|0.021d|6 avs||984|995||0x0000|0x0000|0.0MB|0.0MB|0.0MB|0|darwin.5.10.9|0.000,0.000|0,0 cpus|OpenGL
frame rate: 24.7 fps|0.015d|6 avs||1284|1296||0x0000|0x0000|0.0MB|0.0MB|0.0MB|0|darwin.5.10.9|0.000,0.000|0,0 cpus|OpenGL
is uber
is uber
### newVec3 =  LVector3f(0, 7, 1.5)
### newVec3 =  LVector3f(0, 7, 0)
### newVec3 =  LVector3f(0, 7, 0.375)
### newVec3 =  LVector3f(0, 7, 0)
is uber
### newVec3 =  LVector3f(0, 7, 1.5)
### newVec3 =  LVector3f(0, 7, 0)
### newVec3 =  LVector3f(0, 7, 0.375)
### newVec3 =  LVector3f(0, 7, 0)
frame rate: 25.3 fps|0.013d|2 avs||1584|1596||0x0000|0x0000|0.0MB|0.0MB|0.0MB|0|darwin.5.10.9|0.000,0.000|0,0 cpus|OpenGL
is uber
is uber
Battle Event localtoon-battle-event-27
### newVec3 =  LVector3f(2.00003, 10.3, 1.5)
### newVec3 =  LVector3f(2.00003, 10.3, 0)
### newVec3 =  LVector3f(2.00003, 10.3, 0.375)
### newVec3 =  LVector3f(2.00003, 10.3, 0)
### newVec3 =  LVector3f(2, 7.3, 1.5)
### newVec3 =  LVector3f(2, 7.3, 0)
### newVec3 =  LVector3f(2, 7.3, 0.375)
### newVec3 =  LVector3f(2, 7.3, 0)
### newVec3 =  LVector3f(2, 7.3, 1.5)
### newVec3 =  LVector3f(2, 7.3, 0)
### newVec3 =  LVector3f(2, 7.3, 0.375)
### newVec3 =  LVector3f(2, 7.3, 0)
### newVec3 =  LVector3f(2, 7.3, 1.5)
### newVec3 =  LVector3f(2, 7.3, 0)
### newVec3 =  LVector3f(2, 7.3, 0.375)
### newVec3 =  LVector3f(2, 7.3, 0)
### newVec3 =  LVector3f(2, 7.3, 1.5)
### newVec3 =  LVector3f(2, 7.3, 0)
### newVec3 =  LVector3f(2, 7.3, 0.375)
### newVec3 =  LVector3f(2, 7.3, 0)
### newVec3 =  LVector3f(2, 7.3, 1.5)
### newVec3 =  LVector3f(2, 7.3, 0)
### newVec3 =  LVector3f(2, 7.3, 0.375)
### newVec3 =  LVector3f(2, 7.3, 0)
frame rate: 20.4 fps|0.024d|4 avs||1884|1896||0x0000|0x0000|0.0MB|0.0MB|0.0MB|0|darwin.5.10.9|0.000,0.000|0,0 cpus|OpenGL
OnscreenText.configure: mayChange == 0
OnscreenText.configure: mayChange == 0
OnscreenText.configure: mayChange == 0
OnscreenText.configure: mayChange == 0
Battle Event localtoon-battle-event-33
### newVec3 =  LVector3f(2, 11.3, 1.5)
### newVec3 =  LVector3f(2, 11.3, 0)
### newVec3 =  LVector3f(2, 11.3, 0.375)
### newVec3 =  LVector3f(2, 11.3, 0)
### newVec3 =  LVector3f(-2, 6.3, 1.5)
### newVec3 =  LVector3f(-2, 6.3, 0)
### newVec3 =  LVector3f(-2, 6.3, 0.375)
### newVec3 =  LVector3f(-2, 6.3, 0)
frame rate: 21.6 fps|0.024d|39 avs||2184|2196||0x0000|0x0000|0.0MB|0.0MB|0.0MB|0|darwin.5.10.9|0.000,0.000|0,0 cpus|OpenGL
### newVec3 =  LVector3f(-2, 11.3, 1.5)
### newVec3 =  LVector3f(-2, 11.3, 0)
### newVec3 =  LVector3f(-2, 11.3, 0.375)
### newVec3 =  LVector3f(-2, 11.3, 0)
### newVec3 =  LVector3f(2, 6.3, 1.5)
### newVec3 =  LVector3f(2, 6.3, 0)
### newVec3 =  LVector3f(2, 6.3, 0.375)
### newVec3 =  LVector3f(2, 6.3, 0)
### newVec3 =  LVector3f(-2, 6.3, 1.5)
### newVec3 =  LVector3f(-2, 6.3, 0)
### newVec3 =  LVector3f(-2, 6.3, 0.375)
### newVec3 =  LVector3f(-2, 6.3, 0)
### newVec3 =  LVector3f(2, 6.3, 1.5)
### newVec3 =  LVector3f(2, 6.3, 0)
### newVec3 =  LVector3f(2, 6.3, 0.375)
### newVec3 =  LVector3f(2, 6.3, 0)
Battle Event localtoon-battle-event-40
frame rate: 15.4 fps|0.019d|3 avs||2484|2496||0x0000|0x0000|0.0MB|0.0MB|0.0MB|0|darwin.5.10.9|0.000,0.000|0,0 cpus|OpenGL
frame rate: 21.3 fps|0.014d|3 avs||2784|2796||0x0000|0x0000|0.0MB|0.0MB|0.0MB|0|darwin.5.10.9|0.000,0.000|0,0 cpus|OpenGL
fisherman origin:  render/scene/theBurrrgh/3000:safe_zone/fishing_pond_1/npc_fisherman_origin_0
frame rate: 24.8 fps|0.014d|4 avs||3084|3096||0x0000|0x0000|0.0MB|0.0MB|0.0MB|0|darwin.5.10.9|0.000,0.000|0,0 cpus|OpenGL
OnscreenText.configure: mayChange == 0
OnscreenText.configure: mayChange == 0
OnscreenText.configure: mayChange == 0
OnscreenText.configure: mayChange == 0
OnscreenText.configure: mayChange == 0
OnscreenText.configure: mayChange == 0
OnscreenText.configure: mayChange == 0
OnscreenText.configure: mayChange == 0
frame rate: 28.0 fps|0.013d|1 avs||3384|3396||0x0000|0x0000|0.0MB|0.0MB|0.0MB|0|darwin.5.10.9|0.000,0.000|0,0 cpus|OpenGL
Warning: NodePath.remove() is deprecated.  Use remove_node() instead.
Warning: NodePath.remove() is deprecated.  Use remove_node() instead.
Warning: NodePath.remove() is deprecated.  Use remove_node() instead.
Warning: NodePath.remove() is deprecated.  Use remove_node() instead.
Warning: NodePath.remove() is deprecated.  Use remove_node() instead.
Warning: NodePath.remove() is deprecated.  Use remove_node() instead.
Warning: NodePath.remove() is deprecated.  Use remove_node() instead.
Warning: NodePath.remove() is deprecated.  Use remove_node() instead.
frame rate: 43.7 fps|0.005d|1 avs||3684|3696||0x0000|0x0000|0.0MB|0.0MB|0.0MB|0|darwin.5.10.9|0.000,0.000|0,0 cpus|OpenGL
Battle Event localtoon-battle-event-54
### newVec3 =  LVector3f(2, 6.3, 1.5)
### newVec3 =  LVector3f(2, 6.3, 0)
### newVec3 =  LVector3f(2, 6.3, 0.375)
### newVec3 =  LVector3f(2, 6.3, 0)
frame rate: 16.0 fps|0.028d|2 avs||3984|3996||0x0000|0x0000|0.0MB|0.0MB|0.0MB|0|darwin.5.10.9|0.000,0.000|0,0 cpus|OpenGL
Exception occurred while processing Func-foodAttach-21132 of Sequence-18306:
Sequence-18306:
  0.000 Sequence-18306 {
  0.000   *Actor-sit-3978 dur 5
  5.000   *Actor-sit-eat-in-3979 dur 0.291667
  5.292   *Func-foodAttach-21132
  5.292   *Actor-sit-eat-in-3980 dur 1.125
  6.417   *Actor-sit-eat-loop-3981 dur 21.7917
 28.209   *Actor-sit-eat-out-3982 dur 0.541667
 28.751   *Func-foodDetach-21133
 28.751   *Actor-sit-eat-out-3983 dur 0.416667
 29.168 }

Traceback (most recent call last):
  File "/Developer/Panda3D/direct/showbase/ShowBase.py", line 1803, in __ivalLoop
    IntervalManager.ivalMgr.step()
  File "/Developer/Panda3D/direct/interval/IntervalManager.py", line 96, in step
    self.__doPythonCallbacks()
  File "/Developer/Panda3D/direct/interval/IntervalManager.py", line 124, in __doPythonCallbacks
    self.ivals[index].privPostEvent()
  File "/Developer/Panda3D/direct/interval/MetaInterval.py", line 518, in privPostEvent
    self.__doPythonCallbacks()
  File "/Developer/Panda3D/direct/interval/MetaInterval.py", line 494, in __doPythonCallbacks
    ival.privDoEvent(t, eventType)
  File "/Developer/Panda3D/direct/interval/Interval.py", line 207, in privDoEvent
    self.privInstant()
  File "/Developer/Panda3D/direct/interval/FunctionInterval.py", line 88, in privInstant
    self.function(*self.extraArgs, **self.kw)
  File "toontown/coghq/DistributedBanquetTable.py", line 305, in foodAttach
    foodModel = self.serviceLocs[chairIndex].getChild(0)
AssertionError: n >= 0 && n < get_num_children(current_thread) at line 379 of panda/src/pgraph/nodePath.I
Traceback (most recent call last):
  File "otp/otpbase/OTPBase.py", line 238, in run
    taskMgr.run()
  File "/Developer/Panda3D/direct/task/Task.py", line 503, in run
    self.step()
  File "/Developer/Panda3D/direct/task/Task.py", line 461, in step
    self.mgr.poll()
  File "/Developer/Panda3D/direct/showbase/ShowBase.py", line 1803, in __ivalLoop
    IntervalManager.ivalMgr.step()
  File "/Developer/Panda3D/direct/interval/IntervalManager.py", line 96, in step
    self.__doPythonCallbacks()
  File "/Developer/Panda3D/direct/interval/IntervalManager.py", line 124, in __doPythonCallbacks
    self.ivals[index].privPostEvent()
  File "/Developer/Panda3D/direct/interval/MetaInterval.py", line 518, in privPostEvent
    self.__doPythonCallbacks()
  File "/Developer/Panda3D/direct/interval/MetaInterval.py", line 494, in __doPythonCallbacks
    ival.privDoEvent(t, eventType)
  File "/Developer/Panda3D/direct/interval/Interval.py", line 207, in privDoEvent
    self.privInstant()
  File "/Developer/Panda3D/direct/interval/FunctionInterval.py", line 88, in privInstant
    self.function(*self.extraArgs, **self.kw)
  File "toontown/coghq/DistributedBanquetTable.py", line 305, in foodAttach
    foodModel = self.serviceLocs[chairIndex].getChild(0)
AssertionError: n >= 0 && n < get_num_children(current_thread) at line 379 of panda/src/pgraph/nodePath.I
/usr/bin/python: No module named toontown.toonbase.ToontownStart.py
