ToontownStart: Polling for game2 to finish...
ToontownStart: Game2 is finished.
ToontownStart: Starting the game.
ToontownStart: setting default font
TTLocalizer: Running in language: english
from toontown.toonbase.TTLocalizerEnglish import *
OTPLocalizer: Running in language: english
from otp.otpbase.OTPLocalizerEnglish import *
ToontownStart: Loading default gui sounds
ToontownStart: serverVersion:  ttw-alpha-2.0.0
{401000001: <toontown.distributed.ToontownDistrict.ToontownDistrict instance at 0x12b72fb00>}
local
1
Exception occurred while processing Sequence-96:
Sequence-96:
  0.000 Sequence-96 {
  0.000   Sequence-93 {
  0.000     *Func-setSystemMessage-19
  0.000     Parallel-92 {
  0.000       LerpColorScaleInterval-116: color_scale to 0 0 0 1 dur 2.5
  0.000       LerpColorScaleInterval-117: color_scale to 0.25 0.25 0.35 1 dur 2.5
  0.000       LerpColorScaleInterval-118: color_scale to 0.25 0.25 0.35 1 dur 2.5
  0.000       LerpColorScaleInterval-119: color_scale to 0.55 0.55 0.65 1 dur 2.5
  0.000       LerpColorScaleInterval-120: color_scale to 0.85 0.85 0.85 1 dur 2.5
  0.000       *Func-__lightDecorationOn__-20
  2.500     }
  2.500     *Func-setBackgroundColor-21
  2.500     *Func-__checkDDFog-22
  2.500     *Func-setFar-23
  2.500     *Func-hide-24
  2.500     *Func-setSystemMessage-25
  2.500     *Func-stop-26
  2.500     Wait dur 2
  4.500     *Func-playMusic-27
  4.500   }
  4.500   *Func-beginFireworkShow-35
  4.500   Wait dur 11.67
 16.170   Sequence-95 {
 16.170     *Func-show-28
 16.170     Parallel-94 {
 16.170       LerpColorScaleInterval-121: color_scale to 1 1 1 1 dur 2.5
 16.170       LerpColorScaleInterval-122: color_scale to 1 1 1 1 dur 2.5
 16.170       LerpColorScaleInterval-123: color_scale to 1 1 1 1 dur 2.5
 16.170       LerpColorScaleInterval-124: color_scale to 1 1 1 1 dur 2.5
 16.170       LerpColorScaleInterval-125: color_scale to 1 1 1 1 dur 2.5
 18.670     }
 18.670     *Func-__restoreDDFog-29
 18.670     *Func-restoreCameraLens-30
 18.670     *Func-setBackgroundColor-31
 18.670     *Func-stop-32
 18.670     *Func-setSystemMessage-33
 18.670     Wait dur 2
 20.670     *Func-playMusic-34
 20.670   }
 20.670 }

Traceback (most recent call last):
  File "/Developer/Panda3D/direct/showbase/ShowBase.py", line 1803, in __ivalLoop
    IntervalManager.ivalMgr.step()
  File "/Developer/Panda3D/direct/interval/IntervalManager.py", line 96, in step
    self.__doPythonCallbacks()
  File "/Developer/Panda3D/direct/interval/IntervalManager.py", line 124, in __doPythonCallbacks
    self.ivals[index].privPostEvent()
  File "/Developer/Panda3D/direct/interval/MetaInterval.py", line 518, in privPostEvent
    self.__doPythonCallbacks()
  File "/Developer/Panda3D/direct/interval/MetaInterval.py", line 487, in __doPythonCallbacks
    while (self.isEventReady()):
AssertionError: !is_empty() at line 1022 of panda/src/pgraph/nodePath.cxx
Traceback (most recent call last):
  File "otp/otpbase/OTPBase.py", line 238, in run
    taskMgr.run()
  File "/Developer/Panda3D/direct/task/Task.py", line 503, in run
    self.step()
  File "/Developer/Panda3D/direct/task/Task.py", line 461, in step
    self.mgr.poll()
  File "/Developer/Panda3D/direct/showbase/ShowBase.py", line 1803, in __ivalLoop
    IntervalManager.ivalMgr.step()
  File "/Developer/Panda3D/direct/interval/IntervalManager.py", line 96, in step
    self.__doPythonCallbacks()
  File "/Developer/Panda3D/direct/interval/IntervalManager.py", line 124, in __doPythonCallbacks
    self.ivals[index].privPostEvent()
  File "/Developer/Panda3D/direct/interval/MetaInterval.py", line 518, in privPostEvent
    self.__doPythonCallbacks()
  File "/Developer/Panda3D/direct/interval/MetaInterval.py", line 487, in __doPythonCallbacks
    while (self.isEventReady()):
AssertionError: !is_empty() at line 1022 of panda/src/pgraph/nodePath.cxx
/usr/bin/python: No module named toontown.toonbase.ToontownStart.py
