ToontownStart: Polling for game2 to finish...
ToontownStart: Game2 is finished.
ToontownStart: Starting the game.
ToontownStart: setting default font
TTLocalizer: Running in language: english
from toontown.toonbase.TTLocalizerEnglish import *
OTPLocalizer: Running in language: english
from otp.otpbase.OTPLocalizerEnglish import *
ToontownStart: Loading default gui sounds
ToontownStart: serverVersion:  ttw-alpha-2.0.0
{401000001: <toontown.distributed.ToontownDistrict.ToontownDistrict instance at 0x121308b00>}
local
1
fisherman origin:  render/scene/daisysGarden/5000:safe_zone/fishing_pond_1/npc_fisherman_origin_0
Exception occurred while processing Func-beginFireworkShow-35 of Sequence-140:
Sequence-140:
  0.000 Sequence-140 {
  0.000   Sequence-137 {
  0.000     *Func-setSystemMessage-19
  0.000     Parallel-136 {
  0.000       LerpColorScaleInterval-171: color_scale to 0 0 0 1 dur 2.5
  0.000       LerpColorScaleInterval-172: color_scale to 0.25 0.25 0.35 1 dur 2.5
  0.000       LerpColorScaleInterval-173: color_scale to 0.85 0.85 0.85 1 dur 2.5
  0.000       *Func-__lightDecorationOn__-20
  2.500     }
  2.500     *Func-setBackgroundColor-21
  2.500     *Func-__checkDDFog-22
  2.500     *Func-setFar-23
  2.500     *Func-hide-24
  2.500     *Func-setSystemMessage-25
  2.500     *Func-stop-26
  2.500     Wait dur 2
  4.500     *Func-playMusic-27
  4.500   }
  4.500   *Func-beginFireworkShow-35
  4.500   Wait dur 21.14
 25.640   Sequence-139 {
 25.640     *Func-show-28
 25.640     Parallel-138 {
 25.640       LerpColorScaleInterval-174: color_scale to 1 1 1 1 dur 2.5
 25.640       LerpColorScaleInterval-175: color_scale to 1 1 1 1 dur 2.5
 25.640       LerpColorScaleInterval-176: color_scale to 1 1 1 1 dur 2.5
 28.140     }
 28.140     *Func-__restoreDDFog-29
 28.140     *Func-restoreCameraLens-30
 28.140     *Func-setBackgroundColor-31
 28.140     *Func-stop-32
 28.140     *Func-setSystemMessage-33
 28.140     Wait dur 2
 30.140     *Func-playMusic-34
 30.140   }
 30.140 }

Traceback (most recent call last):
  File "/Developer/Panda3D/direct/showbase/ShowBase.py", line 1803, in __ivalLoop
    IntervalManager.ivalMgr.step()
  File "/Developer/Panda3D/direct/interval/IntervalManager.py", line 96, in step
    self.__doPythonCallbacks()
  File "/Developer/Panda3D/direct/interval/IntervalManager.py", line 124, in __doPythonCallbacks
    self.ivals[index].privPostEvent()
  File "/Developer/Panda3D/direct/interval/MetaInterval.py", line 518, in privPostEvent
    self.__doPythonCallbacks()
  File "/Developer/Panda3D/direct/interval/MetaInterval.py", line 494, in __doPythonCallbacks
    ival.privDoEvent(t, eventType)
  File "/Developer/Panda3D/direct/interval/Interval.py", line 207, in privDoEvent
    self.privInstant()
  File "/Developer/Panda3D/direct/interval/FunctionInterval.py", line 88, in privInstant
    self.function(*self.extraArgs, **self.kw)
  File "toontown/effects/FireworkShowMixin.py", line 198, in beginFireworkShow
    if isinstance(hood, TTHood.TTHood):
NameError: global name 'TTHood' is not defined
Traceback (most recent call last):
  File "otp/otpbase/OTPBase.py", line 238, in run
    taskMgr.run()
  File "/Developer/Panda3D/direct/task/Task.py", line 503, in run
    self.step()
  File "/Developer/Panda3D/direct/task/Task.py", line 461, in step
    self.mgr.poll()
  File "/Developer/Panda3D/direct/showbase/ShowBase.py", line 1803, in __ivalLoop
    IntervalManager.ivalMgr.step()
  File "/Developer/Panda3D/direct/interval/IntervalManager.py", line 96, in step
    self.__doPythonCallbacks()
  File "/Developer/Panda3D/direct/interval/IntervalManager.py", line 124, in __doPythonCallbacks
    self.ivals[index].privPostEvent()
  File "/Developer/Panda3D/direct/interval/MetaInterval.py", line 518, in privPostEvent
    self.__doPythonCallbacks()
  File "/Developer/Panda3D/direct/interval/MetaInterval.py", line 494, in __doPythonCallbacks
    ival.privDoEvent(t, eventType)
  File "/Developer/Panda3D/direct/interval/Interval.py", line 207, in privDoEvent
    self.privInstant()
  File "/Developer/Panda3D/direct/interval/FunctionInterval.py", line 88, in privInstant
    self.function(*self.extraArgs, **self.kw)
  File "toontown/effects/FireworkShowMixin.py", line 198, in beginFireworkShow
    if isinstance(hood, TTHood.TTHood):
NameError: global name 'TTHood' is not defined
/usr/bin/python: No module named toontown.toonbase.ToontownStart.py
