ToontownStart: Polling for game2 to finish...
ToontownStart: Game2 is finished.
ToontownStart: Starting the game.
ToontownStart: setting default font
TTLocalizer: Running in language: english
from toontown.toonbase.TTLocalizerEnglish import *
OTPLocalizer: Running in language: english
from otp.otpbase.OTPLocalizerEnglish import *
ToontownStart: Loading default gui sounds
ToontownStart: serverVersion:  ttw-alpha-dev-build-2.0.0
{401000001: <toontown.distributed.ToontownDistrict.ToontownDistrict instance at 0x12953c0e0>}
{401000001: <toontown.distributed.ToontownDistrict.ToontownDistrict instance at 0x12953c0e0>}
{401000001: <toontown.distributed.ToontownDistrict.ToontownDistrict instance at 0x12953c0e0>}
local
3
Warning: NodePath.remove() is deprecated.  Use remove_node() instead.
Warning: NodePath.remove() is deprecated.  Use remove_node() instead.
Warning: NodePath.remove() is deprecated.  Use remove_node() instead.
Warning: NodePath.remove() is deprecated.  Use remove_node() instead.
Warning: NodePath.remove() is deprecated.  Use remove_node() instead.
Warning: NodePath.remove() is deprecated.  Use remove_node() instead.
fisherman origin:  render/scene/toontownCentral/2000:safe_zone/fishing_pond_1/npc_fisherman_origin_0
frame rate: 24.2 fps|0.006d|4 avs||335|337||0x0000|0x0000|0.0MB|0.0MB|0.0MB|0|darwin.5.10.9|0.000,0.000|0,0 cpus|OpenGL
Traceback (most recent call last):
  File "/Developer/Panda3D/direct/distributed/ConnectionRepository.py", line 613, in readerPollUntilEmpty
    while self.readerPollOnce():
  File "/Developer/Panda3D/direct/distributed/ConnectionRepository.py", line 620, in readerPollOnce
    self.handleDatagram(self.private__di)
  File "otp/distributed/OTPClientRepository.py", line 1878, in handleDatagram
    self.handler(msgType, di)
  File "otp/distributed/OTPClientRepository.py", line 1485, in handlePlayGame
    self.handleGenerateWithRequired(di)
  File "otp/distributed/OTPClientRepository.py", line 1949, in handleGenerateWithRequired
    distObj = self.generateWithRequiredFields(dclass, doId, di, parentId, zoneId)
  File "/Developer/Panda3D/direct/distributed/ClientRepositoryBase.py", line 265, in generateWithRequiredFields
    distObj.updateRequiredFields(dclass, di)
  File "/Developer/Panda3D/direct/distributed/DistributedObject.py", line 336, in updateRequiredFields
    dclass.receiveUpdateBroadcastRequired(self, di)
  File "toontown/election/DistributedInvasionSuit.py", line 293, in setHP
    self.updateHealthBar(0, 1)
  File "toontown/suit/Suit.py", line 866, in updateHealthBar
    health = float(self.currHP) / float(self.maxHP)
ZeroDivisionError: float division by zero
Traceback (most recent call last):
  File "otp/otpbase/OTPBase.py", line 238, in run
    taskMgr.run()
  File "/Developer/Panda3D/direct/task/Task.py", line 503, in run
    self.step()
  File "/Developer/Panda3D/direct/task/Task.py", line 461, in step
    self.mgr.poll()
  File "/Developer/Panda3D/direct/distributed/ConnectionRepository.py", line 613, in readerPollUntilEmpty
    while self.readerPollOnce():
  File "/Developer/Panda3D/direct/distributed/ConnectionRepository.py", line 620, in readerPollOnce
    self.handleDatagram(self.private__di)
  File "otp/distributed/OTPClientRepository.py", line 1878, in handleDatagram
    self.handler(msgType, di)
  File "otp/distributed/OTPClientRepository.py", line 1485, in handlePlayGame
    self.handleGenerateWithRequired(di)
  File "otp/distributed/OTPClientRepository.py", line 1949, in handleGenerateWithRequired
    distObj = self.generateWithRequiredFields(dclass, doId, di, parentId, zoneId)
  File "/Developer/Panda3D/direct/distributed/ClientRepositoryBase.py", line 265, in generateWithRequiredFields
    distObj.updateRequiredFields(dclass, di)
  File "/Developer/Panda3D/direct/distributed/DistributedObject.py", line 336, in updateRequiredFields
    dclass.receiveUpdateBroadcastRequired(self, di)
  File "toontown/election/DistributedInvasionSuit.py", line 293, in setHP
    self.updateHealthBar(0, 1)
  File "toontown/suit/Suit.py", line 866, in updateHealthBar
    health = float(self.currHP) / float(self.maxHP)
ZeroDivisionError: float division by zero
/usr/bin/ppython: No module named toontown.toonbase.ToontownStart.py
