ToontownStart: Polling for game2 to finish...
ToontownStart: Game2 is finished.
ToontownStart: Starting the game.
ToontownStart: setting default font
TTLocalizer: Running in language: english
from toontown.toonbase.TTLocalizerEnglish import *
OTPLocalizer: Running in language: english
from otp.otpbase.OTPLocalizerEnglish import *
ToontownStart: Loading default gui sounds
ToontownStart: serverVersion:  ttw-alpha-2.0.0
{401000001: <toontown.distributed.ToontownDistrict.ToontownDistrict instance at 0x12a531830>}
local
1
fisherman origin:  render/scene/toontownCentral/2000:safe_zone/fishing_pond_1/npc_fisherman_origin_0
OnscreenText.configure: mayChange == 0
OnscreenText.configure: mayChange == 0
OnscreenText.configure: mayChange == 0
OnscreenText.configure: mayChange == 0
fisherman origin:  render/scene/donaldsDreamland/9000:safe_zone/fishing_pond_1/npc_fisherman_origin_0
frame rate: 29.0 fps|0.013d|3 avs||378|395||0x0000|0x0000|0.0MB|0.0MB|0.0MB|0|darwin.5.10.9|0.000,0.000|0,0 cpus|OpenGL
Warning: NodePath.remove() is deprecated.  Use remove_node() instead.
Warning: NodePath.remove() is deprecated.  Use remove_node() instead.
Warning: NodePath.remove() is deprecated.  Use remove_node() instead.
Warning: NodePath.remove() is deprecated.  Use remove_node() instead.
Battle Event localtoon-battle-event-3
frame rate: 31.7 fps|0.024d|2 avs||678|695||0x0000|0x0000|0.0MB|0.0MB|0.0MB|0|darwin.5.10.9|0.000,0.000|0,0 cpus|OpenGL
frame rate: 42.2 fps|0.014d|1 avs||978|995||0x0000|0x0000|0.0MB|0.0MB|0.0MB|0|darwin.5.10.9|0.000,0.000|0,0 cpus|OpenGL
Battle Event localtoon-battle-event-8
### newVec3 =  LVector3f(2, 5.3, 1.5)
### newVec3 =  LVector3f(2, 5.3, 0)
### newVec3 =  LVector3f(2, 5.3, 0.375)
### newVec3 =  LVector3f(2, 5.3, 0)
Battle Event localtoon-battle-event-13
Battle Event localtoon-battle-event-18
frame rate: 25.0 fps|0.024d|3 avs||1278|1295||0x0000|0x0000|0.0MB|0.0MB|0.0MB|0|darwin.5.10.9|0.000,0.000|0,0 cpus|OpenGL
Battle Event localtoon-battle-event-23
frame rate: 28.2 fps|0.025d|2 avs||1578|1595||0x0000|0x0000|0.0MB|0.0MB|0.0MB|0|darwin.5.10.9|0.000,0.000|0,0 cpus|OpenGL
Battle Event localtoon-battle-event-28
is uber
frame rate: 30.7 fps|0.013d|3 avs||1878|1895||0x0000|0x0000|0.0MB|0.0MB|0.0MB|0|darwin.5.10.9|0.000,0.000|0,0 cpus|OpenGL
is uber
is uber
is uber
is uber
### newVec3 =  LVector3f(2, 5.3, 1.5)
### newVec3 =  LVector3f(2, 5.3, 0)
### newVec3 =  LVector3f(2, 5.3, 0.375)
### newVec3 =  LVector3f(2, 5.3, 0)
frame rate: 35.9 fps|0.011d|3 avs||2178|2195||0x0000|0x0000|0.0MB|0.0MB|0.0MB|0|darwin.5.10.9|0.000,0.000|0,0 cpus|OpenGL
### newVec3 =  LVector3f(2, 10.3, 1.5)
### newVec3 =  LVector3f(2, 10.3, 0)
### newVec3 =  LVector3f(2, 10.3, 0.375)
### newVec3 =  LVector3f(2, 10.3, 0)
frame rate: 47.0 fps|0.004d|1 avs||2478|2495||0x0000|0x0000|0.0MB|0.0MB|0.0MB|0|darwin.5.10.9|0.000,0.000|0,0 cpus|OpenGL
frame rate: 47.1 fps|0.006d|1 avs||2778|2795||0x0000|0x0000|0.0MB|0.0MB|0.0MB|0|darwin.5.10.9|0.000,0.000|0,0 cpus|OpenGL
frame rate: 49.9 fps|0.003d|1 avs||3078|3095||0x0000|0x0000|0.0MB|0.0MB|0.0MB|0|darwin.5.10.9|0.000,0.000|0,0 cpus|OpenGL
frame rate: 54.8 fps|0.004d|2 avs||3378|3395||0x0000|0x0000|0.0MB|0.0MB|0.0MB|0|darwin.5.10.9|0.000,0.000|0,0 cpus|OpenGL
Warning: NodePath.remove() is deprecated.  Use remove_node() instead.
Warning: NodePath.remove() is deprecated.  Use remove_node() instead.
Warning: NodePath.remove() is deprecated.  Use remove_node() instead.
Warning: NodePath.remove() is deprecated.  Use remove_node() instead.
Traceback (most recent call last):
  File "/Developer/Panda3D/direct/distributed/ConnectionRepository.py", line 613, in readerPollUntilEmpty
    while self.readerPollOnce():
  File "/Developer/Panda3D/direct/distributed/ConnectionRepository.py", line 620, in readerPollOnce
    self.handleDatagram(self.private__di)
  File "otp/distributed/OTPClientRepository.py", line 1878, in handleDatagram
    self.handler(msgType, di)
  File "otp/distributed/OTPClientRepository.py", line 1489, in handlePlayGame
    self.handleUpdateField(di)
  File "otp/distributed/OTPClientRepository.py", line 2196, in handleUpdateField
    self.__doUpdate(doId, di, ovUpdated)
  File "otp/distributed/OTPClientRepository.py", line 2204, in __doUpdate
    do.dclass.receiveUpdate(do, di)
  File "toontown/toon/DistributedToon.py", line 710, in setHp
    DistributedPlayer.DistributedPlayer.setHp(self, hp)
  File "otp/avatar/DistributedAvatar.py", line 132, in setHp
    self.died()
  File "toontown/toon/DistributedToon.py", line 755, in died
    'battle': 1}])
  File "/Developer/Panda3D/direct/fsm/ClassicFSM.py", line 264, in request
    (self.__name, aStateName))
  File "/Developer/Panda3D/direct/directnotify/Notifier.py", line 136, in error
    raise exception(errorString)
StandardError: [ToonInterior]: request: died, no such state
Traceback (most recent call last):
  File "otp/otpbase/OTPBase.py", line 238, in run
    taskMgr.run()
  File "/Developer/Panda3D/direct/task/Task.py", line 503, in run
    self.step()
  File "/Developer/Panda3D/direct/task/Task.py", line 461, in step
    self.mgr.poll()
  File "/Developer/Panda3D/direct/distributed/ConnectionRepository.py", line 613, in readerPollUntilEmpty
    while self.readerPollOnce():
  File "/Developer/Panda3D/direct/distributed/ConnectionRepository.py", line 620, in readerPollOnce
    self.handleDatagram(self.private__di)
  File "otp/distributed/OTPClientRepository.py", line 1878, in handleDatagram
    self.handler(msgType, di)
  File "otp/distributed/OTPClientRepository.py", line 1489, in handlePlayGame
    self.handleUpdateField(di)
  File "otp/distributed/OTPClientRepository.py", line 2196, in handleUpdateField
    self.__doUpdate(doId, di, ovUpdated)
  File "otp/distributed/OTPClientRepository.py", line 2204, in __doUpdate
    do.dclass.receiveUpdate(do, di)
  File "toontown/toon/DistributedToon.py", line 710, in setHp
    DistributedPlayer.DistributedPlayer.setHp(self, hp)
  File "otp/avatar/DistributedAvatar.py", line 132, in setHp
    self.died()
  File "toontown/toon/DistributedToon.py", line 755, in died
    'battle': 1}])
  File "/Developer/Panda3D/direct/fsm/ClassicFSM.py", line 264, in request
    (self.__name, aStateName))
  File "/Developer/Panda3D/direct/directnotify/Notifier.py", line 136, in error
    raise exception(errorString)
StandardError: [ToonInterior]: request: died, no such state
/usr/bin/python: No module named toontown.toonbase.ToontownStart.py
