ToontownStart: Polling for game2 to finish...
ToontownStart: Game2 is finished.
ToontownStart: Starting the game.
ToontownStart: setting default font
TTLocalizer: Running in language: english
from toontown.toonbase.TTLocalizerEnglish import *
OTPLocalizer: Running in language: english
from otp.otpbase.OTPLocalizerEnglish import *
ToontownStart: Loading default gui sounds
ToontownStart: serverVersion:  ttw-alpha-2.0.0
{401000001: <toontown.distributed.ToontownDistrict.ToontownDistrict instance at 0x125cc1830>}
local
1
fisherman origin:  render/scene/donaldsDreamland/9000:safe_zone/fishing_pond_1/npc_fisherman_origin_0
fisherman origin:  hidden/scene/donaldsDreamland/9000:safe_zone/fishing_pond_1/npc_fisherman_origin_0
frame rate: 68.7 fps|0.003d|3 avs||383|394||0x0000|0x0000|0.0MB|0.0MB|0.0MB|0|darwin.5.10.9|0.000,0.000|0,0 cpus|OpenGL
OnscreenText.configure: mayChange == 0
OnscreenText.configure: mayChange == 0
OnscreenText.configure: mayChange == 0
OnscreenText.configure: mayChange == 0
frame rate: 57.4 fps|0.006d|0 avs||683|694||0x0000|0x0000|0.0MB|0.0MB|0.0MB|0|darwin.5.10.9|0.000,0.000|0,0 cpus|OpenGL
frame rate: 16.0 fps|0.051d|59 avs||984|994||0x0000|0x0000|0.0MB|0.0MB|0.0MB|0|darwin.5.10.9|0.000,0.000|0,0 cpus|OpenGL
Battle Event localtoon-battle-event-3
frame rate: 16.0 fps|0.020d|16 avs||1284|1294||0x0000|0x0000|0.0MB|0.0MB|0.0MB|0|darwin.5.10.9|0.000,0.000|0,0 cpus|OpenGL
fisherman origin:  render/scene/theBurrrgh/3000:safe_zone/fishing_pond_1/npc_fisherman_origin_0
frame rate: 29.4 fps|0.010d|3 avs||1584|1594||0x0000|0x0000|0.0MB|0.0MB|0.0MB|0|darwin.5.10.9|0.000,0.000|0,0 cpus|OpenGL
OnscreenText.configure: mayChange == 0
OnscreenText.configure: mayChange == 0
OnscreenText.configure: mayChange == 0
OnscreenText.configure: mayChange == 0
frame rate: 16.2 fps|0.039d|3 avs||1884|1894||0x0000|0x0000|0.0MB|0.0MB|0.0MB|0|darwin.5.10.9|0.000,0.000|0,0 cpus|OpenGL
fisherman origin:  render/scene/theBurrrgh/3000:safe_zone/fishing_pond_1/npc_fisherman_origin_0
OnscreenText.configure: mayChange == 0
OnscreenText.configure: mayChange == 0
OnscreenText.configure: mayChange == 0
OnscreenText.configure: mayChange == 0
OnscreenText.configure: mayChange == 0
OnscreenText.configure: mayChange == 0
OnscreenText.configure: mayChange == 0
OnscreenText.configure: mayChange == 0
Battle Event localtoon-battle-event-24
frame rate: 26.8 fps|0.018d|47 avs||2184|2195||0x0000|0x0000|0.0MB|0.0MB|0.0MB|0|darwin.5.10.9|0.000,0.000|0,0 cpus|OpenGL
frame rate: 12.8 fps|0.044d|3 avs||2484|2494||0x0000|0x0000|0.0MB|0.0MB|0.0MB|0|darwin.5.10.9|0.000,0.000|0,0 cpus|OpenGL
frame rate: 8.8 fps|0.026d|13 avs||2784|2795||0x0000|0x0000|0.0MB|0.0MB|0.0MB|0|darwin.5.10.9|0.000,0.000|0,0 cpus|OpenGL
fisherman origin:  render/scene/theBurrrgh/3000:safe_zone/fishing_pond_1/npc_fisherman_origin_0
frame rate: 20.4 fps|0.016d|4 avs||3084|3095||0x0000|0x0000|0.0MB|0.0MB|0.0MB|0|darwin.5.10.9|0.000,0.000|0,0 cpus|OpenGL
fisherman origin:  hidden/scene/theBurrrgh/3000:safe_zone/fishing_pond_1/npc_fisherman_origin_0
fisherman origin:  hidden/scene/theBurrrgh/3000:safe_zone/fishing_pond_1/npc_fisherman_origin_0
Warning: NodePath.remove() is deprecated.  Use remove_node() instead.
Warning: NodePath.remove() is deprecated.  Use remove_node() instead.
Warning: NodePath.remove() is deprecated.  Use remove_node() instead.
Warning: NodePath.remove() is deprecated.  Use remove_node() instead.
frame rate: 27.6 fps|0.006d|4 avs||3384|3395||0x0000|0x0000|0.0MB|0.0MB|0.0MB|0|darwin.5.10.9|0.000,0.000|0,0 cpus|OpenGL
fisherman origin:  hidden/scene/theBurrrgh/3000:safe_zone/fishing_pond_1/npc_fisherman_origin_0
frame rate: 32.1 fps|0.006d|4 avs||3684|3695||0x0000|0x0000|0.0MB|0.0MB|0.0MB|0|darwin.5.10.9|0.000,0.000|0,0 cpus|OpenGL
frame rate: 22.6 fps|0.014d|4 avs||3984|3995||0x0000|0x0000|0.0MB|0.0MB|0.0MB|0|darwin.5.10.9|0.000,0.000|0,0 cpus|OpenGL
frame rate: 26.4 fps|0.008d|3 avs||4284|4295||0x0000|0x0000|0.0MB|0.0MB|0.0MB|0|darwin.5.10.9|0.000,0.000|0,0 cpus|OpenGL
ignoring InputState-forward
