ToontownStart: Polling for game2 to finish...
ToontownStart: Game2 is finished.
ToontownStart: Starting the game.
ToontownStart: setting default font
TTLocalizer: Running in language: english
from toontown.toonbase.TTLocalizerEnglish import *
OTPLocalizer: Running in language: english
from otp.otpbase.OTPLocalizerEnglish import *
ToontownStart: Loading default gui sounds
ToontownStart: serverVersion:  ttw-alpha-2.0.0
{401000001: <toontown.distributed.ToontownDistrict.ToontownDistrict instance at 0x121b80b90>}
local
3
fisherman origin:  render/scene/toontownCentral/2000:safe_zone/fishing_pond_1/npc_fisherman_origin_0
ignoring InputState-forward
{401000001: <toontown.distributed.ToontownDistrict.ToontownDistrict instance at 0x121b80b90>}
{401000001: <toontown.distributed.ToontownDistrict.ToontownDistrict instance at 0x121b80b90>}
local
3
fisherman origin:  render/scene/toontownCentral/2000:safe_zone/fishing_pond_1/npc_fisherman_origin_0
Battle Event localtoon-battle-event-3
OnscreenText.configure: mayChange == 0
OnscreenText.configure: mayChange == 0
OnscreenText.configure: mayChange == 0
OnscreenText.configure: mayChange == 0
fisherman origin:  render/scene/toontownCentral/2000:safe_zone/fishing_pond_1/npc_fisherman_origin_0
frame rate: 25.1 fps|0.114d|3 avs||672|688||0x0000|0x0000|0.0MB|0.0MB|0.0MB|0|darwin.5.10.9|0.000,0.000|0,0 cpus|OpenGL
Battle Event localtoon-battle-event-8
Battle Event localtoon-battle-event-13
frame rate: 36.1 fps|0.015d|4 avs||972|988||0x0000|0x0000|0.0MB|0.0MB|0.0MB|0|darwin.5.10.9|0.000,0.000|0,0 cpus|OpenGL
Battle Event localtoon-battle-event-18
frame rate: 42.3 fps|0.010d|3 avs||1272|1288||0x0000|0x0000|0.0MB|0.0MB|0.0MB|0|darwin.5.10.9|0.000,0.000|0,0 cpus|OpenGL
Battle Event localtoon-battle-event-23
Battle Event localtoon-battle-event-28
frame rate: 31.5 fps|0.012d|7 avs||1572|1588||0x0000|0x0000|0.0MB|0.0MB|0.0MB|0|darwin.5.10.9|0.000,0.000|0,0 cpus|OpenGL
Battle Event localtoon-battle-event-33
frame rate: 25.4 fps|0.028d|4 avs||1872|1888||0x0000|0x0000|0.0MB|0.0MB|0.0MB|0|darwin.5.10.9|0.000,0.000|0,0 cpus|OpenGL
Battle Event localtoon-battle-event-39
fisherman origin:  render/town_top_level/toontownCentral/2236/fishing_pond_1/npc_fisherman_origin_0
fisherman origin:  render/town_top_level/toontownCentral/2236/fishing_pond_1/npc_fisherman_origin_0
fisherman origin:  render/town_top_level/toontownCentral/2236/fishing_pond_1/npc_fisherman_origin_0
frame rate: 26.7 fps|0.015d|3 avs||2172|2188||0x0000|0x0000|0.0MB|0.0MB|0.0MB|0|darwin.5.10.9|0.000,0.000|0,0 cpus|OpenGL
local
Exception occurred while processing Func-clearTransparency-7529 of Parallel-5879:
Parallel-5879:
  0.000 Parallel-5879 {
  0.000   *Particle-242 dur 3
  0.000   Sequence-5878 {
  0.000     Wait dur 0.2
  0.200     Parallel-5865 {
  0.200       Sequence-5868 {
  0.200         Sequence-5866 {
  0.200           *Func-setTransparency-7526
  0.200           LerpColorScaleInterval-4380: color_scale to 0 1 0 1 dur 0.3
  0.500           *Func-clearTransparency-7527
  0.500         }
  0.500         Sequence-5867 {
  0.500           *Func-setTransparency-7528
  0.500           LerpColorScaleInterval-4381: color_scale to 1 1 1 1 dur 0.3
  0.800           *Func-clearTransparency-7529
  0.800         }
  0.800         *Func-restoreDefaultColorScale-7530
  0.800       }
  0.200       Sequence-5871 {
  0.200         Sequence-5869 {
  0.200           *Func-setTransparency-7531
  0.200           LerpColorScaleInterval-4382: color_scale to 0 1 0 1 dur 0.3
  0.500           *Func-clearTransparency-7532
  0.500         }
  0.500         Sequence-5870 {
  0.500           *Func-setTransparency-7533
  0.500           LerpColorScaleInterval-4383: color_scale to 1 1 1 1 dur 0.3
  0.800           *Func-clearTransparency-7534
  0.800         }
  0.800         *Func-restoreDefaultColorScale-7535
  0.800       }
  0.200       Sequence-5874 {
  0.200         Sequence-5872 {
  0.200           *Func-setTransparency-7536
  0.200           LerpColorScaleInterval-4384: color_scale to 0 1 0 1 dur 0.3
  0.500           *Func-clearTransparency-7537
  0.500         }
  0.500         Sequence-5873 {
  0.500           *Func-setTransparency-7538
  0.500           LerpColorScaleInterval-4385: color_scale to 1 1 1 1 dur 0.3
  0.800           *Func-clearTransparency-7539
  0.800         }
  0.800         *Func-restoreDefaultColorScale-7540
  0.800       }
  0.200       Sequence-5877 {
  0.200         Sequence-5875 {
  0.200           *Func-setTransparency-7541
  0.200           LerpColorScaleInterval-4386: color_scale to 0 1 0 1 dur 0.3
  0.500           *Func-clearTransparency-7542
  0.500         }
  0.500         Sequence-5876 {
  0.500           *Func-setTransparency-7543
  0.500           LerpColorScaleInterval-4387: color_scale to 1 1 1 1 dur 0.3
  0.800           *Func-clearTransparency-7544
  0.800         }
  0.800         *Func-restoreDefaultColorScale-7545
  0.800       }
  0.800     }
  0.800   }
  3.000 }

Traceback (most recent call last):
  File "/Developer/Panda3D/direct/showbase/ShowBase.py", line 1803, in __ivalLoop
    IntervalManager.ivalMgr.step()
  File "/Developer/Panda3D/direct/interval/IntervalManager.py", line 96, in step
    self.__doPythonCallbacks()
  File "/Developer/Panda3D/direct/interval/IntervalManager.py", line 124, in __doPythonCallbacks
    self.ivals[index].privPostEvent()
  File "/Developer/Panda3D/direct/interval/MetaInterval.py", line 518, in privPostEvent
    self.__doPythonCallbacks()
  File "/Developer/Panda3D/direct/interval/MetaInterval.py", line 494, in __doPythonCallbacks
    ival.privDoEvent(t, eventType)
  File "/Developer/Panda3D/direct/interval/Interval.py", line 207, in privDoEvent
    self.privInstant()
  File "/Developer/Panda3D/direct/interval/FunctionInterval.py", line 88, in privInstant
    self.function(*self.extraArgs, **self.kw)
AssertionError: !is_empty() at line 5918 of panda/src/pgraph/nodePath.cxx
Traceback (most recent call last):
  File "otp/otpbase/OTPBase.py", line 238, in run
    taskMgr.run()
  File "/Developer/Panda3D/direct/task/Task.py", line 503, in run
    self.step()
  File "/Developer/Panda3D/direct/task/Task.py", line 461, in step
    self.mgr.poll()
  File "/Developer/Panda3D/direct/showbase/ShowBase.py", line 1803, in __ivalLoop
    IntervalManager.ivalMgr.step()
  File "/Developer/Panda3D/direct/interval/IntervalManager.py", line 96, in step
    self.__doPythonCallbacks()
  File "/Developer/Panda3D/direct/interval/IntervalManager.py", line 124, in __doPythonCallbacks
    self.ivals[index].privPostEvent()
  File "/Developer/Panda3D/direct/interval/MetaInterval.py", line 518, in privPostEvent
    self.__doPythonCallbacks()
  File "/Developer/Panda3D/direct/interval/MetaInterval.py", line 494, in __doPythonCallbacks
    ival.privDoEvent(t, eventType)
  File "/Developer/Panda3D/direct/interval/Interval.py", line 207, in privDoEvent
    self.privInstant()
  File "/Developer/Panda3D/direct/interval/FunctionInterval.py", line 88, in privInstant
    self.function(*self.extraArgs, **self.kw)
AssertionError: !is_empty() at line 5918 of panda/src/pgraph/nodePath.cxx
/usr/bin/python: No module named toontown.toonbase.ToontownStart.py
