ToontownStart: Polling for game2 to finish...
ToontownStart: Game2 is finished.
ToontownStart: Starting the game.
ToontownStart: setting default font
TTLocalizer: Running in language: english
from toontown.toonbase.TTLocalizerEnglish import *
OTPLocalizer: Running in language: english
from otp.otpbase.OTPLocalizerEnglish import *
ToontownStart: Loading default gui sounds
ToontownStart: serverVersion:  ttw-alpha-2.0.0
{401000001: <toontown.distributed.ToontownDistrict.ToontownDistrict instance at 0x1282f0b90>}
local
2
fisherman origin:  render/scene/toontownCentral/2000:safe_zone/fishing_pond_1/npc_fisherman_origin_0
handleButton
ignoring InputState-forward
{401000001: <toontown.distributed.ToontownDistrict.ToontownDistrict instance at 0x1282f0b90>}
local
3
fisherman origin:  render/scene/toontownCentral/2000:safe_zone/fishing_pond_1/npc_fisherman_origin_0
Battle Event localtoon-battle-event-3
frame rate: 20.8 fps|0.056d|3 avs||592|611||0x0000|0x0000|0.0MB|0.0MB|0.0MB|0|darwin.5.10.9|0.000,0.000|0,0 cpus|OpenGL
fisherman origin:  render/town_top_level/toontownCentral/2236/fishing_pond_1/npc_fisherman_origin_0
frame rate: 40.8 fps|0.010d|5 avs||892|911||0x0000|0x0000|0.0MB|0.0MB|0.0MB|0|darwin.5.10.9|0.000,0.000|0,0 cpus|OpenGL
frame rate: 42.0 fps|0.013d|6 avs||1192|1211||0x0000|0x0000|0.0MB|0.0MB|0.0MB|0|darwin.5.10.9|0.000,0.000|0,0 cpus|OpenGL
ignoring InputState-forward
local
3
fisherman origin:  render/scene/toontownCentral/2000:safe_zone/fishing_pond_1/npc_fisherman_origin_0
ToonAvatarDetailPanel None
Battle Event localtoon-battle-event-21
chooseFireOpenShot <function avatarCloseUpThrowShot at 0x120e8ac08>
chooseFireOpenShot <function suitGroupThreeQuarterLeftBehindShot at 0x120e8aa28>
Warning: NodePath.remove() is deprecated.  Use remove_node() instead.
Battle Event localtoon-battle-event-27
frame rate: 25.3 fps|0.127d|4 avs||2262|2281||0x0000|0x0000|0.0MB|0.0MB|0.0MB|0|darwin.5.10.9|0.000,0.000|0,0 cpus|OpenGL
Battle Event localtoon-battle-event-33
### newVec3 =  LVector3f(-1.52588e-05, 5, 1.5)
### newVec3 =  LVector3f(-1.52588e-05, 5, 0)
### newVec3 =  LVector3f(-1.52588e-05, 5, 0.375)
### newVec3 =  LVector3f(-1.52588e-05, 5, 0)
Battle Event localtoon-battle-event-39
frame rate: 25.7 fps|0.065d|4 avs||2562|2582||0x0000|0x0000|0.0MB|0.0MB|0.0MB|0|darwin.5.10.9|0.000,0.000|0,0 cpus|OpenGL
Battle Event localtoon-battle-event-45
Battle Event localtoon-battle-event-51
Exception occurred while processing Sound-675 of movie-track-with-cam-401015606:
movie-track-with-cam-401015606:
  0.000 movie-track-with-cam-401015606 {
  0.000   movie-track-401015606 {
  0.000     Sequence-5135 {
  0.000       toon-attacks {
  0.000         Sequence-5167 {
  0.000           Parallel-5137 {
  0.000             Sequence-5166 {
  0.000               Wait
  0.000               Parallel-5138 {
  0.000                 Sequence-5139 {
  0.000                   Wait
  0.000                   *Func-headsUp-6942
  0.000                   *Actor-throw-985 dur 3.79167
  3.792                   *Func-loop-6943
  3.792                   *Func-setHpr-6944
  3.792                 }
  0.000                 Parallel-5144 {
  0.000                   Sequence-5142 {
  0.000                     Wait dur 2.6
  2.600                     *Sound-666 dur 0.444
  3.044                   }
  0.000                   Sequence-5143 {
  0.000                     Wait dur 2.7
  2.700                     *Sound-667 dur 0.783
  3.483                   }
  3.483                 }
  0.000                 Sequence-5141 {
  0.000                   Wait
  0.000                   *Func-showProps-6945
  0.000                   *Func-__animProp-6946
  0.000                   Parallel-5140 {
  0.000                     LerpScaleInterval-4158: scale from 0.01 0.01 0.01 to 0.75 0.75 0.75 dur 1
  0.000                     LerpScaleInterval-4159: scale from 0.01 0.01 0.01 to 0.75 0.75 0.75 dur 1
  1.000                   }
  1.000                   *Func-needRestoreRenderProp-6948
  1.000                   Wait dur 1.7
  2.700                   *Func-__propPreflight-6947
  2.700                   MovieThrow-pieFly: pos from 0.739746 -5.53302 1.67287 to 0 5 4.63 dur 0.3
  3.000                   *Func-removeProps-6949
  3.000                   *Func-clearRenderProp-6953
  3.000                   *Func-__showProp-6950
  3.000                   *Func-__billboardProp-6951
  3.000                   *Actor-splat-fruitpie-986 dur 0.416667
  3.417                   *Func-removeProp-6952
  3.417                 }
  0.000                 Parallel-5147 {
  0.000                   Sequence-5145 {
  0.000                     Wait dur 3
  3.000                     *Func-showHpText-6954 (!oe)
  3.000                     *Func-updateHealthBar-6955
  3.000                     *Actor-pie-small-react-987 dur 2.25
  5.250                     *Func-loop-6956
  5.250                   }
  0.000                   Sequence-5146 {
  0.000                     Wait dur 3
  3.000                   }
  5.250                 }
  0.000                 Sequence-5148 {
  0.000                   Wait dur 0.5
  0.500                   *Func-headsUp-6957
  0.500                   *Actor-throw-988 dur 3.79167
  4.292                   *Func-loop-6958
  4.292                   *Func-setHpr-6959
  4.292                 }
  0.000                 Parallel-5153 {
  0.000                   Sequence-5151 {
  0.000                     Wait dur 2.6
  2.600                     *Sound-668 dur 0.444
  3.044                   }
  0.000                   Sequence-5152 {
  0.000                     Wait dur 2.7
  2.700                     *Sound-669 dur 0.783
  3.483                   }
  3.483                 }
  0.000                 Sequence-5150 {
  0.000                   Wait dur 0.5
  0.500                   *Func-showProps-6960
  0.500                   *Func-__animProp-6961
  0.500                   Parallel-5149 {
  0.500                     LerpScaleInterval-4160: scale from 0.01 0.01 0.01 to 1 1 1 dur 1
  0.500                     LerpScaleInterval-4161: scale from 0.01 0.01 0.01 to 1 1 1 dur 1
  1.500                   }
  1.500                   *Func-needRestoreRenderProp-6963
  1.500                   Wait dur 1.7
  3.200                   *Func-__propPreflight-6962
  3.200                   MovieThrow-pieFly: pos from -1.88717 -4.53774 2.36989 to 0 5 4.63 dur 0.3
  3.500                   *Func-removeProps-6964
  3.500                   *Func-clearRenderProp-6968
  3.500                   *Func-__showProp-6965
  3.500                   *Func-__billboardProp-6966
  3.500                   *Actor-splat-creampie-989 dur 0.416667
  3.917                   *Func-removeProp-6967
  3.917                 }
  0.000                 Parallel-5165 {
  0.000                   Sequence-5154 {
  0.000                     Wait dur 3.5
  3.500                     *Func-showHpText-6969 (!oe)
  3.500                     *Func-updateHealthBar-6970
  3.500                     *Actor-pie-small-react-990 dur 2.25
  5.750                     Parallel-5164 {
  5.750                       Sequence-5156 {
  5.750                         *Func-debug-6972
  5.750                         *Func-insertReviveSuit-6973
  5.750                         *Func-debug-6974
  5.750                         *Actor-lose-991 dur 6
 11.750                         *Func-debug-6975
 11.750                         *remove-death-suit
 11.750                         *Func-debug-6976
 11.750                         *Func-loop-6977
 11.750                       }
  5.750                       Sequence-5157 {
  5.750                         Wait dur 0.8
  6.550                         *Sound-670 dur 1.2
  7.750                         *Sound-671 dur 3
 10.750                         *Sound-672 dur 1.854
 12.604                       }
  5.750                       gears1Track {
  5.750                         Wait dur 2.1
  7.850                         *Particle-217 dur 4.3
 12.150                       }
  5.750                       gears2MTrack {
  5.750                         Sequence-5158 {
  5.750                           Wait dur 5.4
 11.150                           Sequence-5159 {
 11.150                             *Func-reparentTo-6978
 11.150                             *Func-setPos-6979
 11.150                             *Func-setScale-6980
 11.150                             Wait dur 0.6
 11.750                             *Func-removeProp-6981
 11.750                           }
 11.750                         }
  6.450                         *Particle-218 dur 5.7
 10.950                         *Particle-219 dur 1.2
 11.150                         *Particle-220 dur 1
 12.150                       }
  5.750                       toonMTrack {
  5.750                         Sequence-5160 {
  5.750                           Wait dur 1
  6.750                           *Actor-duck-992 dur 3.75
 10.500                           *Actor-duck-993 dur 1.95
 12.450                           *Func-loop-6982
 12.450                         }
  5.750                         Sequence-5161 {
  5.750                           Wait dur 1
  6.750                           *Actor-duck-994 dur 3.75
 10.500                           *Actor-duck-995 dur 1.95
 12.450                           *Func-loop-6983
 12.450                         }
  5.750                         Sequence-5162 {
  5.750                           Wait dur 1
  6.750                           *Actor-duck-996 dur 3.75
 10.500                           *Actor-duck-997 dur 1.95
 12.450                           *Func-loop-6984
 12.450                         }
  5.750                         Sequence-5163 {
  5.750                           Wait dur 1
  6.750                           *Actor-duck-998 dur 3.75
 10.500                           *Actor-duck-999 dur 1.95
 12.450                           *Func-loop-6985
 12.450                         }
 12.450                       }
 12.604                     }
 12.604                   }
  0.000                   Sequence-5155 {
  0.000                     Wait dur 3.5
  3.500                     Wait dur 0.75
  4.250                     *Func-showHpText-6971 (!oe)
  4.250                   }
 12.604                 }
 12.604               }
 12.604             }
 12.604           }
 12.604           Parallel-5168 {
 12.604           }
 12.604         }
 12.604         Parallel-5170 {
 12.604           Sequence-5203 {
 12.604             Wait
 12.604             Parallel-5171 {
 12.604               Sequence-5172 {
 12.604                 Wait
 12.604                 Parallel-5173 {
 12.604                   Sequence-5174 {
 12.604                     *Actor-spit-1000 dur 4.625
 17.229                     *Func-loop-6988
 17.229                   }
 12.604                   Sequence-5175 {
 12.604                     Wait dur 1.7
 14.304                     *Sound-673 dur 3.134
 17.438                   }
 12.604                   Sequence-5176 {
 12.604                     *Func-showProp-6989
 12.604                     *Actor-glass-1001 dur 4.625
 17.229                     *Func-removeNode-6990
 17.229                     *Func-removeNode-6991
 17.229                     *Func-removeProp-6992
 17.229                   }
 12.604                   Sequence-5178 {
 12.604                     Wait dur 3.41667
 16.021                     Sequence-5177 {
 16.021                       *Func-needRestoreRenderProp-6993
 16.021                       *Func-showSpray-6994
 16.021                       *LerpScaleInterval-4162 dur 0.1
 16.121                       Wait dur 0.1
 16.221                       *Func-prepareToShrinkSpray-6995
 16.221                       LerpScaleInterval-4163: scale from 2.13595 7.11982 2.13595 to 0.01 0.01 0.01 dur 0.1
 16.321                       *Func-hideSpray-6996
 16.321                       *Func-clearRenderProp-6997
 16.321                     }
 16.321                   }
 12.604                   Sequence-5179 {
 12.604                     *Func-needRestoreRenderProp-6998
 12.604                     Wait dur 3.51667
 16.121                     *Func-prepSplash-6999
 16.121                     *Actor-splash-from-splat-1002 dur 0.416667
 16.538                     Wait dur 0.01
 16.548                     *Func-removeProp-7000
 16.548                     *Func-clearRenderProp-7001
 16.548                   }
 12.604                   Parallel-5182 {
 12.604                     Sequence-5180 {
 12.604                       Wait dur 3.51667
 16.121                       *Func-showHpText-7002 (!oe)
 16.121                       *Func-updateHealthBar-7003
 16.121                       *Actor-squirt-small-react-1004 dur 3.95833
 20.079                       *Func-loop-7004
 20.079                     }
 12.604                     Sequence-5181 {
 12.604                       Wait dur 3.51667
 16.121                     }
 20.079                   }
 20.079                 }
 20.079               }
 12.604               Sequence-5183 {
 12.604                 Wait dur 0.5
 13.104                 Parallel-5184 {
 13.104                   Sequence-5185 {
 13.104                     Wait dur 0.7
 13.804                     *Func-headsUp-7005
 13.804                     *Actor-firehose-1005 dur 5.41667
 19.221                     *Func-loop-7006
 19.221                     *Func-setHpr-7007
 19.221                   }
 13.104                   Sequence-5186 {
 13.104                     Wait dur 2.8
 15.904                     *Sound-674 dur 1.227
 17.131                   }
 13.104                   Sequence-5187 {
 13.104                     Wait dur 2.8
 15.904                     Sequence-5188 {
 15.904                       *Func-needRestoreRenderProp-7008
 15.904                       *Func-showSpray-7009
 15.904                       *LerpScaleInterval-4164 dur 0.1
 16.004                       Wait dur 1.8
 17.804                       *Func-prepareToShrinkSpray-7010
 17.804                       LerpScaleInterval-4165: scale from 2.51547 8.38489 2.51547 to 0.01 0.01 0.01 dur 0.1
 17.904                       *Func-hideSpray-7011
 17.904                       *Func-clearRenderProp-7012
 17.904                     }
 17.904                   }
 13.104                   Sequence-5189 {
 13.104                     *Func-needRestoreRenderProp-7013
 13.104                     *Func-reparentTo-7014
 13.104                     LerpScaleInterval-4166: scale from 1 1 0.01 to 1 1 1.4 dur 0.35
 13.454                     LerpScaleInterval-4167: scale from 1 1 1.4 to 1 1 0.8 dur 0.21
 13.664                     LerpScaleInterval-4168: scale from 1 1 0.8 to 1 1 1.2 dur 0.07
 13.734                     LerpScaleInterval-4169: scale from 1 1 1.2 to 1 1 1 dur 0.07
 13.804                     *Actor-firehose-1006 dur 5.1
 18.904                     Wait dur 0.5
 19.404                     LerpScaleInterval-4170: scale from 1 1 1 to 1 1 0.01 dur 0.2
 19.604                     *Func-removeProps-7015
 19.604                     *Func-clearRenderProp-7016
 19.604                   }
 13.104                   Sequence-5190 {
 13.104                     *Func-needRestoreRenderProp-7017
 13.104                     Wait dur 2.7
 15.804                     *Func-prepSplash-7018
 15.804                     *Actor-splash-from-splat-1007 dur 0.416667
 16.221                     Wait dur 1.5
 17.721                     *Func-removeProp-7019
 17.721                     *Func-clearRenderProp-7020
 17.721                   }
 13.104                   Parallel-5202 {
 13.104                     Sequence-5191 {
 13.104                       Wait dur 2.9
 16.004                       *Func-showHpText-7021 (!oe)
 16.004                       *Func-updateHealthBar-7022
 16.004                       *Actor-squirt-large-react-1009 dur 4.79167
 20.796                       Parallel-5201 {
 20.796                         Sequence-5193 {
 20.796                           *Func-debug-7024
 20.796                           *Func-insertDeathSuit-7025
 20.796                           *Func-debug-7026
 20.796                           *Actor-lose-1010 dur 6
 26.796                           *Func-debug-7027
 26.796                           *remove-death-suit
 26.796                           *Func-debug-7028
 26.796                         }
 20.796                         Sequence-5194 {
 20.796                           Wait dur 0.8
 21.596                           *Sound-675 dur 1.2
 22.796                           *Sound-676 dur 3
 25.796                           *Sound-677 dur 1.854
 27.650                         }
 20.796                         gears1Track {
 20.796                           Wait dur 2.1
 22.896                           *Particle-221 dur 4.3
 27.196                         }
 20.796                         gears2MTrack {
 20.796                           Sequence-5195 {
 20.796                             Wait dur 5.4
 26.196                             Sequence-5196 {
 26.196                               *Func-reparentTo-7029
 26.196                               *Func-setPos-7030
 26.196                               *Func-setScale-7031
 26.196                               Wait dur 0.6
 26.796                               *Func-removeProp-7032
 26.796                             }
 26.796                           }
 21.496                           *Particle-222 dur 5.7
 25.996                           *Particle-223 dur 1.2
 26.196                           *Particle-224 dur 1
 27.196                         }
 20.796                         toonMTrack {
 20.796                           Sequence-5197 {
 20.796                             Wait dur 1
 21.796                             *Actor-duck-1011 dur 3.75
 25.546                             *Actor-duck-1012 dur 1.95
 27.496                             *Func-loop-7033
 27.496                           }
 20.796                           Sequence-5198 {
 20.796                             Wait dur 1
 21.796                             *Actor-duck-1013 dur 3.75
 25.546                             *Actor-duck-1014 dur 1.95
 27.496                             *Func-loop-7034
 27.496                           }
 20.796                           Sequence-5199 {
 20.796                             Wait dur 1
 21.796                             *Actor-duck-1015 dur 3.75
 25.546                             *Actor-duck-1016 dur 1.95
 27.496                             *Func-loop-7035
 27.496                           }
 20.796                           Sequence-5200 {
 20.796                             Wait dur 1
 21.796                             *Actor-duck-1017 dur 3.75
 25.546                             *Actor-duck-1018 dur 1.95
 27.496                             *Func-loop-7036
 27.496                           }
 27.496                         }
 27.650                       }
 27.650                     }
 13.104                     Sequence-5192 {
 13.104                       Wait dur 2.9
 16.004                       Wait dur 0.75
 16.754                       *Func-showHpText-7023 (!oe)
 16.754                     }
 27.650                   }
 27.650                 }
 27.650               }
 27.650             }
 27.650           }
 27.650         }
 27.650       }
 27.650       *Func-__handleMovieDone-7039
 27.650     }
 27.650   }
  0.000   Sequence-5205 {
  0.000     Sequence-5136 {
  0.000       toon-attacks-cam {
  0.000         Sequence-5169 {
  0.000           allGroupLowShot {
  0.000             *Func-setPosHpr-6986
  0.000             Wait dur 3
  3.000           }
  3.000           allGroupLowShot {
  3.000             *Func-setPosHpr-6987
  3.000             Wait dur 9.604
 12.604           }
 12.604         }
 12.604         Sequence-5204 {
 12.604           allGroupLowShot {
 12.604             *Func-setPosHpr-7037
 12.604             Wait dur 3
 15.604           }
 15.604           suitGroupThreeQuarterLeftBehindShot {
 15.604             *Func-setPosHpr-7038
 15.604             Wait dur 12.046
 27.650           }
 27.650         }
 27.650       }
 27.650     }
 27.650   }
 27.650 }

Traceback (most recent call last):
  File "/Developer/Panda3D/direct/showbase/ShowBase.py", line 1803, in __ivalLoop
    IntervalManager.ivalMgr.step()
  File "/Developer/Panda3D/direct/interval/IntervalManager.py", line 96, in step
    self.__doPythonCallbacks()
  File "/Developer/Panda3D/direct/interval/IntervalManager.py", line 124, in __doPythonCallbacks
    self.ivals[index].privPostEvent()
  File "/Developer/Panda3D/direct/interval/MetaInterval.py", line 518, in privPostEvent
    self.__doPythonCallbacks()
  File "/Developer/Panda3D/direct/interval/MetaInterval.py", line 494, in __doPythonCallbacks
    ival.privDoEvent(t, eventType)
  File "/Developer/Panda3D/direct/interval/Interval.py", line 209, in privDoEvent
    self.privInitialize(t)
  File "/Developer/Panda3D/direct/interval/SoundInterval.py", line 98, in privInitialize
    listenerNode = self.listenerNode, cutoff = self.cutOff)
  File "/Developer/Panda3D/direct/showbase/SfxPlayer.py", line 76, in playSfx
    self.setFinalVolume(sfx, node, volume, listenerNode, cutoff)
  File "/Developer/Panda3D/direct/showbase/SfxPlayer.py", line 97, in setFinalVolume
    finalVolume *= node.getNetAudioVolume()
AssertionError: _error_type == ET_ok at line 515 of panda/src/pgraph/nodePath.I
Traceback (most recent call last):
  File "otp/otpbase/OTPBase.py", line 238, in run
    taskMgr.run()
  File "/Developer/Panda3D/direct/task/Task.py", line 503, in run
    self.step()
  File "/Developer/Panda3D/direct/task/Task.py", line 461, in step
    self.mgr.poll()
  File "/Developer/Panda3D/direct/showbase/ShowBase.py", line 1803, in __ivalLoop
    IntervalManager.ivalMgr.step()
  File "/Developer/Panda3D/direct/interval/IntervalManager.py", line 96, in step
    self.__doPythonCallbacks()
  File "/Developer/Panda3D/direct/interval/IntervalManager.py", line 124, in __doPythonCallbacks
    self.ivals[index].privPostEvent()
  File "/Developer/Panda3D/direct/interval/MetaInterval.py", line 518, in privPostEvent
    self.__doPythonCallbacks()
  File "/Developer/Panda3D/direct/interval/MetaInterval.py", line 494, in __doPythonCallbacks
    ival.privDoEvent(t, eventType)
  File "/Developer/Panda3D/direct/interval/Interval.py", line 209, in privDoEvent
    self.privInitialize(t)
  File "/Developer/Panda3D/direct/interval/SoundInterval.py", line 98, in privInitialize
    listenerNode = self.listenerNode, cutoff = self.cutOff)
  File "/Developer/Panda3D/direct/showbase/SfxPlayer.py", line 76, in playSfx
    self.setFinalVolume(sfx, node, volume, listenerNode, cutoff)
  File "/Developer/Panda3D/direct/showbase/SfxPlayer.py", line 97, in setFinalVolume
    finalVolume *= node.getNetAudioVolume()
AssertionError: _error_type == ET_ok at line 515 of panda/src/pgraph/nodePath.I
/usr/bin/python: No module named toontown.toonbase.ToontownStart.py
