ToontownStart: Polling for game2 to finish...
ToontownStart: Game2 is finished.
ToontownStart: Starting the game.
ToontownStart: setting default font
TTLocalizer: Running in language: english
from toontown.toonbase.TTLocalizerEnglish import *
OTPLocalizer: Running in language: english
from otp.otpbase.OTPLocalizerEnglish import *
ToontownStart: Loading default gui sounds
ToontownStart: serverVersion:  ttw-alpha-dev-build-2.0.0
{401000001: <toontown.distributed.ToontownDistrict.ToontownDistrict instance at 0x11b1d0f80>}
local
3
Warning: NodePath.remove() is deprecated.  Use remove_node() instead.
Warning: NodePath.remove() is deprecated.  Use remove_node() instead.
Warning: NodePath.remove() is deprecated.  Use remove_node() instead.
Warning: NodePath.remove() is deprecated.  Use remove_node() instead.
Warning: NodePath.remove() is deprecated.  Use remove_node() instead.
Warning: NodePath.remove() is deprecated.  Use remove_node() instead.
fisherman origin:  render/scene/toontownCentral/2000:safe_zone/fishing_pond_1/npc_fisherman_origin_0
Traceback (most recent call last):
  File "/Developer/Panda3D/direct/showbase/EventManager.py", line 61, in eventLoopTask
    self.doEvents()
  File "/Developer/Panda3D/direct/showbase/EventManager.py", line 55, in doEvents
    processFunc(self.eventQueue.dequeueEvent())
  File "/Developer/Panda3D/direct/showbase/EventManager.py", line 122, in processEvent
    messenger.send(eventName, paramList)
  File "/Developer/Panda3D/direct/showbase/Messenger.py", line 397, in send
    self.__dispatch(acceptorDict, event, sentArgs, foundWatch)
  File "/Developer/Panda3D/direct/showbase/Messenger.py", line 482, in __dispatch
    method (*(extraArgs + sentArgs))
  File "toontown/toon/LocalToon.py", line 839, in __pieHit
    splat = self.getPieSplatInterval(pos[0], pos[1], pos[2], pieCode)
  File "toontown/toon/Toon.py", line 3106, in getPieSplatInterval
    splat = BattleProps.globalPropPool.getProp(splatName)
  File "toontown/battle/BattleProps.py", line 393, in getProp
    return self.__getPropCopy(name)
  File "toontown/battle/BattleProps.py", line 396, in __getPropCopy
    if self.propTypes[name] == 'actor':
KeyError: 'splat-wedding-cake'
Traceback (most recent call last):
  File "otp/otpbase/OTPBase.py", line 238, in run
    taskMgr.run()
  File "/Developer/Panda3D/direct/task/Task.py", line 503, in run
    self.step()
  File "/Developer/Panda3D/direct/task/Task.py", line 461, in step
    self.mgr.poll()
  File "/Developer/Panda3D/direct/showbase/EventManager.py", line 61, in eventLoopTask
    self.doEvents()
  File "/Developer/Panda3D/direct/showbase/EventManager.py", line 55, in doEvents
    processFunc(self.eventQueue.dequeueEvent())
  File "/Developer/Panda3D/direct/showbase/EventManager.py", line 122, in processEvent
    messenger.send(eventName, paramList)
  File "/Developer/Panda3D/direct/showbase/Messenger.py", line 397, in send
    self.__dispatch(acceptorDict, event, sentArgs, foundWatch)
  File "/Developer/Panda3D/direct/showbase/Messenger.py", line 482, in __dispatch
    method (*(extraArgs + sentArgs))
  File "toontown/toon/LocalToon.py", line 839, in __pieHit
    splat = self.getPieSplatInterval(pos[0], pos[1], pos[2], pieCode)
  File "toontown/toon/Toon.py", line 3106, in getPieSplatInterval
    splat = BattleProps.globalPropPool.getProp(splatName)
  File "toontown/battle/BattleProps.py", line 393, in getProp
    return self.__getPropCopy(name)
  File "toontown/battle/BattleProps.py", line 396, in __getPropCopy
    if self.propTypes[name] == 'actor':
KeyError: 'splat-wedding-cake'
/usr/bin/ppython: No module named toontown.toonbase.ToontownStart.py
