ToontownStart: Polling for game2 to finish...
ToontownStart: Game2 is finished.
ToontownStart: Starting the game.
ToontownStart: setting default font
TTLocalizer: Running in language: english
from toontown.toonbase.TTLocalizerEnglish import *
OTPLocalizer: Running in language: english
from otp.otpbase.OTPLocalizerEnglish import *
ToontownStart: Loading default gui sounds
ToontownStart: serverVersion:  ttw-alpha-2.0.0
{401000001: <toontown.distributed.ToontownDistrict.ToontownDistrict instance at 0x121f77b90>}
local
2
Warning: NodePath.remove() is deprecated.  Use remove_node() instead.
Warning: NodePath.remove() is deprecated.  Use remove_node() instead.
Warning: NodePath.remove() is deprecated.  Use remove_node() instead.
Warning: NodePath.remove() is deprecated.  Use remove_node() instead.
Warning: NodePath.remove() is deprecated.  Use remove_node() instead.
Warning: NodePath.remove() is deprecated.  Use remove_node() instead.
fisherman origin:  render/scene/toontownCentral/2000:safe_zone/fishing_pond_1/npc_fisherman_origin_0
frame rate: 23.4 fps|0.008d|6 avs||384|399||0x0000|0x0000|0.0MB|0.0MB|0.0MB|0|darwin.5.10.9|0.000,0.000|0,0 cpus|OpenGL
frame rate: 23.3 fps|0.021d|6 avs||684|699||0x0000|0x0000|0.0MB|0.0MB|0.0MB|0|darwin.5.10.9|0.000,0.000|0,0 cpus|OpenGL
frame rate: 20.7 fps|0.013d|6 avs||984|999||0x0000|0x0000|0.0MB|0.0MB|0.0MB|0|darwin.5.10.9|0.000,0.000|0,0 cpus|OpenGL
frame rate: 20.0 fps|0.018d|6 avs||1284|1299||0x0000|0x0000|0.0MB|0.0MB|0.0MB|0|darwin.5.10.9|0.000,0.000|0,0 cpus|OpenGL
ignoring InputState-forward
